2023-02-28 15:13:42,313 - DEBUG - COM14: TX: 61693d1c762b41d8f75f7902f6c1fa8b81633f4f357f50312518f68a9902e5ac993a5ad5b0143f56db74715cfd44e9c9a83e9ef5cb1bb67b8b79e226363b0f07080ec63aeafd616f2e1d801c94564e62ce66ee1ea68d59c6599c93b13dba6f94e409
2023-02-28 15:13:42,324 - DEBUG - COM14: RX: 03846900
2023-02-28 15:13:42,324 - DEBUG - COM14: parsed_packet {event: CmdRsp, data: {'opcode': 105, 'status': 0, 'data': ''}}
2023-02-28 15:13:42,324 - DEBUG - COM14: TX: 059f01000100
2023-02-28 15:13:42,324 - INFO - COM14: Success
2023-02-28 15:13:42,326 - DEBUG - COM14: RX: 03849f8e
2023-02-28 15:13:42,327 - DEBUG - COM14: parsed_packet {event: CmdRsp, data: {'opcode': 159, 'status': 142, 'data': ''}}
2023-02-28 15:13:42,327 - DEBUG - COM14: TX: 1392000018eed9c2a56add85049ffc3c59ad0e12
2023-02-28 15:13:42,327 - ERROR - COM14: None: ERROR_REJECTED
2023-02-28 15:13:42,330 - DEBUG - COM14: RX: 03849281
2023-02-28 15:13:42,330 - DEBUG - COM14: parsed_packet {event: CmdRsp, data: {'opcode': 146, 'status': 129, 'data': ''}}
2023-02-28 15:13:42,330 - DEBUG - COM14: TX: 1597000000004f68ad85d9f48ac8589df665b6b49b8a
2023-02-28 15:13:42,330 - ERROR - COM14: SubnetAdd: ERROR_INTERNAL
2023-02-28 15:13:42,335 - DEBUG - COM14: RX: 03849781
2023-02-28 15:13:42,335 - DEBUG - COM14: parsed_packet {event: CmdRsp, data: {'opcode': 151, 'status': 129, 'data': ''}}
2023-02-28 15:13:42,335 - DEBUG - COM14: TX: 1597010000002aa2a6ded5a0798ceab5787ca3ae39fc
2023-02-28 15:13:42,335 - ERROR - COM14: AppkeyAdd: ERROR_INTERNAL
2023-02-28 15:13:42,339 - DEBUG - COM14: RX: 03849781
2023-02-28 15:13:42,339 - DEBUG - COM14: parsed_packet {event: CmdRsp, data: {'opcode': 151, 'status': 129, 'data': ''}}
2023-02-28 15:13:42,339 - ERROR - COM14: AppkeyAdd: ERROR_INTERNAL
2023-02-28 15:13:49,964 - DEBUG - COM14: TX: 61691f9784826297e94988a3b62297ed26e434abcc4d09e5646f4b0790ebae987ce7c3be0147f916766a2addc8368cf723f8a8dc37063a96f1bba8655630991798fb30270cce1a5d06b575a4dcd3e0ad4849ede022683b162a4f90929defcce797f3
2023-02-28 15:13:49,974 - DEBUG - COM14: RX: 03846900
2023-02-28 15:13:49,974 - DEBUG - COM14: parsed_packet {event: CmdRsp, data: {'opcode': 105, 'status': 0, 'data': ''}}
2023-02-28 15:13:49,974 - DEBUG - COM14: TX: 059f01000100
2023-02-28 15:13:49,974 - INFO - COM14: Success
2023-02-28 15:13:49,977 - DEBUG - COM14: RX: 03849f8e
2023-02-28 15:13:49,977 - DEBUG - COM14: parsed_packet {event: CmdRsp, data: {'opcode': 159, 'status': 142, 'data': ''}}
2023-02-28 15:13:49,977 - DEBUG - COM14: TX: 1392000018eed9c2a56add85049ffc3c59ad0e12
2023-02-28 15:13:49,977 - ERROR - COM14: None: ERROR_REJECTED
2023-02-28 15:13:49,981 - DEBUG - COM14: RX: 03849281
2023-02-28 15:13:49,981 - DEBUG - COM14: parsed_packet {event: CmdRsp, data: {'opcode': 146, 'status': 129, 'data': ''}}
2023-02-28 15:13:49,981 - DEBUG - COM14: TX: 1597000000004f68ad85d9f48ac8589df665b6b49b8a
2023-02-28 15:13:49,981 - ERROR - COM14: SubnetAdd: ERROR_INTERNAL
2023-02-28 15:13:49,984 - DEBUG - COM14: RX: 03849781
2023-02-28 15:13:49,984 - DEBUG - COM14: parsed_packet {event: CmdRsp, data: {'opcode': 151, 'status': 129, 'data': ''}}
2023-02-28 15:13:49,984 - DEBUG - COM14: TX: 1597010000002aa2a6ded5a0798ceab5787ca3ae39fc
2023-02-28 15:13:49,984 - ERROR - COM14: AppkeyAdd: ERROR_INTERNAL
2023-02-28 15:13:49,989 - DEBUG - COM14: RX: 03849781
2023-02-28 15:13:49,989 - DEBUG - COM14: parsed_packet {event: CmdRsp, data: {'opcode': 151, 'status': 129, 'data': ''}}
2023-02-28 15:13:49,989 - ERROR - COM14: AppkeyAdd: ERROR_INTERNAL
