2023-02-28 15:10:53,284 - DEBUG - COM14: TX: 6169ca8ad9361559014e01ff5ccd706b31d28e2f4a87b81ae37d608ab2618d06d09f3042e9d0b153e9c2bf78134414530593068714cfaa4d6f2321ac24a1c3ab6577c753aad5fcd01252857be50a5d5f5880173093d1b5e8515ca4da69d9cf233835
2023-02-28 15:10:53,295 - DEBUG - COM14: RX: 03846900
2023-02-28 15:10:53,295 - DEBUG - COM14: parsed_packet {event: CmdRsp, data: {'opcode': 105, 'status': 0, 'data': ''}}
2023-02-28 15:10:53,295 - DEBUG - COM14: TX: 059f01000100
2023-02-28 15:10:53,295 - INFO - COM14: Success
2023-02-28 15:10:53,296 - DEBUG - COM14: RX: 03849f8e
2023-02-28 15:10:53,296 - DEBUG - COM14: parsed_packet {event: CmdRsp, data: {'opcode': 159, 'status': 142, 'data': ''}}
2023-02-28 15:10:53,297 - DEBUG - COM14: TX: 1392000018eed9c2a56add85049ffc3c59ad0e12
2023-02-28 15:10:53,296 - ERROR - COM14: None: ERROR_REJECTED
2023-02-28 15:10:53,301 - DEBUG - COM14: RX: 03849281
2023-02-28 15:10:53,301 - DEBUG - COM14: parsed_packet {event: CmdRsp, data: {'opcode': 146, 'status': 129, 'data': ''}}
2023-02-28 15:10:53,301 - DEBUG - COM14: TX: 1597000000004f68ad85d9f48ac8589df665b6b49b8a
2023-02-28 15:10:53,301 - ERROR - COM14: SubnetAdd: ERROR_INTERNAL
2023-02-28 15:10:53,305 - DEBUG - COM14: RX: 03849781
2023-02-28 15:10:53,305 - DEBUG - COM14: parsed_packet {event: CmdRsp, data: {'opcode': 151, 'status': 129, 'data': ''}}
2023-02-28 15:10:53,305 - DEBUG - COM14: TX: 1597010000002aa2a6ded5a0798ceab5787ca3ae39fc
2023-02-28 15:10:53,305 - ERROR - COM14: AppkeyAdd: ERROR_INTERNAL
2023-02-28 15:10:53,308 - DEBUG - COM14: RX: 03849781
2023-02-28 15:10:53,308 - DEBUG - COM14: parsed_packet {event: CmdRsp, data: {'opcode': 151, 'status': 129, 'data': ''}}
2023-02-28 15:10:53,308 - ERROR - COM14: AppkeyAdd: ERROR_INTERNAL
2023-02-28 15:10:59,495 - DEBUG - COM14: exited read event
