2023-02-27 18:17:27,252 - DEBUG - COM12: TX: 61696fba6d513fb534fb58b7d26a49e77cfca62298d58bc3889ab13b38c1ee18e5ed569cb3de287c30edcaeb0c8c10031cae8a1681de1075e8c0373310f92ee0ef02846ec3a3ac890919c33fe0fc1e21558189af7412984924a21a58b75998499c0a
2023-02-27 18:17:29,257 - INFO - COM12: cmd KeypairSet, timeout waiting for event
2023-02-27 18:17:29,258 - DEBUG - COM12: TX: 059f01000100
2023-02-27 18:17:31,272 - INFO - COM12: cmd AddrLocalUnicastSet, timeout waiting for event
2023-02-27 18:17:31,273 - DEBUG - COM12: TX: 1392000018eed9c2a56add85049ffc3c59ad0e12
2023-02-27 18:17:33,274 - INFO - COM12: cmd SubnetAdd, timeout waiting for event
2023-02-27 18:17:33,275 - DEBUG - COM12: TX: 1597000000004f68ad85d9f48ac8589df665b6b49b8a
2023-02-27 18:17:35,278 - INFO - COM12: cmd AppkeyAdd, timeout waiting for event
2023-02-27 18:17:35,278 - DEBUG - COM12: TX: 1597010000002aa2a6ded5a0798ceab5787ca3ae39fc
2023-02-27 18:17:37,280 - INFO - COM12: cmd AppkeyAdd, timeout waiting for event
2023-02-27 18:17:48,765 - DEBUG - COM12: TX: 61694dd3ca0a06098decdd4405cd036df60d8a939ddba7cbdd830258639804367fc41c0495088e78a0234d7c6d0ead41d4849b21b263d29fb14ea5eacfb540c778e6cf1fad13a7a433def914afa755ae72c4fc6f76fb6511b56ae44ad192cdee208e
2023-02-27 18:17:50,767 - INFO - COM12: cmd KeypairSet, timeout waiting for event
2023-02-27 18:17:50,768 - DEBUG - COM12: TX: 059f01000100
2023-02-27 18:17:52,782 - INFO - COM12: cmd AddrLocalUnicastSet, timeout waiting for event
2023-02-27 18:17:52,783 - DEBUG - COM12: TX: 1392000018eed9c2a56add85049ffc3c59ad0e12
2023-02-27 18:17:54,795 - INFO - COM12: cmd SubnetAdd, timeout waiting for event
2023-02-27 18:17:54,796 - DEBUG - COM12: TX: 1597000000004f68ad85d9f48ac8589df665b6b49b8a
2023-02-27 18:17:56,798 - INFO - COM12: cmd AppkeyAdd, timeout waiting for event
2023-02-27 18:17:56,799 - DEBUG - COM12: TX: 1597010000002aa2a6ded5a0798ceab5787ca3ae39fc
2023-02-27 18:17:58,813 - INFO - COM12: cmd AppkeyAdd, timeout waiting for event
2023-02-27 18:18:24,798 - DEBUG - COM12: TX: 616996406ac66b6aa0406eedd634ed00ca51c60213e7e5d5dc66849352bfc72d545702fe03ae423e49353f08faa61787e18de271b0a0a3fb1e8e80e5edf0d998bbe4a5fde57ca935343e54f7c94d9f5f1302ac900b4867ccfcc50ed4419bb99f35b7
2023-02-27 18:18:26,802 - INFO - COM12: cmd KeypairSet, timeout waiting for event
2023-02-27 18:18:26,802 - DEBUG - COM12: TX: 059f01000100
2023-02-27 18:18:28,810 - INFO - COM12: cmd AddrLocalUnicastSet, timeout waiting for event
2023-02-27 18:18:28,810 - DEBUG - COM12: TX: 1392000018eed9c2a56add85049ffc3c59ad0e12
2023-02-27 18:18:30,826 - INFO - COM12: cmd SubnetAdd, timeout waiting for event
2023-02-27 18:18:30,826 - DEBUG - COM12: TX: 1597000000004f68ad85d9f48ac8589df665b6b49b8a
2023-02-27 18:18:32,838 - INFO - COM12: cmd AppkeyAdd, timeout waiting for event
2023-02-27 18:18:32,838 - DEBUG - COM12: TX: 1597010000002aa2a6ded5a0798ceab5787ca3ae39fc
2023-02-27 18:18:34,852 - INFO - COM12: cmd AppkeyAdd, timeout waiting for event
2023-02-27 18:18:44,390 - DEBUG - COM12: exited read event
