2023-02-28 15:16:09,694 - DEBUG - COM14: TX: 61697205d197c599efefa0ada3a5d7224fc2e9750609035756d0375dfbb24fd7a2d3d7359809945d2ce253a9a047bb3f1c75528ec7267ac663e18184b7e61e97384ac00b54a934d2df5b828db0351ccfd05e511e27f5cff57fb1e6af9ac79cfba85b
2023-02-28 15:16:09,705 - DEBUG - COM14: RX: 03846900
2023-02-28 15:16:09,705 - DEBUG - COM14: parsed_packet {event: CmdRsp, data: {'opcode': 105, 'status': 0, 'data': ''}}
2023-02-28 15:16:09,705 - DEBUG - COM14: TX: 059f01000100
2023-02-28 15:16:09,705 - INFO - COM14: Success
2023-02-28 15:16:09,707 - DEBUG - COM14: RX: 03849f8e
2023-02-28 15:16:09,707 - DEBUG - COM14: parsed_packet {event: CmdRsp, data: {'opcode': 159, 'status': 142, 'data': ''}}
2023-02-28 15:16:09,708 - DEBUG - COM14: TX: 1392000018eed9c2a56add85049ffc3c59ad0e12
2023-02-28 15:16:09,708 - ERROR - COM14: None: ERROR_REJECTED
2023-02-28 15:16:09,712 - DEBUG - COM14: RX: 03849281
2023-02-28 15:16:09,712 - DEBUG - COM14: parsed_packet {event: CmdRsp, data: {'opcode': 146, 'status': 129, 'data': ''}}
2023-02-28 15:16:09,712 - DEBUG - COM14: TX: 1597000000004f68ad85d9f48ac8589df665b6b49b8a
2023-02-28 15:16:09,712 - ERROR - COM14: SubnetAdd: ERROR_INTERNAL
2023-02-28 15:16:09,715 - DEBUG - COM14: RX: 03849781
2023-02-28 15:16:09,715 - DEBUG - COM14: parsed_packet {event: CmdRsp, data: {'opcode': 151, 'status': 129, 'data': ''}}
2023-02-28 15:16:09,715 - DEBUG - COM14: TX: 1597010000002aa2a6ded5a0798ceab5787ca3ae39fc
2023-02-28 15:16:09,715 - ERROR - COM14: AppkeyAdd: ERROR_INTERNAL
2023-02-28 15:16:09,720 - DEBUG - COM14: RX: 03849781
2023-02-28 15:16:09,720 - DEBUG - COM14: parsed_packet {event: CmdRsp, data: {'opcode': 151, 'status': 129, 'data': ''}}
2023-02-28 15:16:09,720 - ERROR - COM14: AppkeyAdd: ERROR_INTERNAL
2023-02-28 15:16:28,918 - DEBUG - COM14: TX: 61690497d526cd70f6ab432f884ef8d378563408d6faaf3afe5003b7e875299b4e753784492057f8caefd07891a66f6a6c5f8c2744e84f628c2a0a613e26f1f66393802ef1dca1c674c1c47decff04d0c636a344c3ee25a62b53a10188f4d6805488
2023-02-28 15:16:28,929 - DEBUG - COM14: RX: 03846900
2023-02-28 15:16:28,929 - DEBUG - COM14: parsed_packet {event: CmdRsp, data: {'opcode': 105, 'status': 0, 'data': ''}}
2023-02-28 15:16:28,929 - DEBUG - COM14: TX: 059f01000100
2023-02-28 15:16:28,929 - INFO - COM14: Success
2023-02-28 15:16:28,931 - DEBUG - COM14: RX: 03849f8e
2023-02-28 15:16:28,931 - DEBUG - COM14: parsed_packet {event: CmdRsp, data: {'opcode': 159, 'status': 142, 'data': ''}}
2023-02-28 15:16:28,931 - DEBUG - COM14: TX: 1392000018eed9c2a56add85049ffc3c59ad0e12
2023-02-28 15:16:28,931 - ERROR - COM14: None: ERROR_REJECTED
2023-02-28 15:16:28,934 - DEBUG - COM14: RX: 03849281
2023-02-28 15:16:28,934 - DEBUG - COM14: parsed_packet {event: CmdRsp, data: {'opcode': 146, 'status': 129, 'data': ''}}
2023-02-28 15:16:28,934 - DEBUG - COM14: TX: 1597000000004f68ad85d9f48ac8589df665b6b49b8a
2023-02-28 15:16:28,934 - ERROR - COM14: SubnetAdd: ERROR_INTERNAL
2023-02-28 15:16:28,937 - DEBUG - COM14: RX: 03849781
2023-02-28 15:16:28,937 - DEBUG - COM14: parsed_packet {event: CmdRsp, data: {'opcode': 151, 'status': 129, 'data': ''}}
2023-02-28 15:16:28,938 - DEBUG - COM14: TX: 1597010000002aa2a6ded5a0798ceab5787ca3ae39fc
2023-02-28 15:16:28,937 - ERROR - COM14: AppkeyAdd: ERROR_INTERNAL
2023-02-28 15:16:28,941 - DEBUG - COM14: RX: 03849781
2023-02-28 15:16:28,941 - DEBUG - COM14: parsed_packet {event: CmdRsp, data: {'opcode': 151, 'status': 129, 'data': ''}}
2023-02-28 15:16:28,941 - ERROR - COM14: AppkeyAdd: ERROR_INTERNAL
2023-02-28 15:16:33,033 - DEBUG - COM14: TX: 616954bbc8dbceaf33dacf9eac98b8d8208d73ed85207b35f0720518528065413dd90e7f9b087b828f46768dea9c7f5700d2dda02165e88cf1e62889c6ca27fa5f3337bc0a236e28256cc973587fec8b4479a6c991e7357c840b045bf50e2271335f
2023-02-28 15:16:33,043 - DEBUG - COM14: RX: 03846900
2023-02-28 15:16:33,043 - DEBUG - COM14: parsed_packet {event: CmdRsp, data: {'opcode': 105, 'status': 0, 'data': ''}}
2023-02-28 15:16:33,043 - DEBUG - COM14: TX: 059f01000100
2023-02-28 15:16:33,043 - INFO - COM14: Success
2023-02-28 15:16:33,045 - DEBUG - COM14: RX: 03849f8e
2023-02-28 15:16:33,045 - DEBUG - COM14: parsed_packet {event: CmdRsp, data: {'opcode': 159, 'status': 142, 'data': ''}}
2023-02-28 15:16:33,045 - DEBUG - COM14: TX: 1392000018eed9c2a56add85049ffc3c59ad0e12
2023-02-28 15:16:33,045 - ERROR - COM14: None: ERROR_REJECTED
2023-02-28 15:16:33,050 - DEBUG - COM14: RX: 03849281
2023-02-28 15:16:33,050 - DEBUG - COM14: parsed_packet {event: CmdRsp, data: {'opcode': 146, 'status': 129, 'data': ''}}
2023-02-28 15:16:33,050 - DEBUG - COM14: TX: 1597000000004f68ad85d9f48ac8589df665b6b49b8a
2023-02-28 15:16:33,050 - ERROR - COM14: SubnetAdd: ERROR_INTERNAL
2023-02-28 15:16:33,054 - DEBUG - COM14: RX: 03849781
2023-02-28 15:16:33,054 - DEBUG - COM14: parsed_packet {event: CmdRsp, data: {'opcode': 151, 'status': 129, 'data': ''}}
2023-02-28 15:16:33,054 - DEBUG - COM14: TX: 1597010000002aa2a6ded5a0798ceab5787ca3ae39fc
2023-02-28 15:16:33,054 - ERROR - COM14: AppkeyAdd: ERROR_INTERNAL
2023-02-28 15:16:33,058 - DEBUG - COM14: RX: 03849781
2023-02-28 15:16:33,058 - DEBUG - COM14: parsed_packet {event: CmdRsp, data: {'opcode': 151, 'status': 129, 'data': ''}}
2023-02-28 15:16:33,058 - ERROR - COM14: AppkeyAdd: ERROR_INTERNAL
2023-02-28 15:16:34,510 - DEBUG - COM14: TX: 6169566a856a8b2336ba29a891a01cc6c8c79c4b19d5f55c56614d575c02f657b06ede83342c4ad342bf032073d56c624fbafe5dca1b79c4db788fb717d6f06e455a3ccc4d54db8e39890f6bac845459d41fe4dcbf45b2bbe47d1ac55443f1e800f0
2023-02-28 15:16:34,522 - DEBUG - COM14: RX: 03846900
2023-02-28 15:16:34,522 - DEBUG - COM14: parsed_packet {event: CmdRsp, data: {'opcode': 105, 'status': 0, 'data': ''}}
2023-02-28 15:16:34,522 - DEBUG - COM14: TX: 059f01000100
2023-02-28 15:16:34,522 - INFO - COM14: Success
2023-02-28 15:16:34,525 - DEBUG - COM14: RX: 03849f8e
2023-02-28 15:16:34,525 - DEBUG - COM14: parsed_packet {event: CmdRsp, data: {'opcode': 159, 'status': 142, 'data': ''}}
2023-02-28 15:16:34,525 - DEBUG - COM14: TX: 1392000018eed9c2a56add85049ffc3c59ad0e12
2023-02-28 15:16:34,525 - ERROR - COM14: None: ERROR_REJECTED
2023-02-28 15:16:34,528 - DEBUG - COM14: RX: 03849281
2023-02-28 15:16:34,528 - DEBUG - COM14: parsed_packet {event: CmdRsp, data: {'opcode': 146, 'status': 129, 'data': ''}}
2023-02-28 15:16:34,528 - DEBUG - COM14: TX: 1597000000004f68ad85d9f48ac8589df665b6b49b8a
2023-02-28 15:16:34,528 - ERROR - COM14: SubnetAdd: ERROR_INTERNAL
2023-02-28 15:16:34,532 - DEBUG - COM14: RX: 03849781
2023-02-28 15:16:34,532 - DEBUG - COM14: parsed_packet {event: CmdRsp, data: {'opcode': 151, 'status': 129, 'data': ''}}
2023-02-28 15:16:34,532 - DEBUG - COM14: TX: 1597010000002aa2a6ded5a0798ceab5787ca3ae39fc
2023-02-28 15:16:34,532 - ERROR - COM14: AppkeyAdd: ERROR_INTERNAL
2023-02-28 15:16:34,536 - DEBUG - COM14: RX: 03849781
2023-02-28 15:16:34,536 - DEBUG - COM14: parsed_packet {event: CmdRsp, data: {'opcode': 151, 'status': 129, 'data': ''}}
2023-02-28 15:16:34,536 - ERROR - COM14: AppkeyAdd: ERROR_INTERNAL
2023-02-28 15:16:36,776 - DEBUG - COM14: TX: 6169a218cad599f98ad86e3e7db40279eb55579d189cf7c80772ed30c3b4c0a70f72f367d9baf807cec343924874ba8b59339a714cc8431ba927499b95e1c08f1bf252e838d54516db7b88dd725476b0626f436ac2898759c59d7d840fee99d70c17
2023-02-28 15:16:36,787 - DEBUG - COM14: RX: 03846900
2023-02-28 15:16:36,787 - DEBUG - COM14: parsed_packet {event: CmdRsp, data: {'opcode': 105, 'status': 0, 'data': ''}}
2023-02-28 15:16:36,787 - DEBUG - COM14: TX: 059f01000100
2023-02-28 15:16:36,787 - INFO - COM14: Success
2023-02-28 15:16:36,789 - DEBUG - COM14: RX: 03849f8e
2023-02-28 15:16:36,789 - DEBUG - COM14: parsed_packet {event: CmdRsp, data: {'opcode': 159, 'status': 142, 'data': ''}}
2023-02-28 15:16:36,789 - DEBUG - COM14: TX: 1392000018eed9c2a56add85049ffc3c59ad0e12
2023-02-28 15:16:36,789 - ERROR - COM14: None: ERROR_REJECTED
2023-02-28 15:16:36,792 - DEBUG - COM14: RX: 03849281
2023-02-28 15:16:36,792 - DEBUG - COM14: parsed_packet {event: CmdRsp, data: {'opcode': 146, 'status': 129, 'data': ''}}
2023-02-28 15:16:36,792 - DEBUG - COM14: TX: 1597000000004f68ad85d9f48ac8589df665b6b49b8a
2023-02-28 15:16:36,792 - ERROR - COM14: SubnetAdd: ERROR_INTERNAL
2023-02-28 15:16:36,796 - DEBUG - COM14: RX: 03849781
2023-02-28 15:16:36,796 - DEBUG - COM14: parsed_packet {event: CmdRsp, data: {'opcode': 151, 'status': 129, 'data': ''}}
2023-02-28 15:16:36,796 - DEBUG - COM14: TX: 1597010000002aa2a6ded5a0798ceab5787ca3ae39fc
2023-02-28 15:16:36,796 - ERROR - COM14: AppkeyAdd: ERROR_INTERNAL
2023-02-28 15:16:36,799 - DEBUG - COM14: RX: 03849781
2023-02-28 15:16:36,800 - DEBUG - COM14: parsed_packet {event: CmdRsp, data: {'opcode': 151, 'status': 129, 'data': ''}}
2023-02-28 15:16:36,800 - ERROR - COM14: AppkeyAdd: ERROR_INTERNAL
2023-02-28 15:16:38,286 - DEBUG - COM14: TX: 61694e822edb4745984eb22f2ef72a8522ba8559485cc42cbbed3fe75b2756f229ab907db46d5161f1e222cd7ac53374735623d51f121b8b5a1914e092abc85190ffe7a1fd391376de722d81b4123ffb78e50deabf2f428f3dcf28762ea22e9dbae3
2023-02-28 15:16:38,297 - DEBUG - COM14: RX: 03846900
2023-02-28 15:16:38,297 - DEBUG - COM14: parsed_packet {event: CmdRsp, data: {'opcode': 105, 'status': 0, 'data': ''}}
2023-02-28 15:16:38,297 - DEBUG - COM14: TX: 059f01000100
2023-02-28 15:16:38,297 - INFO - COM14: Success
2023-02-28 15:16:38,298 - DEBUG - COM14: RX: 03849f8e
2023-02-28 15:16:38,298 - DEBUG - COM14: parsed_packet {event: CmdRsp, data: {'opcode': 159, 'status': 142, 'data': ''}}
2023-02-28 15:16:38,299 - DEBUG - COM14: TX: 1392000018eed9c2a56add85049ffc3c59ad0e12
2023-02-28 15:16:38,299 - ERROR - COM14: None: ERROR_REJECTED
2023-02-28 15:16:38,303 - DEBUG - COM14: RX: 03849281
2023-02-28 15:16:38,303 - DEBUG - COM14: parsed_packet {event: CmdRsp, data: {'opcode': 146, 'status': 129, 'data': ''}}
2023-02-28 15:16:38,303 - DEBUG - COM14: TX: 1597000000004f68ad85d9f48ac8589df665b6b49b8a
2023-02-28 15:16:38,303 - ERROR - COM14: SubnetAdd: ERROR_INTERNAL
2023-02-28 15:16:38,306 - DEBUG - COM14: RX: 03849781
2023-02-28 15:16:38,307 - DEBUG - COM14: parsed_packet {event: CmdRsp, data: {'opcode': 151, 'status': 129, 'data': ''}}
2023-02-28 15:16:38,307 - DEBUG - COM14: TX: 1597010000002aa2a6ded5a0798ceab5787ca3ae39fc
2023-02-28 15:16:38,307 - ERROR - COM14: AppkeyAdd: ERROR_INTERNAL
2023-02-28 15:16:38,310 - DEBUG - COM14: RX: 03849781
2023-02-28 15:16:38,310 - DEBUG - COM14: parsed_packet {event: CmdRsp, data: {'opcode': 151, 'status': 129, 'data': ''}}
2023-02-28 15:16:38,310 - ERROR - COM14: AppkeyAdd: ERROR_INTERNAL
2023-02-28 15:16:42,531 - DEBUG - COM14: TX: 61694b80c61b0a002e243328ea07044e90c25b3b3eb795fcd5a8480f66a165ba3028d5af99073adcdc0d8ba81c65117f1c9c4aa6d21a0bf84a5fb022ce2a4d1ff6dc8789fbecd1f81c68a0dfa62ada8bc1cbcc72059b997ab8554586bd85ff44c50f
2023-02-28 15:16:42,542 - DEBUG - COM14: RX: 03846900
2023-02-28 15:16:42,542 - DEBUG - COM14: parsed_packet {event: CmdRsp, data: {'opcode': 105, 'status': 0, 'data': ''}}
2023-02-28 15:16:42,542 - DEBUG - COM14: TX: 059f01000100
2023-02-28 15:16:42,542 - INFO - COM14: Success
2023-02-28 15:16:42,545 - DEBUG - COM14: RX: 03849f8e
2023-02-28 15:16:42,545 - DEBUG - COM14: parsed_packet {event: CmdRsp, data: {'opcode': 159, 'status': 142, 'data': ''}}
2023-02-28 15:16:42,545 - DEBUG - COM14: TX: 1392000018eed9c2a56add85049ffc3c59ad0e12
2023-02-28 15:16:42,545 - ERROR - COM14: None: ERROR_REJECTED
2023-02-28 15:16:42,548 - DEBUG - COM14: RX: 03849281
2023-02-28 15:16:42,548 - DEBUG - COM14: parsed_packet {event: CmdRsp, data: {'opcode': 146, 'status': 129, 'data': ''}}
2023-02-28 15:16:42,549 - DEBUG - COM14: TX: 1597000000004f68ad85d9f48ac8589df665b6b49b8a
2023-02-28 15:16:42,548 - ERROR - COM14: SubnetAdd: ERROR_INTERNAL
2023-02-28 15:16:42,552 - DEBUG - COM14: RX: 03849781
2023-02-28 15:16:42,552 - DEBUG - COM14: parsed_packet {event: CmdRsp, data: {'opcode': 151, 'status': 129, 'data': ''}}
2023-02-28 15:16:42,552 - DEBUG - COM14: TX: 1597010000002aa2a6ded5a0798ceab5787ca3ae39fc
2023-02-28 15:16:42,552 - ERROR - COM14: AppkeyAdd: ERROR_INTERNAL
2023-02-28 15:16:42,556 - DEBUG - COM14: RX: 03849781
2023-02-28 15:16:42,556 - DEBUG - COM14: parsed_packet {event: CmdRsp, data: {'opcode': 151, 'status': 129, 'data': ''}}
2023-02-28 15:16:42,556 - ERROR - COM14: AppkeyAdd: ERROR_INTERNAL
2023-02-28 15:18:10,615 - DEBUG - COM14: RX: 04810200fe
2023-02-28 15:18:10,615 - DEBUG - COM14: parsed_packet {event: DeviceStarted, data: {'operating_mode': 2, 'hw_error': 0, 'data_credit_available': 254}}
2023-02-28 15:18:10,615 - INFO - COM14: Device rebooted.
2023-02-28 15:18:10,615 - DEBUG - COM14: RX: 08d900000000000000
2023-02-28 15:18:10,615 - DEBUG - COM14: parsed_packet {event: MeshIvEntrySetNotification, data: {'iv_index': 0, 'iv_update_in_progress': 0, 'iv_update_timeout_counter': 0}}
2023-02-28 15:18:10,615 - INFO - COM14: {event: MeshIvEntrySetNotification, data: {'iv_index': 0, 'iv_update_in_progress': 0, 'iv_update_timeout_counter': 0}}
2023-02-28 15:18:10,615 - DEBUG - COM14: RX: 05da00200000
2023-02-28 15:18:10,615 - DEBUG - COM14: parsed_packet {event: MeshSeqnumEntrySetNotification, data: {'next_block': 8192}}
2023-02-28 15:18:10,615 - INFO - COM14: {event: MeshSeqnumEntrySetNotification, data: {'next_block': 8192}}
2023-02-28 15:18:32,074 - DEBUG - COM14: exited read event
