2023-02-28 14:48:02,588 - DEBUG - COM14: TX: 61698f1cd4a4c4bc9e244f45b93fa845c2c13e9ce86b81764390b13e33ee783fd58aa6fc386f53f7098138f89801a6f4a37650176d57edfa00dbe3f207baff3c01beea11aa01a33015fdebb1b6f2c46c7e85c9c01fbba621e7e396a53095fabadd4c
2023-02-28 14:48:04,595 - INFO - COM14: cmd KeypairSet, timeout waiting for event
2023-02-28 14:48:04,596 - DEBUG - COM14: TX: 059f01000100
2023-02-28 14:48:06,605 - INFO - COM14: cmd AddrLocalUnicastSet, timeout waiting for event
2023-02-28 14:48:06,606 - DEBUG - COM14: TX: 1392000018eed9c2a56add85049ffc3c59ad0e12
2023-02-28 14:48:08,620 - INFO - COM14: cmd SubnetAdd, timeout waiting for event
2023-02-28 14:48:08,620 - DEBUG - COM14: TX: 1597000000004f68ad85d9f48ac8589df665b6b49b8a
2023-02-28 14:48:10,626 - INFO - COM14: cmd AppkeyAdd, timeout waiting for event
2023-02-28 14:48:10,629 - DEBUG - COM14: TX: 1597010000002aa2a6ded5a0798ceab5787ca3ae39fc
2023-02-28 14:48:12,630 - INFO - COM14: cmd AppkeyAdd, timeout waiting for event
2023-02-28 14:48:14,314 - DEBUG - COM14: TX: 61698a80636fa68990bdf4865d0f70765daa92d91923b3a32a426edf3f0644dbefd53b6b59546c975d8f813a404898663355e966340f82cfc9cc98f9795609a40c7aaaf9f4b35117639ffa750ca4ce03290f40b250543dc97d13d28b8065979b6ef8
2023-02-28 14:48:16,323 - INFO - COM14: cmd KeypairSet, timeout waiting for event
2023-02-28 14:48:16,323 - DEBUG - COM14: TX: 059f01000100
2023-02-28 14:48:18,333 - INFO - COM14: cmd AddrLocalUnicastSet, timeout waiting for event
2023-02-28 14:48:18,334 - DEBUG - COM14: TX: 1392000018eed9c2a56add85049ffc3c59ad0e12
2023-02-28 14:48:20,342 - INFO - COM14: cmd SubnetAdd, timeout waiting for event
2023-02-28 14:48:20,342 - DEBUG - COM14: TX: 1597000000004f68ad85d9f48ac8589df665b6b49b8a
2023-02-28 14:48:22,352 - INFO - COM14: cmd AppkeyAdd, timeout waiting for event
2023-02-28 14:48:22,353 - DEBUG - COM14: TX: 1597010000002aa2a6ded5a0798ceab5787ca3ae39fc
2023-02-28 14:48:24,361 - INFO - COM14: cmd AppkeyAdd, timeout waiting for event
2023-02-28 14:48:24,362 - DEBUG - COM14: TX: 616952a563fff67ba6769149b91157f09dad17d69cab99b8a025d10e2542683af16a312494fcf4c5269f93e93a312f470aa1dbdf669a175fdd3d8c8d95ced7611c0263785e1b653bf7f6edf8b9aaedd0f7f6595fd8faa6d7e23741bca6dfe2f7448f
2023-02-28 14:48:26,372 - INFO - COM14: cmd KeypairSet, timeout waiting for event
2023-02-28 14:48:26,372 - DEBUG - COM14: TX: 059f01000100
2023-02-28 14:48:28,379 - INFO - COM14: cmd AddrLocalUnicastSet, timeout waiting for event
2023-02-28 14:48:28,380 - DEBUG - COM14: TX: 1392000018eed9c2a56add85049ffc3c59ad0e12
2023-02-28 14:48:30,389 - INFO - COM14: cmd SubnetAdd, timeout waiting for event
2023-02-28 14:48:30,390 - DEBUG - COM14: TX: 1597000000004f68ad85d9f48ac8589df665b6b49b8a
2023-02-28 14:48:32,400 - INFO - COM14: cmd AppkeyAdd, timeout waiting for event
2023-02-28 14:48:32,400 - DEBUG - COM14: TX: 1597010000002aa2a6ded5a0798ceab5787ca3ae39fc
2023-02-28 14:48:34,405 - INFO - COM14: cmd AppkeyAdd, timeout waiting for event
2023-02-28 14:48:56,881 - DEBUG - COM14: TX: 6169adb9389afb802831c313dc4d2915b045a96a1480e58f9d7e1c84275c26e5104e99f6b327773d0ad84f5124750b6b830a8a3d95e4c29ee58a5c1942d6552661b4edf322b00e77b2bda90cf927087457daf801c3cb8c30c84eedd716bbc2f76bf3
2023-02-28 14:48:58,894 - INFO - COM14: cmd KeypairSet, timeout waiting for event
2023-02-28 14:48:58,895 - DEBUG - COM14: TX: 059f01000100
2023-02-28 14:49:00,900 - INFO - COM14: cmd AddrLocalUnicastSet, timeout waiting for event
2023-02-28 14:49:00,901 - DEBUG - COM14: TX: 1392000018eed9c2a56add85049ffc3c59ad0e12
2023-02-28 14:49:02,905 - INFO - COM14: cmd SubnetAdd, timeout waiting for event
2023-02-28 14:49:02,905 - DEBUG - COM14: TX: 1597000000004f68ad85d9f48ac8589df665b6b49b8a
2023-02-28 14:49:04,916 - INFO - COM14: cmd AppkeyAdd, timeout waiting for event
2023-02-28 14:49:04,917 - DEBUG - COM14: TX: 1597010000002aa2a6ded5a0798ceab5787ca3ae39fc
2023-02-28 14:49:06,919 - INFO - COM14: cmd AppkeyAdd, timeout waiting for event
2023-02-28 14:50:18,311 - DEBUG - COM14: exited read event
