2023-02-28 14:50:38,346 - DEBUG - COM14: TX: 61693533fa426869f8594dbf2a0d81c3946f97782c000a1a1e840c8d7e83564ca7f2aa3dc86f49f7d9f66ca0b76d7b2da3300387413b681b5402ad689f8b3f72de909676b76bb71fc778a41722deb292e380ec5b26934286d806f490416cd2cddb67
2023-02-28 14:50:38,358 - DEBUG - COM14: RX: 03846900
2023-02-28 14:50:38,358 - DEBUG - COM14: parsed_packet {event: CmdRsp, data: {'opcode': 105, 'status': 0, 'data': ''}}
2023-02-28 14:50:38,359 - DEBUG - COM14: TX: 059f01000100
2023-02-28 14:50:38,359 - INFO - COM14: Success
2023-02-28 14:50:38,361 - DEBUG - COM14: RX: 03849f8e
2023-02-28 14:50:38,361 - DEBUG - COM14: parsed_packet {event: CmdRsp, data: {'opcode': 159, 'status': 142, 'data': ''}}
2023-02-28 14:50:38,362 - DEBUG - COM14: TX: 1392000018eed9c2a56add85049ffc3c59ad0e12
2023-02-28 14:50:38,362 - ERROR - COM14: None: ERROR_REJECTED
2023-02-28 14:50:38,366 - DEBUG - COM14: RX: 03849281
2023-02-28 14:50:38,367 - DEBUG - COM14: parsed_packet {event: CmdRsp, data: {'opcode': 146, 'status': 129, 'data': ''}}
2023-02-28 14:50:38,367 - DEBUG - COM14: TX: 1597000000004f68ad85d9f48ac8589df665b6b49b8a
2023-02-28 14:50:38,367 - ERROR - COM14: SubnetAdd: ERROR_INTERNAL
2023-02-28 14:50:38,371 - DEBUG - COM14: RX: 03849781
2023-02-28 14:50:38,371 - DEBUG - COM14: parsed_packet {event: CmdRsp, data: {'opcode': 151, 'status': 129, 'data': ''}}
2023-02-28 14:50:38,371 - DEBUG - COM14: TX: 1597010000002aa2a6ded5a0798ceab5787ca3ae39fc
2023-02-28 14:50:38,371 - ERROR - COM14: AppkeyAdd: ERROR_INTERNAL
2023-02-28 14:50:38,375 - DEBUG - COM14: RX: 03849781
2023-02-28 14:50:38,375 - DEBUG - COM14: parsed_packet {event: CmdRsp, data: {'opcode': 151, 'status': 129, 'data': ''}}
2023-02-28 14:50:38,376 - ERROR - COM14: AppkeyAdd: ERROR_INTERNAL
2023-02-28 14:50:53,343 - DEBUG - COM14: TX: 616954cdefb948b2ebac19a207f8a0627b0fa0ee3e8d0946aeb565021bc790193d908899beccb97c25021db986f50a4dcc3e749befe2622c5a746839eea02042d01408c20583444b2c7c44e65a3a8c6d67d036dd6dbdb6d4ba675353dd3d0a170ce3
2023-02-28 14:50:53,354 - DEBUG - COM14: RX: 03846900
2023-02-28 14:50:53,354 - DEBUG - COM14: parsed_packet {event: CmdRsp, data: {'opcode': 105, 'status': 0, 'data': ''}}
2023-02-28 14:50:53,354 - DEBUG - COM14: TX: 059f01000100
2023-02-28 14:50:53,354 - INFO - COM14: Success
2023-02-28 14:50:53,356 - DEBUG - COM14: RX: 03849f8e
2023-02-28 14:50:53,356 - DEBUG - COM14: parsed_packet {event: CmdRsp, data: {'opcode': 159, 'status': 142, 'data': ''}}
2023-02-28 14:50:53,356 - DEBUG - COM14: TX: 1392000018eed9c2a56add85049ffc3c59ad0e12
2023-02-28 14:50:53,356 - ERROR - COM14: None: ERROR_REJECTED
2023-02-28 14:50:53,359 - DEBUG - COM14: RX: 03849281
2023-02-28 14:50:53,359 - DEBUG - COM14: parsed_packet {event: CmdRsp, data: {'opcode': 146, 'status': 129, 'data': ''}}
2023-02-28 14:50:53,359 - DEBUG - COM14: TX: 1597000000004f68ad85d9f48ac8589df665b6b49b8a
2023-02-28 14:50:53,359 - ERROR - COM14: SubnetAdd: ERROR_INTERNAL
2023-02-28 14:50:53,363 - DEBUG - COM14: RX: 03849781
2023-02-28 14:50:53,363 - DEBUG - COM14: parsed_packet {event: CmdRsp, data: {'opcode': 151, 'status': 129, 'data': ''}}
2023-02-28 14:50:53,363 - DEBUG - COM14: TX: 1597010000002aa2a6ded5a0798ceab5787ca3ae39fc
2023-02-28 14:50:53,363 - ERROR - COM14: AppkeyAdd: ERROR_INTERNAL
2023-02-28 14:50:53,367 - DEBUG - COM14: RX: 03849781
2023-02-28 14:50:53,367 - DEBUG - COM14: parsed_packet {event: CmdRsp, data: {'opcode': 151, 'status': 129, 'data': ''}}
2023-02-28 14:50:53,367 - ERROR - COM14: AppkeyAdd: ERROR_INTERNAL
2023-02-28 14:51:01,090 - DEBUG - COM14: TX: 616968091f9c3af576b46abd55f331958ab395064937dc217a0816a617166065a3a5b5ffbfd93a7c330476efb813ce6de4e4208e9bec9dd8d7bc63efaaaa9e20f9ed5c17906b1bffe046f590a0014de167b1c887f35869af203507c9af7e3f99ee46
2023-02-28 14:51:01,100 - DEBUG - COM14: RX: 03846900
2023-02-28 14:51:01,100 - DEBUG - COM14: parsed_packet {event: CmdRsp, data: {'opcode': 105, 'status': 0, 'data': ''}}
2023-02-28 14:51:01,101 - DEBUG - COM14: TX: 059f01000100
2023-02-28 14:51:01,101 - INFO - COM14: Success
2023-02-28 14:51:01,103 - DEBUG - COM14: RX: 03849f8e
2023-02-28 14:51:01,103 - DEBUG - COM14: parsed_packet {event: CmdRsp, data: {'opcode': 159, 'status': 142, 'data': ''}}
2023-02-28 14:51:01,103 - DEBUG - COM14: TX: 1392000018eed9c2a56add85049ffc3c59ad0e12
2023-02-28 14:51:01,103 - ERROR - COM14: None: ERROR_REJECTED
2023-02-28 14:51:01,107 - DEBUG - COM14: RX: 03849281
2023-02-28 14:51:01,107 - DEBUG - COM14: parsed_packet {event: CmdRsp, data: {'opcode': 146, 'status': 129, 'data': ''}}
2023-02-28 14:51:01,107 - DEBUG - COM14: TX: 1597000000004f68ad85d9f48ac8589df665b6b49b8a
2023-02-28 14:51:01,107 - ERROR - COM14: SubnetAdd: ERROR_INTERNAL
2023-02-28 14:51:01,110 - DEBUG - COM14: RX: 03849781
2023-02-28 14:51:01,110 - DEBUG - COM14: parsed_packet {event: CmdRsp, data: {'opcode': 151, 'status': 129, 'data': ''}}
2023-02-28 14:51:01,110 - DEBUG - COM14: TX: 1597010000002aa2a6ded5a0798ceab5787ca3ae39fc
2023-02-28 14:51:01,110 - ERROR - COM14: AppkeyAdd: ERROR_INTERNAL
2023-02-28 14:51:01,114 - DEBUG - COM14: RX: 03849781
2023-02-28 14:51:01,114 - DEBUG - COM14: parsed_packet {event: CmdRsp, data: {'opcode': 151, 'status': 129, 'data': ''}}
2023-02-28 14:51:01,114 - ERROR - COM14: AppkeyAdd: ERROR_INTERNAL
2023-02-28 14:51:12,322 - DEBUG - COM14: TX: 6169bb293f4f4c8b464d32ddb2ede0c910708e40ea3d9fd0f56f37ebec846adcfaf08968c86418d31291fefbab1764cd2c339941e8e0d999bdccf55723bafb3b2ccc2cd50597c9d47615d06c481546061784fb8ffcf32a7a375598fbc51168bcea58
2023-02-28 14:51:12,333 - DEBUG - COM14: RX: 03846900
2023-02-28 14:51:12,333 - DEBUG - COM14: parsed_packet {event: CmdRsp, data: {'opcode': 105, 'status': 0, 'data': ''}}
2023-02-28 14:51:12,333 - DEBUG - COM14: TX: 059f01000100
2023-02-28 14:51:12,333 - INFO - COM14: Success
2023-02-28 14:51:12,335 - DEBUG - COM14: RX: 03849f8e
2023-02-28 14:51:12,335 - DEBUG - COM14: parsed_packet {event: CmdRsp, data: {'opcode': 159, 'status': 142, 'data': ''}}
2023-02-28 14:51:12,335 - DEBUG - COM14: TX: 1392000018eed9c2a56add85049ffc3c59ad0e12
2023-02-28 14:51:12,335 - ERROR - COM14: None: ERROR_REJECTED
2023-02-28 14:51:12,337 - DEBUG - COM14: RX: 03849281
2023-02-28 14:51:12,337 - DEBUG - COM14: parsed_packet {event: CmdRsp, data: {'opcode': 146, 'status': 129, 'data': ''}}
2023-02-28 14:51:12,337 - DEBUG - COM14: TX: 1597000000004f68ad85d9f48ac8589df665b6b49b8a
2023-02-28 14:51:12,337 - ERROR - COM14: SubnetAdd: ERROR_INTERNAL
2023-02-28 14:51:12,342 - DEBUG - COM14: RX: 03849781
2023-02-28 14:51:12,342 - DEBUG - COM14: parsed_packet {event: CmdRsp, data: {'opcode': 151, 'status': 129, 'data': ''}}
2023-02-28 14:51:12,342 - DEBUG - COM14: TX: 1597010000002aa2a6ded5a0798ceab5787ca3ae39fc
2023-02-28 14:51:12,342 - ERROR - COM14: AppkeyAdd: ERROR_INTERNAL
2023-02-28 14:51:12,346 - DEBUG - COM14: RX: 03849781
2023-02-28 14:51:12,346 - DEBUG - COM14: parsed_packet {event: CmdRsp, data: {'opcode': 151, 'status': 129, 'data': ''}}
2023-02-28 14:51:12,346 - ERROR - COM14: AppkeyAdd: ERROR_INTERNAL
2023-02-28 14:51:14,179 - DEBUG - COM14: TX: 61690d942ab3ef9a3730b08b67329d3768c9fbd84a5773d5656746a7244efb4c43c00367629e37fda7ac67cf8f033413d412723a5ff79a4d1d695fe01afaeaf0309cd5fc4a23d544b17afc8dec4ab9211b1eb01b26a3c0c3749b610ea4ee153c33b5
2023-02-28 14:51:14,190 - DEBUG - COM14: RX: 03846900
2023-02-28 14:51:14,190 - DEBUG - COM14: parsed_packet {event: CmdRsp, data: {'opcode': 105, 'status': 0, 'data': ''}}
2023-02-28 14:51:14,191 - DEBUG - COM14: TX: 059f01000100
2023-02-28 14:51:14,190 - INFO - COM14: Success
2023-02-28 14:51:14,192 - DEBUG - COM14: RX: 03849f8e
2023-02-28 14:51:14,192 - DEBUG - COM14: parsed_packet {event: CmdRsp, data: {'opcode': 159, 'status': 142, 'data': ''}}
2023-02-28 14:51:14,192 - DEBUG - COM14: TX: 1392000018eed9c2a56add85049ffc3c59ad0e12
2023-02-28 14:51:14,192 - ERROR - COM14: None: ERROR_REJECTED
2023-02-28 14:51:14,195 - DEBUG - COM14: RX: 03849281
2023-02-28 14:51:14,195 - DEBUG - COM14: parsed_packet {event: CmdRsp, data: {'opcode': 146, 'status': 129, 'data': ''}}
2023-02-28 14:51:14,195 - DEBUG - COM14: TX: 1597000000004f68ad85d9f48ac8589df665b6b49b8a
2023-02-28 14:51:14,195 - ERROR - COM14: SubnetAdd: ERROR_INTERNAL
2023-02-28 14:51:14,200 - DEBUG - COM14: RX: 03849781
2023-02-28 14:51:14,200 - DEBUG - COM14: parsed_packet {event: CmdRsp, data: {'opcode': 151, 'status': 129, 'data': ''}}
2023-02-28 14:51:14,200 - DEBUG - COM14: TX: 1597010000002aa2a6ded5a0798ceab5787ca3ae39fc
2023-02-28 14:51:14,200 - ERROR - COM14: AppkeyAdd: ERROR_INTERNAL
2023-02-28 14:51:14,204 - DEBUG - COM14: RX: 03849781
2023-02-28 14:51:14,204 - DEBUG - COM14: parsed_packet {event: CmdRsp, data: {'opcode': 151, 'status': 129, 'data': ''}}
2023-02-28 14:51:14,204 - ERROR - COM14: AppkeyAdd: ERROR_INTERNAL
2023-02-28 14:51:15,556 - DEBUG - COM14: TX: 6169086cb2ba30a061ecbc629d30aca08005939998d736191e56d42d7c1446da5059928088adcf72fa7a575306ccdea94c1c32b531e60d59e547f275cff6fa24396e39259ab05a7af65191ec4a6b93ebe8e0f7967877748b63182d2c439b18cf1d63
2023-02-28 14:51:15,568 - DEBUG - COM14: RX: 03846900
2023-02-28 14:51:15,568 - DEBUG - COM14: parsed_packet {event: CmdRsp, data: {'opcode': 105, 'status': 0, 'data': ''}}
2023-02-28 14:51:15,568 - DEBUG - COM14: TX: 059f01000100
2023-02-28 14:51:15,568 - INFO - COM14: Success
2023-02-28 14:51:15,570 - DEBUG - COM14: RX: 03849f8e
2023-02-28 14:51:15,570 - DEBUG - COM14: parsed_packet {event: CmdRsp, data: {'opcode': 159, 'status': 142, 'data': ''}}
2023-02-28 14:51:15,570 - DEBUG - COM14: TX: 1392000018eed9c2a56add85049ffc3c59ad0e12
2023-02-28 14:51:15,570 - ERROR - COM14: None: ERROR_REJECTED
2023-02-28 14:51:15,574 - DEBUG - COM14: RX: 03849281
2023-02-28 14:51:15,574 - DEBUG - COM14: parsed_packet {event: CmdRsp, data: {'opcode': 146, 'status': 129, 'data': ''}}
2023-02-28 14:51:15,574 - DEBUG - COM14: TX: 1597000000004f68ad85d9f48ac8589df665b6b49b8a
2023-02-28 14:51:15,574 - ERROR - COM14: SubnetAdd: ERROR_INTERNAL
2023-02-28 14:51:15,576 - DEBUG - COM14: RX: 03849781
2023-02-28 14:51:15,576 - DEBUG - COM14: parsed_packet {event: CmdRsp, data: {'opcode': 151, 'status': 129, 'data': ''}}
2023-02-28 14:51:15,576 - DEBUG - COM14: TX: 1597010000002aa2a6ded5a0798ceab5787ca3ae39fc
2023-02-28 14:51:15,576 - ERROR - COM14: AppkeyAdd: ERROR_INTERNAL
2023-02-28 14:51:15,582 - DEBUG - COM14: RX: 03849781
2023-02-28 14:51:15,582 - DEBUG - COM14: parsed_packet {event: CmdRsp, data: {'opcode': 151, 'status': 129, 'data': ''}}
2023-02-28 14:51:15,582 - ERROR - COM14: AppkeyAdd: ERROR_INTERNAL
2023-02-28 14:51:17,072 - DEBUG - COM14: TX: 6169d38e89b4b592801af4dcc3666d4adf45d24fc3cda3f9bb58dc933c35a8fa011594f2eec9a694eb28b2978185fddc7771d0770986653ce53723a3de70851cb6788149b867b53acd9367724b7fd992e8060dc19b6388c7d3d95827d6d067047cab
2023-02-28 14:51:17,083 - DEBUG - COM14: RX: 03846900
2023-02-28 14:51:17,083 - DEBUG - COM14: parsed_packet {event: CmdRsp, data: {'opcode': 105, 'status': 0, 'data': ''}}
2023-02-28 14:51:17,083 - DEBUG - COM14: TX: 059f01000100
2023-02-28 14:51:17,083 - INFO - COM14: Success
2023-02-28 14:51:17,085 - DEBUG - COM14: RX: 03849f8e
2023-02-28 14:51:17,085 - DEBUG - COM14: parsed_packet {event: CmdRsp, data: {'opcode': 159, 'status': 142, 'data': ''}}
2023-02-28 14:51:17,085 - DEBUG - COM14: TX: 1392000018eed9c2a56add85049ffc3c59ad0e12
2023-02-28 14:51:17,085 - ERROR - COM14: None: ERROR_REJECTED
2023-02-28 14:51:17,089 - DEBUG - COM14: RX: 03849281
2023-02-28 14:51:17,089 - DEBUG - COM14: parsed_packet {event: CmdRsp, data: {'opcode': 146, 'status': 129, 'data': ''}}
2023-02-28 14:51:17,089 - DEBUG - COM14: TX: 1597000000004f68ad85d9f48ac8589df665b6b49b8a
2023-02-28 14:51:17,089 - ERROR - COM14: SubnetAdd: ERROR_INTERNAL
2023-02-28 14:51:17,092 - DEBUG - COM14: RX: 03849781
2023-02-28 14:51:17,092 - DEBUG - COM14: parsed_packet {event: CmdRsp, data: {'opcode': 151, 'status': 129, 'data': ''}}
2023-02-28 14:51:17,092 - DEBUG - COM14: TX: 1597010000002aa2a6ded5a0798ceab5787ca3ae39fc
2023-02-28 14:51:17,092 - ERROR - COM14: AppkeyAdd: ERROR_INTERNAL
2023-02-28 14:51:17,097 - DEBUG - COM14: RX: 03849781
2023-02-28 14:51:17,097 - DEBUG - COM14: parsed_packet {event: CmdRsp, data: {'opcode': 151, 'status': 129, 'data': ''}}
2023-02-28 14:51:17,097 - ERROR - COM14: AppkeyAdd: ERROR_INTERNAL
