2023-02-27 17:40:08,360 - DEBUG - COM12: TX: 6169050a399161c599007a3024e2b25c5f66e9b578d44fd1231240326f81f9e0202611cc477679393f179eac61c139e21885460e013b75f5e0ed042c8536c6228414e419364b8f640e6f5672dfbab1a985e9aad40349852c9d1672e293c41648b28c
2023-02-27 17:40:08,368 - DEBUG - COM12: RX: 03846900
2023-02-27 17:40:08,368 - DEBUG - COM12: parsed_packet {event: CmdRsp, data: {'opcode': 105, 'status': 0, 'data': ''}}
2023-02-27 17:40:08,368 - DEBUG - COM12: TX: 059f01000100
2023-02-27 17:40:08,368 - INFO - COM12: Success
2023-02-27 17:40:08,368 - DEBUG - COM12: RX: 03849f8e
2023-02-27 17:40:08,368 - DEBUG - COM12: parsed_packet {event: CmdRsp, data: {'opcode': 159, 'status': 142, 'data': ''}}
2023-02-27 17:40:08,368 - DEBUG - COM12: TX: 1392000018eed9c2a56add85049ffc3c59ad0e12
2023-02-27 17:40:08,368 - ERROR - COM12: None: ERROR_REJECTED
2023-02-27 17:40:08,376 - DEBUG - COM12: RX: 03849281
2023-02-27 17:40:08,376 - DEBUG - COM12: parsed_packet {event: CmdRsp, data: {'opcode': 146, 'status': 129, 'data': ''}}
2023-02-27 17:40:08,376 - DEBUG - COM12: TX: 1597000000004f68ad85d9f48ac8589df665b6b49b8a
2023-02-27 17:40:08,376 - ERROR - COM12: SubnetAdd: ERROR_INTERNAL
2023-02-27 17:40:08,376 - DEBUG - COM12: RX: 03849781
2023-02-27 17:40:08,376 - DEBUG - COM12: parsed_packet {event: CmdRsp, data: {'opcode': 151, 'status': 129, 'data': ''}}
2023-02-27 17:40:08,376 - DEBUG - COM12: TX: 1597010000002aa2a6ded5a0798ceab5787ca3ae39fc
2023-02-27 17:40:08,376 - ERROR - COM12: AppkeyAdd: ERROR_INTERNAL
2023-02-27 17:40:08,384 - DEBUG - COM12: RX: 03849781
2023-02-27 17:40:08,384 - DEBUG - COM12: parsed_packet {event: CmdRsp, data: {'opcode': 151, 'status': 129, 'data': ''}}
2023-02-27 17:40:08,384 - ERROR - COM12: AppkeyAdd: ERROR_INTERNAL
2023-02-27 17:40:12,115 - DEBUG - COM12: TX: 61691fe9a8063bd73d11664b767191f4d7b311fb18219752255cb383927f913ffa5a4e7052a43a17eeb660b6ee07bd49fa9b63f3a5d162ca32d7b04d4d50c8bc1d9f105e08db882589388a74fa8ffa98d242442a03bade1ac7b5267d79642b0175f6
2023-02-27 17:40:12,131 - DEBUG - COM12: RX: 03846900
2023-02-27 17:40:12,132 - DEBUG - COM12: parsed_packet {event: CmdRsp, data: {'opcode': 105, 'status': 0, 'data': ''}}
2023-02-27 17:40:12,132 - DEBUG - COM12: TX: 059f01000100
2023-02-27 17:40:12,132 - INFO - COM12: Success
2023-02-27 17:40:12,133 - DEBUG - COM12: RX: 03849f8e
2023-02-27 17:40:12,134 - DEBUG - COM12: parsed_packet {event: CmdRsp, data: {'opcode': 159, 'status': 142, 'data': ''}}
2023-02-27 17:40:12,134 - DEBUG - COM12: TX: 1392000018eed9c2a56add85049ffc3c59ad0e12
2023-02-27 17:40:12,134 - ERROR - COM12: None: ERROR_REJECTED
2023-02-27 17:40:12,136 - DEBUG - COM12: RX: 03849281
2023-02-27 17:40:12,136 - DEBUG - COM12: parsed_packet {event: CmdRsp, data: {'opcode': 146, 'status': 129, 'data': ''}}
2023-02-27 17:40:12,137 - DEBUG - COM12: TX: 1597000000004f68ad85d9f48ac8589df665b6b49b8a
2023-02-27 17:40:12,137 - ERROR - COM12: SubnetAdd: ERROR_INTERNAL
2023-02-27 17:40:12,140 - DEBUG - COM12: RX: 03849781
2023-02-27 17:40:12,140 - DEBUG - COM12: parsed_packet {event: CmdRsp, data: {'opcode': 151, 'status': 129, 'data': ''}}
2023-02-27 17:40:12,141 - DEBUG - COM12: TX: 1597010000002aa2a6ded5a0798ceab5787ca3ae39fc
2023-02-27 17:40:12,141 - ERROR - COM12: AppkeyAdd: ERROR_INTERNAL
2023-02-27 17:40:12,144 - DEBUG - COM12: RX: 03849781
2023-02-27 17:40:12,144 - DEBUG - COM12: parsed_packet {event: CmdRsp, data: {'opcode': 151, 'status': 129, 'data': ''}}
2023-02-27 17:40:12,144 - ERROR - COM12: AppkeyAdd: ERROR_INTERNAL
2023-02-27 17:41:30,788 - DEBUG - COM12: TX: 616904a25d32d1c86d689b475b7d95f1f5386bcaeed8424650f905c63551814c0e4d995b4dda743ac5c15295fe768e6fffa7859027e26b988f05eb84af39cf6f089376cc0d7209e7509521f0d51af4a6a598e540743bfd079b7a6a91da755ba34260
2023-02-27 17:41:30,799 - DEBUG - COM12: RX: 03846900
2023-02-27 17:41:30,799 - DEBUG - COM12: parsed_packet {event: CmdRsp, data: {'opcode': 105, 'status': 0, 'data': ''}}
2023-02-27 17:41:30,799 - DEBUG - COM12: TX: 059f01000100
2023-02-27 17:41:30,799 - INFO - COM12: Success
2023-02-27 17:41:30,802 - DEBUG - COM12: RX: 03849f8e
2023-02-27 17:41:30,802 - DEBUG - COM12: parsed_packet {event: CmdRsp, data: {'opcode': 159, 'status': 142, 'data': ''}}
2023-02-27 17:41:30,802 - DEBUG - COM12: TX: 1392000018eed9c2a56add85049ffc3c59ad0e12
2023-02-27 17:41:30,802 - ERROR - COM12: None: ERROR_REJECTED
2023-02-27 17:41:30,807 - DEBUG - COM12: RX: 03849281
2023-02-27 17:41:30,807 - DEBUG - COM12: parsed_packet {event: CmdRsp, data: {'opcode': 146, 'status': 129, 'data': ''}}
2023-02-27 17:41:30,807 - DEBUG - COM12: TX: 1597000000004f68ad85d9f48ac8589df665b6b49b8a
2023-02-27 17:41:30,807 - ERROR - COM12: SubnetAdd: ERROR_INTERNAL
2023-02-27 17:41:30,811 - DEBUG - COM12: RX: 03849781
2023-02-27 17:41:30,811 - DEBUG - COM12: parsed_packet {event: CmdRsp, data: {'opcode': 151, 'status': 129, 'data': ''}}
2023-02-27 17:41:30,811 - DEBUG - COM12: TX: 1597010000002aa2a6ded5a0798ceab5787ca3ae39fc
2023-02-27 17:41:30,811 - ERROR - COM12: AppkeyAdd: ERROR_INTERNAL
2023-02-27 17:41:30,815 - DEBUG - COM12: RX: 03849781
2023-02-27 17:41:30,815 - DEBUG - COM12: parsed_packet {event: CmdRsp, data: {'opcode': 151, 'status': 129, 'data': ''}}
2023-02-27 17:41:30,815 - ERROR - COM12: AppkeyAdd: ERROR_INTERNAL
2023-02-27 17:41:33,790 - DEBUG - COM12: TX: 6169a5ed6d753bb713cdf541ea273f2954215386b0261f6f61344d5d35ebe1f6fe1c5f3bca6ed7fac2815d5d4b88a877e9805c2d5fa00051b31c0d02f56b503f8953266559cb7f2db221659aef156c6cc39c0529cbd7123d7757de0d8d94a3550015
2023-02-27 17:41:33,803 - DEBUG - COM12: RX: 03846900
2023-02-27 17:41:33,803 - DEBUG - COM12: parsed_packet {event: CmdRsp, data: {'opcode': 105, 'status': 0, 'data': ''}}
2023-02-27 17:41:33,804 - DEBUG - COM12: TX: 059f01000100
2023-02-27 17:41:33,803 - INFO - COM12: Success
2023-02-27 17:41:33,806 - DEBUG - COM12: RX: 03849f8e
2023-02-27 17:41:33,806 - DEBUG - COM12: parsed_packet {event: CmdRsp, data: {'opcode': 159, 'status': 142, 'data': ''}}
2023-02-27 17:41:33,806 - DEBUG - COM12: TX: 1392000018eed9c2a56add85049ffc3c59ad0e12
2023-02-27 17:41:33,806 - ERROR - COM12: None: ERROR_REJECTED
2023-02-27 17:41:33,810 - DEBUG - COM12: RX: 03849281
2023-02-27 17:41:33,810 - DEBUG - COM12: parsed_packet {event: CmdRsp, data: {'opcode': 146, 'status': 129, 'data': ''}}
2023-02-27 17:41:33,810 - DEBUG - COM12: TX: 1597000000004f68ad85d9f48ac8589df665b6b49b8a
2023-02-27 17:41:33,810 - ERROR - COM12: SubnetAdd: ERROR_INTERNAL
2023-02-27 17:41:33,814 - DEBUG - COM12: RX: 03849781
2023-02-27 17:41:33,815 - DEBUG - COM12: parsed_packet {event: CmdRsp, data: {'opcode': 151, 'status': 129, 'data': ''}}
2023-02-27 17:41:33,815 - DEBUG - COM12: TX: 1597010000002aa2a6ded5a0798ceab5787ca3ae39fc
2023-02-27 17:41:33,815 - ERROR - COM12: AppkeyAdd: ERROR_INTERNAL
2023-02-27 17:41:33,819 - DEBUG - COM12: RX: 03849781
2023-02-27 17:41:33,819 - DEBUG - COM12: parsed_packet {event: CmdRsp, data: {'opcode': 151, 'status': 129, 'data': ''}}
2023-02-27 17:41:33,819 - ERROR - COM12: AppkeyAdd: ERROR_INTERNAL
2023-02-27 17:41:41,187 - DEBUG - COM12: TX: 61696648562cc7b15e7541cb9eaa739feac2d8d8949773ac3b069cfff449defe582057681a5ca4ba6b06bdc6ca8b4ff3e91147ccdc956356588b76f53956fa5e8f9d9cb7ac1447551b302559e83aa112680774aeec151071d84fc073ea4678c5018b
2023-02-27 17:41:41,202 - DEBUG - COM12: RX: 03846900
2023-02-27 17:41:41,202 - DEBUG - COM12: parsed_packet {event: CmdRsp, data: {'opcode': 105, 'status': 0, 'data': ''}}
2023-02-27 17:41:41,202 - DEBUG - COM12: TX: 059f01000100
2023-02-27 17:41:41,202 - INFO - COM12: Success
2023-02-27 17:41:41,203 - DEBUG - COM12: RX: 03849f8e
2023-02-27 17:41:41,203 - DEBUG - COM12: parsed_packet {event: CmdRsp, data: {'opcode': 159, 'status': 142, 'data': ''}}
2023-02-27 17:41:41,204 - DEBUG - COM12: TX: 1392000018eed9c2a56add85049ffc3c59ad0e12
2023-02-27 17:41:41,203 - ERROR - COM12: None: ERROR_REJECTED
2023-02-27 17:41:41,206 - DEBUG - COM12: RX: 03849281
2023-02-27 17:41:41,206 - DEBUG - COM12: parsed_packet {event: CmdRsp, data: {'opcode': 146, 'status': 129, 'data': ''}}
2023-02-27 17:41:41,207 - DEBUG - COM12: TX: 1597000000004f68ad85d9f48ac8589df665b6b49b8a
2023-02-27 17:41:41,206 - ERROR - COM12: SubnetAdd: ERROR_INTERNAL
2023-02-27 17:41:41,211 - DEBUG - COM12: RX: 03849781
2023-02-27 17:41:41,211 - DEBUG - COM12: parsed_packet {event: CmdRsp, data: {'opcode': 151, 'status': 129, 'data': ''}}
2023-02-27 17:41:41,211 - DEBUG - COM12: TX: 1597010000002aa2a6ded5a0798ceab5787ca3ae39fc
2023-02-27 17:41:41,211 - ERROR - COM12: AppkeyAdd: ERROR_INTERNAL
2023-02-27 17:41:41,214 - DEBUG - COM12: RX: 03849781
2023-02-27 17:41:41,215 - DEBUG - COM12: parsed_packet {event: CmdRsp, data: {'opcode': 151, 'status': 129, 'data': ''}}
2023-02-27 17:41:41,215 - ERROR - COM12: AppkeyAdd: ERROR_INTERNAL
2023-02-27 18:16:57,850 - DEBUG - COM12: exited read event
