2023-02-28 15:12:11,241 - DEBUG - COM14: TX: 616965261bc22271f0d3b96a85be6feb363e52c2694ecd88bd128424c5b2283680c326866e336f46e09a8a9a24672e542f0e1b5d4abfc0aef80066cc1579c632889290ef274bee0aa07233c83f34b99ae21c17daac008170946dbb21528f71b680e9
2023-02-28 15:12:13,256 - INFO - COM14: cmd KeypairSet, timeout waiting for event
2023-02-28 15:12:13,256 - DEBUG - COM14: TX: 059f01000100
2023-02-28 15:12:15,269 - INFO - COM14: cmd AddrLocalUnicastSet, timeout waiting for event
2023-02-28 15:12:15,271 - DEBUG - COM14: TX: 1392000018eed9c2a56add85049ffc3c59ad0e12
2023-02-28 15:12:17,276 - INFO - COM14: cmd SubnetAdd, timeout waiting for event
2023-02-28 15:12:17,276 - DEBUG - COM14: TX: 1597000000004f68ad85d9f48ac8589df665b6b49b8a
2023-02-28 15:12:19,296 - INFO - COM14: cmd AppkeyAdd, timeout waiting for event
2023-02-28 15:12:19,297 - DEBUG - COM14: TX: 1597010000002aa2a6ded5a0798ceab5787ca3ae39fc
2023-02-28 15:12:21,307 - INFO - COM14: cmd AppkeyAdd, timeout waiting for event
2023-02-28 15:13:16,928 - DEBUG - COM14: TX: 6169ef8b2e5942695d187d5a7e0582124e4d1b0c20abda205d460ce02509c2f37d0d848dabde1cbf6be62b9d730282fb13ece22e28b8e281d3e5f94ec3213d45fdcfd9e68664bb02ef1cd0c93d796adaa74e88170d98a6a6eef821eeda8f8acb6881
2023-02-28 15:13:18,939 - INFO - COM14: cmd KeypairSet, timeout waiting for event
2023-02-28 15:13:18,939 - DEBUG - COM14: TX: 059f01000100
2023-02-28 15:13:20,949 - INFO - COM14: cmd AddrLocalUnicastSet, timeout waiting for event
2023-02-28 15:13:20,949 - DEBUG - COM14: TX: 1392000018eed9c2a56add85049ffc3c59ad0e12
2023-02-28 15:13:22,959 - INFO - COM14: cmd SubnetAdd, timeout waiting for event
2023-02-28 15:13:22,960 - DEBUG - COM14: TX: 1597000000004f68ad85d9f48ac8589df665b6b49b8a
2023-02-28 15:13:24,962 - INFO - COM14: cmd AppkeyAdd, timeout waiting for event
2023-02-28 15:13:24,962 - DEBUG - COM14: TX: 1597010000002aa2a6ded5a0798ceab5787ca3ae39fc
2023-02-28 15:13:26,964 - INFO - COM14: cmd AppkeyAdd, timeout waiting for event
2023-02-28 15:13:34,935 - DEBUG - COM14: exited read event
