2023-02-28 16:05:23,532 - DEBUG - COM3: TX: 61692450dddb86eb046117680210131a913b0ace455888e3bc5e34639db038b59b4e21f667e36aaffc4ca496fcbf37ae2a74635732d052e332dbf735dace96becd9873158cd6a28c3bc1fa94f52d212efb3949f0f46945e3e33fc2b0da018c76ec79
2023-02-28 16:05:23,544 - DEBUG - COM3: RX: 03846900
2023-02-28 16:05:23,544 - DEBUG - COM3: parsed_packet {event: CmdRsp, data: {'opcode': 105, 'status': 0, 'data': ''}}
2023-02-28 16:05:23,544 - DEBUG - COM3: TX: 059f01000100
2023-02-28 16:05:23,544 - INFO - COM3: Success
2023-02-28 16:05:23,547 - DEBUG - COM3: RX: 03849f8e
2023-02-28 16:05:23,547 - DEBUG - COM3: parsed_packet {event: CmdRsp, data: {'opcode': 159, 'status': 142, 'data': ''}}
2023-02-28 16:05:23,547 - DEBUG - COM3: TX: 1392000018eed9c2a56add85049ffc3c59ad0e12
2023-02-28 16:05:23,547 - ERROR - COM3: None: ERROR_REJECTED
2023-02-28 16:05:23,550 - DEBUG - COM3: RX: 03849281
2023-02-28 16:05:23,550 - DEBUG - COM3: parsed_packet {event: CmdRsp, data: {'opcode': 146, 'status': 129, 'data': ''}}
2023-02-28 16:05:23,550 - DEBUG - COM3: TX: 1597000000004f68ad85d9f48ac8589df665b6b49b8a
2023-02-28 16:05:23,550 - ERROR - COM3: SubnetAdd: ERROR_INTERNAL
2023-02-28 16:05:23,554 - DEBUG - COM3: RX: 03849781
2023-02-28 16:05:23,554 - DEBUG - COM3: parsed_packet {event: CmdRsp, data: {'opcode': 151, 'status': 129, 'data': ''}}
2023-02-28 16:05:23,555 - DEBUG - COM3: TX: 1597010000002aa2a6ded5a0798ceab5787ca3ae39fc
2023-02-28 16:05:23,554 - ERROR - COM3: AppkeyAdd: ERROR_INTERNAL
2023-02-28 16:05:23,558 - DEBUG - COM3: RX: 03849781
2023-02-28 16:05:23,558 - DEBUG - COM3: parsed_packet {event: CmdRsp, data: {'opcode': 151, 'status': 129, 'data': ''}}
2023-02-28 16:05:23,558 - ERROR - COM3: AppkeyAdd: ERROR_INTERNAL
