2023-02-28 17:14:32,670 - DEBUG - COM3: TX: 616952893a36a82f8aee0f3e970a386bac4a046df7e9f3cd9a35372740306444707fea3935ab8c70ecc236a27c032cdd81a250329362a4c37b00517bdcf16b5abab3472336e679efc47747b62e0e3a05f226adf0afeead768e7d4ae3f49b02292b7a
2023-02-28 17:14:32,677 - DEBUG - COM3: RX: 03846900
2023-02-28 17:14:32,677 - DEBUG - COM3: parsed_packet {event: CmdRsp, data: {'opcode': 105, 'status': 0, 'data': ''}}
2023-02-28 17:14:32,677 - DEBUG - COM3: TX: 059f01000100
2023-02-28 17:14:32,677 - INFO - COM3: Success
2023-02-28 17:14:32,685 - DEBUG - COM3: RX: 03849f8e
2023-02-28 17:14:32,685 - DEBUG - COM3: parsed_packet {event: CmdRsp, data: {'opcode': 159, 'status': 142, 'data': ''}}
2023-02-28 17:14:32,685 - DEBUG - COM3: TX: 1392000018eed9c2a56add85049ffc3c59ad0e12
2023-02-28 17:14:32,685 - ERROR - COM3: None: ERROR_REJECTED
2023-02-28 17:14:32,685 - DEBUG - COM3: RX: 03849281
2023-02-28 17:14:32,685 - DEBUG - COM3: parsed_packet {event: CmdRsp, data: {'opcode': 146, 'status': 129, 'data': ''}}
2023-02-28 17:14:32,685 - DEBUG - COM3: TX: 1597000000004f68ad85d9f48ac8589df665b6b49b8a
2023-02-28 17:14:32,685 - ERROR - COM3: SubnetAdd: ERROR_INTERNAL
2023-02-28 17:14:32,693 - DEBUG - COM3: RX: 03849781
2023-02-28 17:14:32,693 - DEBUG - COM3: parsed_packet {event: CmdRsp, data: {'opcode': 151, 'status': 129, 'data': ''}}
2023-02-28 17:14:32,693 - DEBUG - COM3: TX: 1597010000002aa2a6ded5a0798ceab5787ca3ae39fc
2023-02-28 17:14:32,693 - ERROR - COM3: AppkeyAdd: ERROR_INTERNAL
2023-02-28 17:14:32,693 - DEBUG - COM3: RX: 03849781
2023-02-28 17:14:32,693 - DEBUG - COM3: parsed_packet {event: CmdRsp, data: {'opcode': 151, 'status': 129, 'data': ''}}
2023-02-28 17:14:32,693 - ERROR - COM3: AppkeyAdd: ERROR_INTERNAL
