2023-02-28 17:48:53,536 - DEBUG - COM3: TX: 6169f991ed50a9bf4e4d70f3d8849f9654b4fb06e6730cbd50e79c574cc5790cb8206dc3c2a137ffd0ea75bcb8dbf55466d22d29ab3df07dd0a112d22205092c9bb7f79552e739eaec34f8a4facbd0288b663a87bff6f8d62bf3ab55b6e334b0c61f
2023-02-28 17:48:53,545 - DEBUG - COM3: RX: 03846900
2023-02-28 17:48:53,545 - DEBUG - COM3: parsed_packet {event: CmdRsp, data: {'opcode': 105, 'status': 0, 'data': ''}}
2023-02-28 17:48:53,545 - DEBUG - COM3: TX: 059f01000100
2023-02-28 17:48:53,545 - INFO - COM3: Success
2023-02-28 17:48:53,545 - DEBUG - COM3: RX: 03849f8e
2023-02-28 17:48:53,545 - DEBUG - COM3: parsed_packet {event: CmdRsp, data: {'opcode': 159, 'status': 142, 'data': ''}}
2023-02-28 17:48:53,545 - DEBUG - COM3: TX: 1392000018eed9c2a56add85049ffc3c59ad0e12
2023-02-28 17:48:53,545 - ERROR - COM3: None: ERROR_REJECTED
2023-02-28 17:48:53,553 - DEBUG - COM3: RX: 03849281
2023-02-28 17:48:53,553 - DEBUG - COM3: parsed_packet {event: CmdRsp, data: {'opcode': 146, 'status': 129, 'data': ''}}
2023-02-28 17:48:53,553 - DEBUG - COM3: TX: 1597000000004f68ad85d9f48ac8589df665b6b49b8a
2023-02-28 17:48:53,553 - ERROR - COM3: SubnetAdd: ERROR_INTERNAL
2023-02-28 17:48:53,553 - DEBUG - COM3: RX: 03849781
2023-02-28 17:48:53,553 - DEBUG - COM3: parsed_packet {event: CmdRsp, data: {'opcode': 151, 'status': 129, 'data': ''}}
2023-02-28 17:48:53,553 - DEBUG - COM3: TX: 1597010000002aa2a6ded5a0798ceab5787ca3ae39fc
2023-02-28 17:48:53,553 - ERROR - COM3: AppkeyAdd: ERROR_INTERNAL
2023-02-28 17:48:53,561 - DEBUG - COM3: RX: 03849781
2023-02-28 17:48:53,561 - DEBUG - COM3: parsed_packet {event: CmdRsp, data: {'opcode': 151, 'status': 129, 'data': ''}}
2023-02-28 17:48:53,561 - ERROR - COM3: AppkeyAdd: ERROR_INTERNAL
