2023-04-03 20:55:13,807 - DEBUG - COM6: TX: 6169f66ffa93798f9c13159952b3d7cb8262ffeaf5446094af816b9cf5d192704e45e1af9a0c41bb84b87c0385a9d14125c70d32b4b34914586a387fd60fc3817ab3fb0f0299928d05af2f48295b4e2d71521da9f487ba42d2454c00d2d5a67f5a25
2023-04-03 20:55:13,807 - DEBUG - COM6: RX: 03846900
2023-04-03 20:55:13,807 - DEBUG - COM6: parsed_packet {event: CmdRsp, data: {'opcode': 105, 'status': 0, 'data': ''}}
2023-04-03 20:55:13,807 - DEBUG - COM6: TX: 059f01000100
2023-04-03 20:55:13,807 - INFO - COM6: Success
2023-04-03 20:55:13,807 - DEBUG - COM6: RX: 03849f8e
2023-04-03 20:55:13,807 - DEBUG - COM6: parsed_packet {event: CmdRsp, data: {'opcode': 159, 'status': 142, 'data': ''}}
2023-04-03 20:55:13,807 - DEBUG - COM6: TX: 1392000018eed9c2a56add85049ffc3c59ad0e12
2023-04-03 20:55:13,807 - ERROR - COM6: None: ERROR_REJECTED
2023-04-03 20:55:13,824 - DEBUG - COM6: RX: 03849281
2023-04-03 20:55:13,824 - DEBUG - COM6: parsed_packet {event: CmdRsp, data: {'opcode': 146, 'status': 129, 'data': ''}}
2023-04-03 20:55:13,824 - DEBUG - COM6: TX: 1597000000004f68ad85d9f48ac8589df665b6b49b8a
2023-04-03 20:55:13,824 - ERROR - COM6: SubnetAdd: ERROR_INTERNAL
2023-04-03 20:55:13,824 - DEBUG - COM6: RX: 03849781
2023-04-03 20:55:13,824 - DEBUG - COM6: parsed_packet {event: CmdRsp, data: {'opcode': 151, 'status': 129, 'data': ''}}
2023-04-03 20:55:13,824 - DEBUG - COM6: TX: 1597010000002aa2a6ded5a0798ceab5787ca3ae39fc
2023-04-03 20:55:13,824 - ERROR - COM6: AppkeyAdd: ERROR_INTERNAL
2023-04-03 20:55:13,824 - DEBUG - COM6: RX: 03849781
2023-04-03 20:55:13,824 - DEBUG - COM6: parsed_packet {event: CmdRsp, data: {'opcode': 151, 'status': 129, 'data': ''}}
2023-04-03 20:55:13,824 - ERROR - COM6: AppkeyAdd: ERROR_INTERNAL
