2023-03-22 17:04:49,487 - DEBUG - COM7: RX: 43cb84ac74af2c7527bae0000184ac74af2cf51ac08d31bfd38af64c48b1d2ecb571690b0ac4000131d2ecb571e91ac0b4f0897eae8e43cb84ac74af2c7527bae3000184
2023-03-22 17:04:49,487 - ERROR - COM7: Unable to deserialize 43cb84ac74af2c7527bae0000184ac74af2cf51ac08d31bfd38af64c48b1d2ecb571690b0ac4000131d2ecb571e91ac0b4f0897eae8e43cb84ac74af2c7527bae3000184
2023-03-22 17:04:49,496 - DEBUG - COM7: RX: ac74af2cf51ac0b4f0897eae8e43cb84ac74af2c7527bae3000184ac74af2cf51ac08d31bfd38af64c48b1d2ecb571690b0ad5000131d2ecb571e91ac08d31bfd38af64c48b1d2ecb571690b0ac4000131d2ecb571e91ac0b4f0897eae8e43cb84ac74af2c7527bae3000184ac74af2cf51ac08d31bfd38af64c48b1d2ecb571690b0ad6000131d2ecb571e91ac0b4f0897eae8e43cb84ac74af2c7527bae3000184ac74af2cf51ac08d31bfd3
2023-03-22 17:04:49,517 - DEBUG - COM7: TX: 6169b96c2f854ad187198ef5289625f92c19e1699821eaebc593e9107ca01eb80785967983943a5dfff7c416c8ddfabadacb1362df9d7af569a9ed3125d7348d42f88083d6d3c95534eff965412c4a40bd4d5344c8ae9e83b969e265cc5ec047630b
2023-03-22 17:04:49,537 - ERROR - COM7: Unable to deserialize ac74af2cf51ac0b4f0897eae8e43cb84ac74af2c7527bae3000184ac74af2cf51ac08d31bfd38af64c48b1d2ecb571690b0ad5000131d2ecb571e91ac08d31bfd38af64c48b1d2ecb571690b0ac4000131d2ecb571e91ac0b4f0897eae8e43cb84ac74af2c7527bae3000184ac74af2cf51ac08d31bfd38af64c48b1d2ecb571690b0ad6000131d2ecb571e91ac0b4f0897eae8e43cb84ac74af2c7527bae3000184ac74af2cf51ac08d31bfd3
2023-03-22 17:04:49,537 - DEBUG - COM7: RX: 8af64c48b1d2ecb571690b0ad5000131d2ecb571e91ac08d31bfd38af64c48b1d2ecb571690b0ac1000131d2ecb571e91ac0b4f0897eae8e43cb84ac74af2c7527bae3000184ac74af2cf51ac08d31bfd38af64c48b1d2ecb571690b0ad6000131d2ecb571e91ac0b4f0897eae8e43cb84ac74af2c7527bae3000184ac74af2cf51ac08d31bfd38af64c48
2023-03-22 17:04:49,537 - ERROR - COM7: Unable to deserialize 8af64c48b1d2ecb571690b0ad5000131d2ecb571e91ac08d31bfd38af64c48b1d2ecb571690b0ac1000131d2ecb571e91ac0b4f0897eae8e43cb84ac74af2c7527bae3000184ac74af2cf51ac08d31bfd38af64c48b1d2ecb571690b0ad6000131d2ecb571e91ac0b4f0897eae8e43cb84ac74af2c7527bae3000184ac74af2cf51ac08d31bfd38af64c48
2023-03-22 17:04:56,564 - DEBUG - COM7: RX: b1d2ecb571690b0ad5000131d2ecb571e9038469001ac08d31bfd38af64c48b1d2ecb571690b0acb000131d2ecb571e91ac0b4f0897eae8e43cb84ac74af2c7527bad7000184ac74af2cf51ac08d31bfd38af64c48b1d2ecb571690b0ad7000131d2ecb571e91ac0b4f0897eae8e43cb84ac74af2c7527badf000184ac74af2cf51ac0b4f0897eae8e43cb84ac74af2c7527badc000184ac74af2cf51ac08d31bfd38af64c48b1d2ecb571690b0aca000131
2023-03-22 17:04:56,564 - DEBUG - COM7: parsed_packet {event: MeshTxComplete, data: {'token': 1769059820}}
2023-03-22 17:04:56,564 - DEBUG - COM7: TX: 059f01000100
2023-03-22 17:04:56,564 - INFO - COM7: {event: MeshTxComplete, data: {'token': 1769059820}}
2023-03-22 17:05:05,327 - DEBUG - COM7: RX: d2ecb571e903849f8e1ac0b4f0897eae8e43cb84ac74af2c7527bad7000184ac74af2cf51ac08d31bfd38af64c48b1d2ecb571690b0ad7000131d2ecb571e91ac08d31bfd38af64c48b1d2ecb571690b0ad7000131d2ecb571e91ac0b4f0897eae8e43cb84ac74af2c7527badc000184ac74af2cf51ac08d31bfd38af64c48b1d2ecb571690b0aca000131d2ecb571e91ac0b4f0897eae8e43cb84ac74af2c7527bad7000184ac74af2cf51ac08d31bfd38af64c48b1d2ecb571690b0ad6000131d2ecb571e91ac0b4f0897eae8e43cb84ac74
2023-03-22 17:05:05,327 - ERROR - COM7: Unable to deserialize d2ecb571e903849f8e1ac0b4f0897eae8e43cb84ac74af2c7527bad7000184ac74af2cf51ac08d31bfd38af64c48b1d2ecb571690b0ad7000131d2ecb571e91ac08d31bfd38af64c48b1d2ecb571690b0ad7000131d2ecb571e91ac0b4f0897eae8e43cb84ac74af2c7527badc000184ac74af2cf51ac08d31bfd38af64c48b1d2ecb571690b0aca000131d2ecb571e91ac0b4f0897eae8e43cb84ac74af2c7527bad7000184ac74af2cf51ac08d31bfd38af64c48b1d2ecb571690b0ad6000131d2ecb571e91ac0b4f0897eae8e43cb84ac74
2023-03-22 17:05:12,589 - DEBUG - COM7: RX: af2c7527bade000184ac74af2cf51ac08d31bfd38af64c48b1d2ecb571690b0ad7000131d2ecb571e91ac0b4f0897eae8e43cb84ac74af2c7527badd000184ac74af2cf51ac08d31bfd38af64c48b1d2ecb571690b0acb000131d2ecb571e91ac0b4f0897eae8e43cb84ac74af2c7527bad5000184ac74af2cf51ac08d31bfd38af64c48b1d2ecb571690b0ad7000131d2ecb571e91ac08d31bfd38af64c48b1d2ecb571690b0ad7000131d2ecb571e9
2023-03-22 17:05:12,589 - ERROR - COM7: Unable to deserialize af2c7527bade000184ac74af2cf51ac08d31bfd38af64c48b1d2ecb571690b0ad7000131d2ecb571e91ac0b4f0897eae8e43cb84ac74af2c7527badd000184ac74af2cf51ac08d31bfd38af64c48b1d2ecb571690b0acb000131d2ecb571e91ac0b4f0897eae8e43cb84ac74af2c7527bad5000184ac74af2cf51ac08d31bfd38af64c48b1d2ecb571690b0ad7000131d2ecb571e91ac08d31bfd38af64c48b1d2ecb571690b0ad7000131d2ecb571e9
2023-03-22 17:05:13,349 - DEBUG - COM7: RX: 1ac0b4f0897eae8e43cb84ac74af2c7527badc000184ac74af2cf5
2023-03-22 17:05:13,349 - DEBUG - COM7: parsed_packet {event: ProvUnprovisionedReceived, data: {'uuid': 'b4f0897eae8e43cb84ac74af2c7527ba', 'rssi': -36, 'gatt_supported': 0, 'adv_addr_type': 1, 'adv_addr': '84ac74af2cf5'}}
2023-03-22 17:05:13,349 - DEBUG - COM7: TX: 1392000018eed9c2a56add85049ffc3c59ad0e12
2023-03-22 17:05:13,349 - INFO - COM7: Received UUID b4f0897eae8e43cb84ac74af2c7527ba with RSSI: -36 dB
2023-03-22 17:05:13,358 - DEBUG - COM7: RX: 03849281
2023-03-22 17:05:13,358 - DEBUG - COM7: parsed_packet {event: CmdRsp, data: {'opcode': 146, 'status': 129, 'data': ''}}
2023-03-22 17:05:13,361 - DEBUG - COM7: TX: 1597000000004f68ad85d9f48ac8589df665b6b49b8a
2023-03-22 17:05:13,361 - ERROR - COM7: SubnetAdd: ERROR_INTERNAL
2023-03-22 17:05:13,365 - DEBUG - COM7: RX: 03849781
2023-03-22 17:05:13,365 - DEBUG - COM7: parsed_packet {event: CmdRsp, data: {'opcode': 151, 'status': 129, 'data': ''}}
2023-03-22 17:05:13,365 - DEBUG - COM7: TX: 1597010000002aa2a6ded5a0798ceab5787ca3ae39fc
2023-03-22 17:05:13,365 - ERROR - COM7: AppkeyAdd: ERROR_INTERNAL
2023-03-22 17:05:13,365 - DEBUG - COM7: RX: 03849781
2023-03-22 17:05:13,365 - DEBUG - COM7: parsed_packet {event: CmdRsp, data: {'opcode': 151, 'status': 129, 'data': ''}}
2023-03-22 17:05:13,365 - DEBUG - COM7: TX: 0161
2023-03-22 17:05:13,365 - ERROR - COM7: AppkeyAdd: ERROR_INTERNAL
2023-03-22 17:05:13,373 - DEBUG - COM7: RX: 03846183
2023-03-22 17:05:13,373 - DEBUG - COM7: parsed_packet {event: CmdRsp, data: {'opcode': 97, 'status': 131, 'data': ''}}
2023-03-22 17:05:13,374 - DEBUG - COM7: TX: 0162
2023-03-22 17:05:13,373 - ERROR - COM7: None: ERROR_INVALID_STATE
2023-03-22 17:05:13,375 - DEBUG - COM7: RX: 03846200
2023-03-22 17:05:13,375 - DEBUG - COM7: parsed_packet {event: CmdRsp, data: {'opcode': 98, 'status': 0, 'data': ''}}
2023-03-22 17:05:13,375 - INFO - COM7: Success
2023-03-22 17:05:40,806 - DEBUG - COM7: exited read event
