2023-03-22 16:40:08,842 - DEBUG - COM7: TX: 6169394137105ef080eb1c273039b33508bc43cd504f0b6708d9089b3314e4dfbc78dec985bf68c334c71d323b88dd42080bd40d884dba55645639bbf7d517c9f8a37ba678fe5cbfd9fddd859c92e4ed8b357e37ac21a3203f8189fb747607e35ca4
2023-03-22 16:40:08,854 - DEBUG - COM7: RX: 03846900
2023-03-22 16:40:08,854 - DEBUG - COM7: parsed_packet {event: CmdRsp, data: {'opcode': 105, 'status': 0, 'data': ''}}
2023-03-22 16:40:08,854 - DEBUG - COM7: TX: 059f01000100
2023-03-22 16:40:08,854 - INFO - COM7: Success
2023-03-22 16:40:08,856 - DEBUG - COM7: RX: 03849f8e
2023-03-22 16:40:08,858 - DEBUG - COM7: parsed_packet {event: CmdRsp, data: {'opcode': 159, 'status': 142, 'data': ''}}
2023-03-22 16:40:08,858 - DEBUG - COM7: TX: 1392000018eed9c2a56add85049ffc3c59ad0e12
2023-03-22 16:40:08,858 - ERROR - COM7: None: ERROR_REJECTED
2023-03-22 16:40:08,871 - DEBUG - COM7: RX: 03849281
2023-03-22 16:40:08,872 - DEBUG - COM7: parsed_packet {event: CmdRsp, data: {'opcode': 146, 'status': 129, 'data': ''}}
2023-03-22 16:40:08,872 - DEBUG - COM7: TX: 1597000000004f68ad85d9f48ac8589df665b6b49b8a
2023-03-22 16:40:08,872 - ERROR - COM7: SubnetAdd: ERROR_INTERNAL
2023-03-22 16:40:08,896 - DEBUG - COM7: RX: 03849781
2023-03-22 16:40:08,896 - DEBUG - COM7: parsed_packet {event: CmdRsp, data: {'opcode': 151, 'status': 129, 'data': ''}}
2023-03-22 16:40:08,896 - DEBUG - COM7: TX: 1597010000002aa2a6ded5a0798ceab5787ca3ae39fc
2023-03-22 16:40:08,896 - ERROR - COM7: AppkeyAdd: ERROR_INTERNAL
2023-03-22 16:40:08,900 - DEBUG - COM7: RX: 03849781
2023-03-22 16:40:08,900 - DEBUG - COM7: parsed_packet {event: CmdRsp, data: {'opcode': 151, 'status': 129, 'data': ''}}
2023-03-22 16:40:08,901 - DEBUG - COM7: TX: 0161
2023-03-22 16:40:08,900 - ERROR - COM7: AppkeyAdd: ERROR_INTERNAL
2023-03-22 16:40:08,904 - DEBUG - COM7: RX: 03846100
2023-03-22 16:40:08,904 - DEBUG - COM7: parsed_packet {event: CmdRsp, data: {'opcode': 97, 'status': 0, 'data': ''}}
2023-03-22 16:40:08,904 - DEBUG - COM7: TX: 0162
2023-03-22 16:40:08,904 - INFO - COM7: Success
2023-03-22 16:40:08,906 - DEBUG - COM7: RX: 03846200
2023-03-22 16:40:08,906 - DEBUG - COM7: parsed_packet {event: CmdRsp, data: {'opcode': 98, 'status': 0, 'data': ''}}
2023-03-22 16:40:08,906 - INFO - COM7: Success
2023-03-22 16:40:55,101 - DEBUG - COM7: exited read event
2023-03-22 16:40:56,599 - DEBUG - COM7: TX: 6169ab8012fa0a7449158f0d78830640e1e707ec641ef8263ddfa6c6693886e8135b48e497beed10dd2d8e82ec0e93b825f4e457d453da74f5062d8d4e362f5c7792b6173a97654e4aded96f413c44298642ac9a676ac1848af93886413e25573272
2023-03-22 16:40:56,612 - DEBUG - COM7: exited read event
