2023-03-24 20:17:17,372 - DEBUG - COM7: TX: 6169e33ff917174e1dfb48b2bdb849910172d0082d5025bb84fdf429478a0720a9c1b4015f3e0a7393c64d073cbc9e75b4ecf9abfee0ec757a28116235c8847bdaa49f6d8c7efe3ed1fe02f661dfad30242b64d9a274cedcbcabb0a7579a8ed58f4d
2023-03-24 20:17:17,383 - DEBUG - COM7: RX: 03846900
2023-03-24 20:17:17,383 - DEBUG - COM7: parsed_packet {event: CmdRsp, data: {'opcode': 105, 'status': 0, 'data': ''}}
2023-03-24 20:17:17,383 - DEBUG - COM7: TX: 059f01000100
2023-03-24 20:17:17,383 - INFO - COM7: Success
2023-03-24 20:17:17,385 - DEBUG - COM7: RX: 03849f8e
2023-03-24 20:17:17,385 - DEBUG - COM7: parsed_packet {event: CmdRsp, data: {'opcode': 159, 'status': 142, 'data': ''}}
2023-03-24 20:17:17,385 - DEBUG - COM7: TX: 1392000018eed9c2a56add85049ffc3c59ad0e12
2023-03-24 20:17:17,385 - ERROR - COM7: None: ERROR_REJECTED
2023-03-24 20:17:17,398 - DEBUG - COM7: RX: 03849281
2023-03-24 20:17:17,398 - DEBUG - COM7: parsed_packet {event: CmdRsp, data: {'opcode': 146, 'status': 129, 'data': ''}}
2023-03-24 20:17:17,398 - DEBUG - COM7: TX: 1597000000004f68ad85d9f48ac8589df665b6b49b8a
2023-03-24 20:17:17,398 - ERROR - COM7: SubnetAdd: ERROR_INTERNAL
2023-03-24 20:17:17,402 - DEBUG - COM7: RX: 03849781
2023-03-24 20:17:17,402 - DEBUG - COM7: parsed_packet {event: CmdRsp, data: {'opcode': 151, 'status': 129, 'data': ''}}
2023-03-24 20:17:17,402 - DEBUG - COM7: TX: 1597010000002aa2a6ded5a0798ceab5787ca3ae39fc
2023-03-24 20:17:17,402 - ERROR - COM7: AppkeyAdd: ERROR_INTERNAL
2023-03-24 20:17:17,406 - DEBUG - COM7: RX: 03849781
2023-03-24 20:17:17,406 - DEBUG - COM7: parsed_packet {event: CmdRsp, data: {'opcode': 151, 'status': 129, 'data': ''}}
2023-03-24 20:17:17,406 - ERROR - COM7: AppkeyAdd: ERROR_INTERNAL
