2023-03-22 18:22:46,016 - DEBUG - COM7: TX: 6169c91fd64a0b965b3f0c81a1bb233fc80cce7d246dc27dcac5db37cd3754fdbebec54eb3ca30f871349a3f4d4d81a3f4cde5febe19cc36c8e94098d46ca4a9b8e0a858df9168496a006f74b6da4305b20820b54068f8571f2396303ae51aa6e62c
2023-03-22 18:22:46,032 - DEBUG - COM7: RX: 03846900
2023-03-22 18:22:46,032 - DEBUG - COM7: parsed_packet {event: CmdRsp, data: {'opcode': 105, 'status': 0, 'data': ''}}
2023-03-22 18:22:46,032 - DEBUG - COM7: TX: 059f01000100
2023-03-22 18:22:46,032 - INFO - COM7: Success
2023-03-22 18:22:46,032 - DEBUG - COM7: RX: 03849f8e
2023-03-22 18:22:46,032 - DEBUG - COM7: parsed_packet {event: CmdRsp, data: {'opcode': 159, 'status': 142, 'data': ''}}
2023-03-22 18:22:46,032 - DEBUG - COM7: TX: 1392000018eed9c2a56add85049ffc3c59ad0e12
2023-03-22 18:22:46,032 - ERROR - COM7: None: ERROR_REJECTED
2023-03-22 18:22:46,040 - DEBUG - COM7: RX: 03849281
2023-03-22 18:22:46,040 - DEBUG - COM7: parsed_packet {event: CmdRsp, data: {'opcode': 146, 'status': 129, 'data': ''}}
2023-03-22 18:22:46,040 - DEBUG - COM7: TX: 1597000000004f68ad85d9f48ac8589df665b6b49b8a
2023-03-22 18:22:46,040 - ERROR - COM7: SubnetAdd: ERROR_INTERNAL
2023-03-22 18:22:46,040 - DEBUG - COM7: RX: 03849781
2023-03-22 18:22:46,040 - DEBUG - COM7: parsed_packet {event: CmdRsp, data: {'opcode': 151, 'status': 129, 'data': ''}}
2023-03-22 18:22:46,040 - DEBUG - COM7: TX: 1597010000002aa2a6ded5a0798ceab5787ca3ae39fc
2023-03-22 18:22:46,040 - ERROR - COM7: AppkeyAdd: ERROR_INTERNAL
2023-03-22 18:22:46,048 - DEBUG - COM7: RX: 03849781
2023-03-22 18:22:46,048 - DEBUG - COM7: parsed_packet {event: CmdRsp, data: {'opcode': 151, 'status': 129, 'data': ''}}
2023-03-22 18:22:46,048 - ERROR - COM7: AppkeyAdd: ERROR_INTERNAL
2023-03-22 18:22:48,593 - DEBUG - COM7: TX: 0161
2023-03-22 18:22:48,596 - DEBUG - COM7: RX: 03846100
2023-03-22 18:22:48,596 - DEBUG - COM7: parsed_packet {event: CmdRsp, data: {'opcode': 97, 'status': 0, 'data': ''}}
2023-03-22 18:22:48,596 - INFO - COM7: Success
2023-03-22 18:22:48,989 - DEBUG - COM7: RX: 1ac0b4f0897eae8e43cb84ac74af2c7527badd000184ac74af2cf5
2023-03-22 18:22:48,989 - DEBUG - COM7: parsed_packet {event: ProvUnprovisionedReceived, data: {'uuid': 'b4f0897eae8e43cb84ac74af2c7527ba', 'rssi': -35, 'gatt_supported': 0, 'adv_addr_type': 1, 'adv_addr': '84ac74af2cf5'}}
2023-03-22 18:22:48,989 - INFO - COM7: Received UUID b4f0897eae8e43cb84ac74af2c7527ba with RSSI: -35 dB
2023-03-22 18:22:50,302 - DEBUG - COM7: RX: 1ac08d31bfd38af64c48b1d2ecb571690b0ad0000131d2ecb571e9
2023-03-22 18:22:50,302 - DEBUG - COM7: parsed_packet {event: ProvUnprovisionedReceived, data: {'uuid': '8d31bfd38af64c48b1d2ecb571690b0a', 'rssi': -48, 'gatt_supported': 0, 'adv_addr_type': 1, 'adv_addr': '31d2ecb571e9'}}
2023-03-22 18:22:50,302 - INFO - COM7: Received UUID 8d31bfd38af64c48b1d2ecb571690b0a with RSSI: -48 dB
2023-03-22 18:22:50,993 - DEBUG - COM7: RX: 1ac0b4f0897eae8e43cb84ac74af2c7527bad7000184ac74af2cf5
2023-03-22 18:22:50,993 - DEBUG - COM7: parsed_packet {event: ProvUnprovisionedReceived, data: {'uuid': 'b4f0897eae8e43cb84ac74af2c7527ba', 'rssi': -41, 'gatt_supported': 0, 'adv_addr_type': 1, 'adv_addr': '84ac74af2cf5'}}
2023-03-22 18:22:52,301 - DEBUG - COM7: RX: 1ac08d31bfd38af64c48b1d2ecb571690b0ac7000131d2ecb571e9
2023-03-22 18:22:52,301 - DEBUG - COM7: parsed_packet {event: ProvUnprovisionedReceived, data: {'uuid': '8d31bfd38af64c48b1d2ecb571690b0a', 'rssi': -57, 'gatt_supported': 0, 'adv_addr_type': 1, 'adv_addr': '31d2ecb571e9'}}
2023-03-22 18:22:52,999 - DEBUG - COM7: RX: 1ac0b4f0897eae8e43cb84ac74af2c7527badf000184ac74af2cf5
2023-03-22 18:22:53,003 - DEBUG - COM7: parsed_packet {event: ProvUnprovisionedReceived, data: {'uuid': 'b4f0897eae8e43cb84ac74af2c7527ba', 'rssi': -33, 'gatt_supported': 0, 'adv_addr_type': 1, 'adv_addr': '84ac74af2cf5'}}
2023-03-22 18:22:54,313 - DEBUG - COM7: RX: 1ac08d31bfd38af64c48b1d2ecb571690b0ad1000131d2ecb571e9
2023-03-22 18:22:54,313 - DEBUG - COM7: parsed_packet {event: ProvUnprovisionedReceived, data: {'uuid': '8d31bfd38af64c48b1d2ecb571690b0a', 'rssi': -47, 'gatt_supported': 0, 'adv_addr_type': 1, 'adv_addr': '31d2ecb571e9'}}
2023-03-22 18:22:55,003 - DEBUG - COM7: RX: 1ac0b4f0897eae8e43cb84ac74af2c7527badd000184ac74af2cf5
2023-03-22 18:22:55,003 - DEBUG - COM7: parsed_packet {event: ProvUnprovisionedReceived, data: {'uuid': 'b4f0897eae8e43cb84ac74af2c7527ba', 'rssi': -35, 'gatt_supported': 0, 'adv_addr_type': 1, 'adv_addr': '84ac74af2cf5'}}
2023-03-22 18:22:56,315 - DEBUG - COM7: RX: 1ac08d31bfd38af64c48b1d2ecb571690b0ad2000131d2ecb571e9
2023-03-22 18:22:56,316 - DEBUG - COM7: parsed_packet {event: ProvUnprovisionedReceived, data: {'uuid': '8d31bfd38af64c48b1d2ecb571690b0a', 'rssi': -46, 'gatt_supported': 0, 'adv_addr_type': 1, 'adv_addr': '31d2ecb571e9'}}
2023-03-22 18:22:57,008 - DEBUG - COM7: RX: 1ac0b4f0897eae8e43cb84ac74af2c7527bad8000184ac74af2cf5
2023-03-22 18:22:57,008 - DEBUG - COM7: parsed_packet {event: ProvUnprovisionedReceived, data: {'uuid': 'b4f0897eae8e43cb84ac74af2c7527ba', 'rssi': -40, 'gatt_supported': 0, 'adv_addr_type': 1, 'adv_addr': '84ac74af2cf5'}}
2023-03-22 18:22:58,315 - DEBUG - COM7: RX: 1ac08d31bfd38af64c48b1d2ecb571690b0ac8000131d2ecb571e9
2023-03-22 18:22:58,320 - DEBUG - COM7: parsed_packet {event: ProvUnprovisionedReceived, data: {'uuid': '8d31bfd38af64c48b1d2ecb571690b0a', 'rssi': -56, 'gatt_supported': 0, 'adv_addr_type': 1, 'adv_addr': '31d2ecb571e9'}}
2023-03-22 18:22:59,010 - DEBUG - COM7: RX: 1ac0b4f0897eae8e43cb84ac74af2c7527bae0000184ac74af2cf5
2023-03-22 18:22:59,010 - DEBUG - COM7: parsed_packet {event: ProvUnprovisionedReceived, data: {'uuid': 'b4f0897eae8e43cb84ac74af2c7527ba', 'rssi': -32, 'gatt_supported': 0, 'adv_addr_type': 1, 'adv_addr': '84ac74af2cf5'}}
2023-03-22 18:23:00,326 - DEBUG - COM7: RX: 1ac08d31bfd38af64c48b1d2ecb571690b0ad1000131d2ecb571e9
2023-03-22 18:23:00,326 - DEBUG - COM7: parsed_packet {event: ProvUnprovisionedReceived, data: {'uuid': '8d31bfd38af64c48b1d2ecb571690b0a', 'rssi': -47, 'gatt_supported': 0, 'adv_addr_type': 1, 'adv_addr': '31d2ecb571e9'}}
2023-03-22 18:23:01,018 - DEBUG - COM7: RX: 1ac0b4f0897eae8e43cb84ac74af2c7527badc000184ac74af2cf5
2023-03-22 18:23:01,018 - DEBUG - COM7: parsed_packet {event: ProvUnprovisionedReceived, data: {'uuid': 'b4f0897eae8e43cb84ac74af2c7527ba', 'rssi': -36, 'gatt_supported': 0, 'adv_addr_type': 1, 'adv_addr': '84ac74af2cf5'}}
2023-03-22 18:23:02,337 - DEBUG - COM7: RX: 1ac08d31bfd38af64c48b1d2ecb571690b0ad2000131d2ecb571e9
2023-03-22 18:23:02,337 - DEBUG - COM7: parsed_packet {event: ProvUnprovisionedReceived, data: {'uuid': '8d31bfd38af64c48b1d2ecb571690b0a', 'rssi': -46, 'gatt_supported': 0, 'adv_addr_type': 1, 'adv_addr': '31d2ecb571e9'}}
2023-03-22 18:23:03,027 - DEBUG - COM7: RX: 1ac0b4f0897eae8e43cb84ac74af2c7527bad8000184ac74af2cf5
2023-03-22 18:23:03,027 - DEBUG - COM7: parsed_packet {event: ProvUnprovisionedReceived, data: {'uuid': 'b4f0897eae8e43cb84ac74af2c7527ba', 'rssi': -40, 'gatt_supported': 0, 'adv_addr_type': 1, 'adv_addr': '84ac74af2cf5'}}
2023-03-22 18:23:04,337 - DEBUG - COM7: RX: 1ac08d31bfd38af64c48b1d2ecb571690b0ac7000131d2ecb571e9
2023-03-22 18:23:04,337 - DEBUG - COM7: parsed_packet {event: ProvUnprovisionedReceived, data: {'uuid': '8d31bfd38af64c48b1d2ecb571690b0a', 'rssi': -57, 'gatt_supported': 0, 'adv_addr_type': 1, 'adv_addr': '31d2ecb571e9'}}
2023-03-22 18:23:05,026 - DEBUG - COM7: RX: 1ac0b4f0897eae8e43cb84ac74af2c7527bae0000184ac74af2cf5
2023-03-22 18:23:05,026 - DEBUG - COM7: parsed_packet {event: ProvUnprovisionedReceived, data: {'uuid': 'b4f0897eae8e43cb84ac74af2c7527ba', 'rssi': -32, 'gatt_supported': 0, 'adv_addr_type': 1, 'adv_addr': '84ac74af2cf5'}}
2023-03-22 18:23:07,038 - DEBUG - COM7: RX: 1ac0b4f0897eae8e43cb84ac74af2c7527badc000184ac74af2cf5
2023-03-22 18:23:07,038 - DEBUG - COM7: parsed_packet {event: ProvUnprovisionedReceived, data: {'uuid': 'b4f0897eae8e43cb84ac74af2c7527ba', 'rssi': -36, 'gatt_supported': 0, 'adv_addr_type': 1, 'adv_addr': '84ac74af2cf5'}}
2023-03-22 18:23:08,344 - DEBUG - COM7: RX: 1ac08d31bfd38af64c48b1d2ecb571690b0ad1000131d2ecb571e9
2023-03-22 18:23:08,344 - DEBUG - COM7: parsed_packet {event: ProvUnprovisionedReceived, data: {'uuid': '8d31bfd38af64c48b1d2ecb571690b0a', 'rssi': -47, 'gatt_supported': 0, 'adv_addr_type': 1, 'adv_addr': '31d2ecb571e9'}}
2023-03-22 18:23:09,034 - DEBUG - COM7: RX: 1ac0b4f0897eae8e43cb84ac74af2c7527bad8000184ac74af2cf5
2023-03-22 18:23:09,034 - DEBUG - COM7: parsed_packet {event: ProvUnprovisionedReceived, data: {'uuid': 'b4f0897eae8e43cb84ac74af2c7527ba', 'rssi': -40, 'gatt_supported': 0, 'adv_addr_type': 1, 'adv_addr': '84ac74af2cf5'}}
2023-03-22 18:23:10,355 - DEBUG - COM7: RX: 1ac08d31bfd38af64c48b1d2ecb571690b0ac7000131d2ecb571e9
2023-03-22 18:23:10,387 - DEBUG - COM7: parsed_packet {event: ProvUnprovisionedReceived, data: {'uuid': '8d31bfd38af64c48b1d2ecb571690b0a', 'rssi': -57, 'gatt_supported': 0, 'adv_addr_type': 1, 'adv_addr': '31d2ecb571e9'}}
2023-03-22 18:23:11,047 - DEBUG - COM7: RX: 1ac0b4f0897eae8e43cb84ac74af2c7527badd000184ac74af2cf5
2023-03-22 18:23:11,047 - DEBUG - COM7: parsed_packet {event: ProvUnprovisionedReceived, data: {'uuid': 'b4f0897eae8e43cb84ac74af2c7527ba', 'rssi': -35, 'gatt_supported': 0, 'adv_addr_type': 1, 'adv_addr': '84ac74af2cf5'}}
2023-03-22 18:23:12,351 - DEBUG - COM7: RX: 1ac08d31bfd38af64c48b1d2ecb571690b0ad1000131d2ecb571e9
2023-03-22 18:23:12,351 - DEBUG - COM7: parsed_packet {event: ProvUnprovisionedReceived, data: {'uuid': '8d31bfd38af64c48b1d2ecb571690b0a', 'rssi': -47, 'gatt_supported': 0, 'adv_addr_type': 1, 'adv_addr': '31d2ecb571e9'}}
2023-03-22 18:23:13,051 - DEBUG - COM7: RX: 1ac0b4f0897eae8e43cb84ac74af2c7527badc000184ac74af2cf5
2023-03-22 18:23:13,051 - DEBUG - COM7: parsed_packet {event: ProvUnprovisionedReceived, data: {'uuid': 'b4f0897eae8e43cb84ac74af2c7527ba', 'rssi': -36, 'gatt_supported': 0, 'adv_addr_type': 1, 'adv_addr': '84ac74af2cf5'}}
2023-03-22 18:23:14,358 - DEBUG - COM7: RX: 1ac08d31bfd38af64c48b1d2ecb571690b0ad2000131d2ecb571e9
2023-03-22 18:23:14,359 - DEBUG - COM7: parsed_packet {event: ProvUnprovisionedReceived, data: {'uuid': '8d31bfd38af64c48b1d2ecb571690b0a', 'rssi': -46, 'gatt_supported': 0, 'adv_addr_type': 1, 'adv_addr': '31d2ecb571e9'}}
2023-03-22 18:23:15,058 - DEBUG - COM7: RX: 1ac0b4f0897eae8e43cb84ac74af2c7527bad8000184ac74af2cf5
2023-03-22 18:23:15,058 - DEBUG - COM7: parsed_packet {event: ProvUnprovisionedReceived, data: {'uuid': 'b4f0897eae8e43cb84ac74af2c7527ba', 'rssi': -40, 'gatt_supported': 0, 'adv_addr_type': 1, 'adv_addr': '84ac74af2cf5'}}
2023-03-22 18:23:18,378 - DEBUG - COM7: RX: 1ac08d31bfd38af64c48b1d2ecb571690b0ad0000131d2ecb571e9
2023-03-22 18:23:18,379 - DEBUG - COM7: parsed_packet {event: ProvUnprovisionedReceived, data: {'uuid': '8d31bfd38af64c48b1d2ecb571690b0a', 'rssi': -48, 'gatt_supported': 0, 'adv_addr_type': 1, 'adv_addr': '31d2ecb571e9'}}
2023-03-22 18:23:19,068 - DEBUG - COM7: RX: 1ac0b4f0897eae8e43cb84ac74af2c7527badd000184ac74af2cf5
2023-03-22 18:23:19,068 - DEBUG - COM7: parsed_packet {event: ProvUnprovisionedReceived, data: {'uuid': 'b4f0897eae8e43cb84ac74af2c7527ba', 'rssi': -35, 'gatt_supported': 0, 'adv_addr_type': 1, 'adv_addr': '84ac74af2cf5'}}
2023-03-22 18:23:20,384 - DEBUG - COM7: RX: 1ac08d31bfd38af64c48b1d2ecb571690b0ad1000131d2ecb571e9
2023-03-22 18:23:20,384 - DEBUG - COM7: parsed_packet {event: ProvUnprovisionedReceived, data: {'uuid': '8d31bfd38af64c48b1d2ecb571690b0a', 'rssi': -47, 'gatt_supported': 0, 'adv_addr_type': 1, 'adv_addr': '31d2ecb571e9'}}
2023-03-22 18:23:21,076 - DEBUG - COM7: RX: 1ac0b4f0897eae8e43cb84ac74af2c7527bad5000184ac74af2cf5
2023-03-22 18:23:21,076 - DEBUG - COM7: parsed_packet {event: ProvUnprovisionedReceived, data: {'uuid': 'b4f0897eae8e43cb84ac74af2c7527ba', 'rssi': -43, 'gatt_supported': 0, 'adv_addr_type': 1, 'adv_addr': '84ac74af2cf5'}}
2023-03-22 18:23:22,385 - DEBUG - COM7: RX: 1ac08d31bfd38af64c48b1d2ecb571690b0ac4000131d2ecb571e9
2023-03-22 18:23:22,385 - DEBUG - COM7: parsed_packet {event: ProvUnprovisionedReceived, data: {'uuid': '8d31bfd38af64c48b1d2ecb571690b0a', 'rssi': -60, 'gatt_supported': 0, 'adv_addr_type': 1, 'adv_addr': '31d2ecb571e9'}}
2023-03-22 18:23:23,079 - DEBUG - COM7: RX: 1ac0b4f0897eae8e43cb84ac74af2c7527bade000184ac74af2cf5
2023-03-22 18:23:23,086 - DEBUG - COM7: parsed_packet {event: ProvUnprovisionedReceived, data: {'uuid': 'b4f0897eae8e43cb84ac74af2c7527ba', 'rssi': -34, 'gatt_supported': 0, 'adv_addr_type': 1, 'adv_addr': '84ac74af2cf5'}}
2023-03-22 18:23:24,388 - DEBUG - COM7: RX: 1ac08d31bfd38af64c48b1d2ecb571690b0ad0000131d2ecb571e9
2023-03-22 18:23:24,388 - DEBUG - COM7: parsed_packet {event: ProvUnprovisionedReceived, data: {'uuid': '8d31bfd38af64c48b1d2ecb571690b0a', 'rssi': -48, 'gatt_supported': 0, 'adv_addr_type': 1, 'adv_addr': '31d2ecb571e9'}}
2023-03-22 18:23:25,090 - DEBUG - COM7: RX: 1ac0b4f0897eae8e43cb84ac74af2c7527badd000184ac74af2cf5
2023-03-22 18:23:25,090 - DEBUG - COM7: parsed_packet {event: ProvUnprovisionedReceived, data: {'uuid': 'b4f0897eae8e43cb84ac74af2c7527ba', 'rssi': -35, 'gatt_supported': 0, 'adv_addr_type': 1, 'adv_addr': '84ac74af2cf5'}}
2023-03-22 18:23:26,393 - DEBUG - COM7: RX: 1ac08d31bfd38af64c48b1d2ecb571690b0ad2000131d2ecb571e9
2023-03-22 18:23:26,393 - DEBUG - COM7: parsed_packet {event: ProvUnprovisionedReceived, data: {'uuid': '8d31bfd38af64c48b1d2ecb571690b0a', 'rssi': -46, 'gatt_supported': 0, 'adv_addr_type': 1, 'adv_addr': '31d2ecb571e9'}}
2023-03-22 18:23:27,098 - DEBUG - COM7: RX: 1ac0b4f0897eae8e43cb84ac74af2c7527bad8000184ac74af2cf5
2023-03-22 18:23:27,098 - DEBUG - COM7: parsed_packet {event: ProvUnprovisionedReceived, data: {'uuid': 'b4f0897eae8e43cb84ac74af2c7527ba', 'rssi': -40, 'gatt_supported': 0, 'adv_addr_type': 1, 'adv_addr': '84ac74af2cf5'}}
2023-03-22 18:23:28,401 - DEBUG - COM7: RX: 1ac08d31bfd38af64c48b1d2ecb571690b0ac6000131d2ecb571e9
2023-03-22 18:23:28,401 - DEBUG - COM7: parsed_packet {event: ProvUnprovisionedReceived, data: {'uuid': '8d31bfd38af64c48b1d2ecb571690b0a', 'rssi': -58, 'gatt_supported': 0, 'adv_addr_type': 1, 'adv_addr': '31d2ecb571e9'}}
2023-03-22 18:23:30,407 - DEBUG - COM7: RX: 1ac08d31bfd38af64c48b1d2ecb571690b0ad1000131d2ecb571e9
2023-03-22 18:23:30,407 - DEBUG - COM7: parsed_packet {event: ProvUnprovisionedReceived, data: {'uuid': '8d31bfd38af64c48b1d2ecb571690b0a', 'rssi': -47, 'gatt_supported': 0, 'adv_addr_type': 1, 'adv_addr': '31d2ecb571e9'}}
2023-03-22 18:23:31,108 - DEBUG - COM7: RX: 1ac0b4f0897eae8e43cb84ac74af2c7527badd000184ac74af2cf5
2023-03-22 18:23:31,108 - DEBUG - COM7: parsed_packet {event: ProvUnprovisionedReceived, data: {'uuid': 'b4f0897eae8e43cb84ac74af2c7527ba', 'rssi': -35, 'gatt_supported': 0, 'adv_addr_type': 1, 'adv_addr': '84ac74af2cf5'}}
2023-03-22 18:23:32,411 - DEBUG - COM7: RX: 1ac08d31bfd38af64c48b1d2ecb571690b0ad1000131d2ecb571e9
2023-03-22 18:23:32,411 - DEBUG - COM7: parsed_packet {event: ProvUnprovisionedReceived, data: {'uuid': '8d31bfd38af64c48b1d2ecb571690b0a', 'rssi': -47, 'gatt_supported': 0, 'adv_addr_type': 1, 'adv_addr': '31d2ecb571e9'}}
2023-03-22 18:23:33,115 - DEBUG - COM7: RX: 1ac0b4f0897eae8e43cb84ac74af2c7527bad8000184ac74af2cf5
2023-03-22 18:23:33,115 - DEBUG - COM7: parsed_packet {event: ProvUnprovisionedReceived, data: {'uuid': 'b4f0897eae8e43cb84ac74af2c7527ba', 'rssi': -40, 'gatt_supported': 0, 'adv_addr_type': 1, 'adv_addr': '84ac74af2cf5'}}
2023-03-22 18:23:34,417 - DEBUG - COM7: RX: 1ac08d31bfd38af64c48b1d2ecb571690b0ac4000131d2ecb571e9
2023-03-22 18:23:34,417 - DEBUG - COM7: parsed_packet {event: ProvUnprovisionedReceived, data: {'uuid': '8d31bfd38af64c48b1d2ecb571690b0a', 'rssi': -60, 'gatt_supported': 0, 'adv_addr_type': 1, 'adv_addr': '31d2ecb571e9'}}
2023-03-22 18:23:35,119 - DEBUG - COM7: RX: 1ac0b4f0897eae8e43cb84ac74af2c7527badc000184ac74af2cf5
2023-03-22 18:23:35,119 - DEBUG - COM7: parsed_packet {event: ProvUnprovisionedReceived, data: {'uuid': 'b4f0897eae8e43cb84ac74af2c7527ba', 'rssi': -36, 'gatt_supported': 0, 'adv_addr_type': 1, 'adv_addr': '84ac74af2cf5'}}
2023-03-22 18:23:36,428 - DEBUG - COM7: RX: 1ac08d31bfd38af64c48b1d2ecb571690b0ad1000131d2ecb571e9
2023-03-22 18:23:36,431 - DEBUG - COM7: parsed_packet {event: ProvUnprovisionedReceived, data: {'uuid': '8d31bfd38af64c48b1d2ecb571690b0a', 'rssi': -47, 'gatt_supported': 0, 'adv_addr_type': 1, 'adv_addr': '31d2ecb571e9'}}
2023-03-22 18:23:37,120 - DEBUG - COM7: RX: 1ac0b4f0897eae8e43cb84ac74af2c7527badd000184ac74af2cf5
2023-03-22 18:23:37,120 - DEBUG - COM7: parsed_packet {event: ProvUnprovisionedReceived, data: {'uuid': 'b4f0897eae8e43cb84ac74af2c7527ba', 'rssi': -35, 'gatt_supported': 0, 'adv_addr_type': 1, 'adv_addr': '84ac74af2cf5'}}
2023-03-22 18:23:38,427 - DEBUG - COM7: RX: 1ac08d31bfd38af64c48b1d2ecb571690b0ad1000131d2ecb571e9
2023-03-22 18:23:38,435 - DEBUG - COM7: parsed_packet {event: ProvUnprovisionedReceived, data: {'uuid': '8d31bfd38af64c48b1d2ecb571690b0a', 'rssi': -47, 'gatt_supported': 0, 'adv_addr_type': 1, 'adv_addr': '31d2ecb571e9'}}
2023-03-22 18:23:39,126 - DEBUG - COM7: RX: 1ac0b4f0897eae8e43cb84ac74af2c7527bad8000184ac74af2cf5
2023-03-22 18:23:39,126 - DEBUG - COM7: parsed_packet {event: ProvUnprovisionedReceived, data: {'uuid': 'b4f0897eae8e43cb84ac74af2c7527ba', 'rssi': -40, 'gatt_supported': 0, 'adv_addr_type': 1, 'adv_addr': '84ac74af2cf5'}}
2023-03-22 18:23:40,437 - DEBUG - COM7: RX: 1ac08d31bfd38af64c48b1d2ecb571690b0ac4000131d2ecb571e9
2023-03-22 18:23:40,437 - DEBUG - COM7: parsed_packet {event: ProvUnprovisionedReceived, data: {'uuid': '8d31bfd38af64c48b1d2ecb571690b0a', 'rssi': -60, 'gatt_supported': 0, 'adv_addr_type': 1, 'adv_addr': '31d2ecb571e9'}}
2023-03-22 18:23:41,120 - DEBUG - COM7: RX: 1ac0b4f0897eae8e43cb84ac74af2c7527bade000184ac74af2cf5
2023-03-22 18:23:41,120 - DEBUG - COM7: parsed_packet {event: ProvUnprovisionedReceived, data: {'uuid': 'b4f0897eae8e43cb84ac74af2c7527ba', 'rssi': -34, 'gatt_supported': 0, 'adv_addr_type': 1, 'adv_addr': '84ac74af2cf5'}}
2023-03-22 18:23:42,434 - DEBUG - COM7: RX: 1ac08d31bfd38af64c48b1d2ecb571690b0ad0000131d2ecb571e9
2023-03-22 18:23:42,434 - DEBUG - COM7: parsed_packet {event: ProvUnprovisionedReceived, data: {'uuid': '8d31bfd38af64c48b1d2ecb571690b0a', 'rssi': -48, 'gatt_supported': 0, 'adv_addr_type': 1, 'adv_addr': '31d2ecb571e9'}}
2023-03-22 18:23:43,130 - DEBUG - COM7: RX: 1ac0b4f0897eae8e43cb84ac74af2c7527badd000184ac74af2cf5
2023-03-22 18:23:43,130 - DEBUG - COM7: parsed_packet {event: ProvUnprovisionedReceived, data: {'uuid': 'b4f0897eae8e43cb84ac74af2c7527ba', 'rssi': -35, 'gatt_supported': 0, 'adv_addr_type': 1, 'adv_addr': '84ac74af2cf5'}}
2023-03-22 18:23:44,448 - DEBUG - COM7: RX: 1ac08d31bfd38af64c48b1d2ecb571690b0ad1000131d2ecb571e9
2023-03-22 18:23:44,466 - DEBUG - COM7: parsed_packet {event: ProvUnprovisionedReceived, data: {'uuid': '8d31bfd38af64c48b1d2ecb571690b0a', 'rssi': -47, 'gatt_supported': 0, 'adv_addr_type': 1, 'adv_addr': '31d2ecb571e9'}}
2023-03-22 18:23:45,137 - DEBUG - COM7: RX: 1ac0b4f0897eae8e43cb84ac74af2c7527bad8000184ac74af2cf5
2023-03-22 18:23:45,137 - DEBUG - COM7: parsed_packet {event: ProvUnprovisionedReceived, data: {'uuid': 'b4f0897eae8e43cb84ac74af2c7527ba', 'rssi': -40, 'gatt_supported': 0, 'adv_addr_type': 1, 'adv_addr': '84ac74af2cf5'}}
2023-03-22 18:23:46,451 - DEBUG - COM7: RX: 1ac08d31bfd38af64c48b1d2ecb571690b0ac4000131d2ecb571e9
2023-03-22 18:23:46,451 - DEBUG - COM7: parsed_packet {event: ProvUnprovisionedReceived, data: {'uuid': '8d31bfd38af64c48b1d2ecb571690b0a', 'rssi': -60, 'gatt_supported': 0, 'adv_addr_type': 1, 'adv_addr': '31d2ecb571e9'}}
2023-03-22 18:23:47,138 - DEBUG - COM7: RX: 1ac0b4f0897eae8e43cb84ac74af2c7527bade000184ac74af2cf5
2023-03-22 18:23:47,138 - DEBUG - COM7: parsed_packet {event: ProvUnprovisionedReceived, data: {'uuid': 'b4f0897eae8e43cb84ac74af2c7527ba', 'rssi': -34, 'gatt_supported': 0, 'adv_addr_type': 1, 'adv_addr': '84ac74af2cf5'}}
2023-03-22 18:23:48,451 - DEBUG - COM7: RX: 1ac08d31bfd38af64c48b1d2ecb571690b0ad1000131d2ecb571e9
2023-03-22 18:23:48,451 - DEBUG - COM7: parsed_packet {event: ProvUnprovisionedReceived, data: {'uuid': '8d31bfd38af64c48b1d2ecb571690b0a', 'rssi': -47, 'gatt_supported': 0, 'adv_addr_type': 1, 'adv_addr': '31d2ecb571e9'}}
2023-03-22 18:23:49,151 - DEBUG - COM7: RX: 1ac0b4f0897eae8e43cb84ac74af2c7527badd000184ac74af2cf5
2023-03-22 18:23:49,151 - DEBUG - COM7: parsed_packet {event: ProvUnprovisionedReceived, data: {'uuid': 'b4f0897eae8e43cb84ac74af2c7527ba', 'rssi': -35, 'gatt_supported': 0, 'adv_addr_type': 1, 'adv_addr': '84ac74af2cf5'}}
2023-03-22 18:23:50,461 - DEBUG - COM7: RX: 1ac08d31bfd38af64c48b1d2ecb571690b0ad3000131d2ecb571e9
2023-03-22 18:23:50,461 - DEBUG - COM7: parsed_packet {event: ProvUnprovisionedReceived, data: {'uuid': '8d31bfd38af64c48b1d2ecb571690b0a', 'rssi': -45, 'gatt_supported': 0, 'adv_addr_type': 1, 'adv_addr': '31d2ecb571e9'}}
2023-03-22 18:23:52,467 - DEBUG - COM7: RX: 1ac08d31bfd38af64c48b1d2ecb571690b0ac7000131d2ecb571e9
2023-03-22 18:23:52,467 - DEBUG - COM7: parsed_packet {event: ProvUnprovisionedReceived, data: {'uuid': '8d31bfd38af64c48b1d2ecb571690b0a', 'rssi': -57, 'gatt_supported': 0, 'adv_addr_type': 1, 'adv_addr': '31d2ecb571e9'}}
2023-03-22 18:23:53,159 - DEBUG - COM7: RX: 1ac0b4f0897eae8e43cb84ac74af2c7527badd000184ac74af2cf5
2023-03-22 18:23:53,159 - DEBUG - COM7: parsed_packet {event: ProvUnprovisionedReceived, data: {'uuid': 'b4f0897eae8e43cb84ac74af2c7527ba', 'rssi': -35, 'gatt_supported': 0, 'adv_addr_type': 1, 'adv_addr': '84ac74af2cf5'}}
2023-03-22 18:23:54,476 - DEBUG - COM7: RX: 1ac08d31bfd38af64c48b1d2ecb571690b0ad2000131d2ecb571e9
2023-03-22 18:23:54,476 - DEBUG - COM7: parsed_packet {event: ProvUnprovisionedReceived, data: {'uuid': '8d31bfd38af64c48b1d2ecb571690b0a', 'rssi': -46, 'gatt_supported': 0, 'adv_addr_type': 1, 'adv_addr': '31d2ecb571e9'}}
2023-03-22 18:23:55,160 - DEBUG - COM7: RX: 1ac0b4f0897eae8e43cb84ac74af2c7527badb000184ac74af2cf5
2023-03-22 18:23:55,168 - DEBUG - COM7: parsed_packet {event: ProvUnprovisionedReceived, data: {'uuid': 'b4f0897eae8e43cb84ac74af2c7527ba', 'rssi': -37, 'gatt_supported': 0, 'adv_addr_type': 1, 'adv_addr': '84ac74af2cf5'}}
2023-03-22 18:23:56,478 - DEBUG - COM7: RX: 1ac08d31bfd38af64c48b1d2ecb571690b0ad1000131d2ecb571e9
2023-03-22 18:23:56,478 - DEBUG - COM7: parsed_packet {event: ProvUnprovisionedReceived, data: {'uuid': '8d31bfd38af64c48b1d2ecb571690b0a', 'rssi': -47, 'gatt_supported': 0, 'adv_addr_type': 1, 'adv_addr': '31d2ecb571e9'}}
2023-03-22 18:23:57,173 - DEBUG - COM7: RX: 1ac0b4f0897eae8e43cb84ac74af2c7527bad4000184ac74af2cf5
2023-03-22 18:23:57,173 - DEBUG - COM7: parsed_packet {event: ProvUnprovisionedReceived, data: {'uuid': 'b4f0897eae8e43cb84ac74af2c7527ba', 'rssi': -44, 'gatt_supported': 0, 'adv_addr_type': 1, 'adv_addr': '84ac74af2cf5'}}
2023-03-22 18:23:58,480 - DEBUG - COM7: RX: 1ac08d31bfd38af64c48b1d2ecb571690b0ac2000131d2ecb571e9
2023-03-22 18:23:58,480 - DEBUG - COM7: parsed_packet {event: ProvUnprovisionedReceived, data: {'uuid': '8d31bfd38af64c48b1d2ecb571690b0a', 'rssi': -62, 'gatt_supported': 0, 'adv_addr_type': 1, 'adv_addr': '31d2ecb571e9'}}
2023-03-22 18:23:59,178 - DEBUG - COM7: RX: 1ac0b4f0897eae8e43cb84ac74af2c7527badd000184ac74af2cf5
2023-03-22 18:23:59,178 - DEBUG - COM7: parsed_packet {event: ProvUnprovisionedReceived, data: {'uuid': 'b4f0897eae8e43cb84ac74af2c7527ba', 'rssi': -35, 'gatt_supported': 0, 'adv_addr_type': 1, 'adv_addr': '84ac74af2cf5'}}
2023-03-22 18:24:00,481 - DEBUG - COM7: RX: 1ac08d31bfd38af64c48b1d2ecb571690b0ad1000131d2ecb571e9
2023-03-22 18:24:00,481 - DEBUG - COM7: parsed_packet {event: ProvUnprovisionedReceived, data: {'uuid': '8d31bfd38af64c48b1d2ecb571690b0a', 'rssi': -47, 'gatt_supported': 0, 'adv_addr_type': 1, 'adv_addr': '31d2ecb571e9'}}
2023-03-22 18:24:01,189 - DEBUG - COM7: RX: 1ac0b4f0897eae8e43cb84ac74af2c7527badb000184ac74af2cf5
2023-03-22 18:24:01,189 - DEBUG - COM7: parsed_packet {event: ProvUnprovisionedReceived, data: {'uuid': 'b4f0897eae8e43cb84ac74af2c7527ba', 'rssi': -37, 'gatt_supported': 0, 'adv_addr_type': 1, 'adv_addr': '84ac74af2cf5'}}
2023-03-22 18:24:02,490 - DEBUG - COM7: RX: 1ac08d31bfd38af64c48b1d2ecb571690b0ad1000131d2ecb571e9
2023-03-22 18:24:02,490 - DEBUG - COM7: parsed_packet {event: ProvUnprovisionedReceived, data: {'uuid': '8d31bfd38af64c48b1d2ecb571690b0a', 'rssi': -47, 'gatt_supported': 0, 'adv_addr_type': 1, 'adv_addr': '31d2ecb571e9'}}
2023-03-22 18:24:03,203 - DEBUG - COM7: RX: 1ac0b4f0897eae8e43cb84ac74af2c7527bad7000184ac74af2cf5
2023-03-22 18:24:03,203 - DEBUG - COM7: parsed_packet {event: ProvUnprovisionedReceived, data: {'uuid': 'b4f0897eae8e43cb84ac74af2c7527ba', 'rssi': -41, 'gatt_supported': 0, 'adv_addr_type': 1, 'adv_addr': '84ac74af2cf5'}}
2023-03-22 18:24:04,493 - DEBUG - COM7: RX: 1ac08d31bfd38af64c48b1d2ecb571690b0ac1000131d2ecb571e9
2023-03-22 18:24:04,493 - DEBUG - COM7: parsed_packet {event: ProvUnprovisionedReceived, data: {'uuid': '8d31bfd38af64c48b1d2ecb571690b0a', 'rssi': -63, 'gatt_supported': 0, 'adv_addr_type': 1, 'adv_addr': '31d2ecb571e9'}}
2023-03-22 18:24:05,193 - DEBUG - COM7: RX: 1ac0b4f0897eae8e43cb84ac74af2c7527bae0000184ac74af2cf5
2023-03-22 18:24:05,193 - DEBUG - COM7: parsed_packet {event: ProvUnprovisionedReceived, data: {'uuid': 'b4f0897eae8e43cb84ac74af2c7527ba', 'rssi': -32, 'gatt_supported': 0, 'adv_addr_type': 1, 'adv_addr': '84ac74af2cf5'}}
2023-03-22 18:24:06,492 - DEBUG - COM7: RX: 1ac08d31bfd38af64c48b1d2ecb571690b0ad3000131d2ecb571e9
2023-03-22 18:24:06,492 - DEBUG - COM7: parsed_packet {event: ProvUnprovisionedReceived, data: {'uuid': '8d31bfd38af64c48b1d2ecb571690b0a', 'rssi': -45, 'gatt_supported': 0, 'adv_addr_type': 1, 'adv_addr': '31d2ecb571e9'}}
2023-03-22 18:24:07,199 - DEBUG - COM7: RX: 1ac0b4f0897eae8e43cb84ac74af2c7527badc000184ac74af2cf5
2023-03-22 18:24:07,199 - DEBUG - COM7: parsed_packet {event: ProvUnprovisionedReceived, data: {'uuid': 'b4f0897eae8e43cb84ac74af2c7527ba', 'rssi': -36, 'gatt_supported': 0, 'adv_addr_type': 1, 'adv_addr': '84ac74af2cf5'}}
2023-03-22 18:24:08,500 - DEBUG - COM7: RX: 1ac08d31bfd38af64c48b1d2ecb571690b0ad2000131d2ecb571e9
2023-03-22 18:24:08,500 - DEBUG - COM7: parsed_packet {event: ProvUnprovisionedReceived, data: {'uuid': '8d31bfd38af64c48b1d2ecb571690b0a', 'rssi': -46, 'gatt_supported': 0, 'adv_addr_type': 1, 'adv_addr': '31d2ecb571e9'}}
2023-03-22 18:24:09,208 - DEBUG - COM7: RX: 1ac0b4f0897eae8e43cb84ac74af2c7527bad7000184ac74af2cf5
2023-03-22 18:24:09,208 - DEBUG - COM7: parsed_packet {event: ProvUnprovisionedReceived, data: {'uuid': 'b4f0897eae8e43cb84ac74af2c7527ba', 'rssi': -41, 'gatt_supported': 0, 'adv_addr_type': 1, 'adv_addr': '84ac74af2cf5'}}
2023-03-22 18:24:11,214 - DEBUG - COM7: RX: 1ac0b4f0897eae8e43cb84ac74af2c7527badd000184ac74af2cf5
2023-03-22 18:24:11,214 - DEBUG - COM7: parsed_packet {event: ProvUnprovisionedReceived, data: {'uuid': 'b4f0897eae8e43cb84ac74af2c7527ba', 'rssi': -35, 'gatt_supported': 0, 'adv_addr_type': 1, 'adv_addr': '84ac74af2cf5'}}
2023-03-22 18:24:12,519 - DEBUG - COM7: RX: 1ac08d31bfd38af64c48b1d2ecb571690b0ad2000131d2ecb571e9
2023-03-22 18:24:12,519 - DEBUG - COM7: parsed_packet {event: ProvUnprovisionedReceived, data: {'uuid': '8d31bfd38af64c48b1d2ecb571690b0a', 'rssi': -46, 'gatt_supported': 0, 'adv_addr_type': 1, 'adv_addr': '31d2ecb571e9'}}
2023-03-22 18:24:13,224 - DEBUG - COM7: RX: 1ac0b4f0897eae8e43cb84ac74af2c7527badc000184ac74af2cf5
2023-03-22 18:24:13,228 - DEBUG - COM7: parsed_packet {event: ProvUnprovisionedReceived, data: {'uuid': 'b4f0897eae8e43cb84ac74af2c7527ba', 'rssi': -36, 'gatt_supported': 0, 'adv_addr_type': 1, 'adv_addr': '84ac74af2cf5'}}
2023-03-22 18:24:15,233 - DEBUG - COM7: RX: 1ac0b4f0897eae8e43cb84ac74af2c7527bad7000184ac74af2cf5
2023-03-22 18:24:15,233 - DEBUG - COM7: parsed_packet {event: ProvUnprovisionedReceived, data: {'uuid': 'b4f0897eae8e43cb84ac74af2c7527ba', 'rssi': -41, 'gatt_supported': 0, 'adv_addr_type': 1, 'adv_addr': '84ac74af2cf5'}}
2023-03-22 18:24:16,538 - DEBUG - COM7: RX: 1ac08d31bfd38af64c48b1d2ecb571690b0ac1000131d2ecb571e9
2023-03-22 18:24:16,538 - DEBUG - COM7: parsed_packet {event: ProvUnprovisionedReceived, data: {'uuid': '8d31bfd38af64c48b1d2ecb571690b0a', 'rssi': -63, 'gatt_supported': 0, 'adv_addr_type': 1, 'adv_addr': '31d2ecb571e9'}}
2023-03-22 18:24:17,234 - DEBUG - COM7: RX: 1ac0b4f0897eae8e43cb84ac74af2c7527bae0000184ac74af2cf5
2023-03-22 18:24:17,234 - DEBUG - COM7: parsed_packet {event: ProvUnprovisionedReceived, data: {'uuid': 'b4f0897eae8e43cb84ac74af2c7527ba', 'rssi': -32, 'gatt_supported': 0, 'adv_addr_type': 1, 'adv_addr': '84ac74af2cf5'}}
2023-03-22 18:24:18,535 - DEBUG - COM7: RX: 1ac08d31bfd38af64c48b1d2ecb571690b0ad2000131d2ecb571e9
2023-03-22 18:24:18,567 - DEBUG - COM7: parsed_packet {event: ProvUnprovisionedReceived, data: {'uuid': '8d31bfd38af64c48b1d2ecb571690b0a', 'rssi': -46, 'gatt_supported': 0, 'adv_addr_type': 1, 'adv_addr': '31d2ecb571e9'}}
2023-03-22 18:24:20,535 - DEBUG - COM7: RX: 1ac08d31bfd38af64c48b1d2ecb571690b0ad1000131d2ecb571e9
2023-03-22 18:24:20,535 - DEBUG - COM7: parsed_packet {event: ProvUnprovisionedReceived, data: {'uuid': '8d31bfd38af64c48b1d2ecb571690b0a', 'rssi': -47, 'gatt_supported': 0, 'adv_addr_type': 1, 'adv_addr': '31d2ecb571e9'}}
2023-03-22 18:24:21,243 - DEBUG - COM7: RX: 1ac0b4f0897eae8e43cb84ac74af2c7527bad7000184ac74af2cf5
2023-03-22 18:24:21,243 - DEBUG - COM7: parsed_packet {event: ProvUnprovisionedReceived, data: {'uuid': 'b4f0897eae8e43cb84ac74af2c7527ba', 'rssi': -41, 'gatt_supported': 0, 'adv_addr_type': 1, 'adv_addr': '84ac74af2cf5'}}
2023-03-22 18:24:22,546 - DEBUG - COM7: RX: 1ac08d31bfd38af64c48b1d2ecb571690b0ac2000131d2ecb571e9
2023-03-22 18:24:22,546 - DEBUG - COM7: parsed_packet {event: ProvUnprovisionedReceived, data: {'uuid': '8d31bfd38af64c48b1d2ecb571690b0a', 'rssi': -62, 'gatt_supported': 0, 'adv_addr_type': 1, 'adv_addr': '31d2ecb571e9'}}
2023-03-22 18:24:23,250 - DEBUG - COM7: RX: 1ac0b4f0897eae8e43cb84ac74af2c7527bae0000184ac74af2cf5
2023-03-22 18:24:23,250 - DEBUG - COM7: parsed_packet {event: ProvUnprovisionedReceived, data: {'uuid': 'b4f0897eae8e43cb84ac74af2c7527ba', 'rssi': -32, 'gatt_supported': 0, 'adv_addr_type': 1, 'adv_addr': '84ac74af2cf5'}}
2023-03-22 18:24:24,551 - DEBUG - COM7: RX: 1ac08d31bfd38af64c48b1d2ecb571690b0ad1000131d2ecb571e9
2023-03-22 18:24:24,551 - DEBUG - COM7: parsed_packet {event: ProvUnprovisionedReceived, data: {'uuid': '8d31bfd38af64c48b1d2ecb571690b0a', 'rssi': -47, 'gatt_supported': 0, 'adv_addr_type': 1, 'adv_addr': '31d2ecb571e9'}}
2023-03-22 18:24:25,259 - DEBUG - COM7: RX: 1ac0b4f0897eae8e43cb84ac74af2c7527badc000184ac74af2cf5
2023-03-22 18:24:25,259 - DEBUG - COM7: parsed_packet {event: ProvUnprovisionedReceived, data: {'uuid': 'b4f0897eae8e43cb84ac74af2c7527ba', 'rssi': -36, 'gatt_supported': 0, 'adv_addr_type': 1, 'adv_addr': '84ac74af2cf5'}}
2023-03-22 18:24:26,553 - DEBUG - COM7: RX: 1ac08d31bfd38af64c48b1d2ecb571690b0ad1000131d2ecb571e9
2023-03-22 18:24:26,553 - DEBUG - COM7: parsed_packet {event: ProvUnprovisionedReceived, data: {'uuid': '8d31bfd38af64c48b1d2ecb571690b0a', 'rssi': -47, 'gatt_supported': 0, 'adv_addr_type': 1, 'adv_addr': '31d2ecb571e9'}}
2023-03-22 18:24:27,261 - DEBUG - COM7: RX: 1ac0b4f0897eae8e43cb84ac74af2c7527bad7000184ac74af2cf5
2023-03-22 18:24:27,261 - DEBUG - COM7: parsed_packet {event: ProvUnprovisionedReceived, data: {'uuid': 'b4f0897eae8e43cb84ac74af2c7527ba', 'rssi': -41, 'gatt_supported': 0, 'adv_addr_type': 1, 'adv_addr': '84ac74af2cf5'}}
2023-03-22 18:24:28,553 - DEBUG - COM7: RX: 1ac08d31bfd38af64c48b1d2ecb571690b0ac2000131d2ecb571e9
2023-03-22 18:24:28,553 - DEBUG - COM7: parsed_packet {event: ProvUnprovisionedReceived, data: {'uuid': '8d31bfd38af64c48b1d2ecb571690b0a', 'rssi': -62, 'gatt_supported': 0, 'adv_addr_type': 1, 'adv_addr': '31d2ecb571e9'}}
2023-03-22 18:24:29,272 - DEBUG - COM7: RX: 1ac0b4f0897eae8e43cb84ac74af2c7527bae0000184ac74af2cf5
2023-03-22 18:24:29,272 - DEBUG - COM7: parsed_packet {event: ProvUnprovisionedReceived, data: {'uuid': 'b4f0897eae8e43cb84ac74af2c7527ba', 'rssi': -32, 'gatt_supported': 0, 'adv_addr_type': 1, 'adv_addr': '84ac74af2cf5'}}
2023-03-22 18:24:30,559 - DEBUG - COM7: RX: 1ac08d31bfd38af64c48b1d2ecb571690b0ad1000131d2ecb571e9
2023-03-22 18:24:30,559 - DEBUG - COM7: parsed_packet {event: ProvUnprovisionedReceived, data: {'uuid': '8d31bfd38af64c48b1d2ecb571690b0a', 'rssi': -47, 'gatt_supported': 0, 'adv_addr_type': 1, 'adv_addr': '31d2ecb571e9'}}
2023-03-22 18:24:31,273 - DEBUG - COM7: RX: 1ac0b4f0897eae8e43cb84ac74af2c7527badc000184ac74af2cf5
2023-03-22 18:24:31,273 - DEBUG - COM7: parsed_packet {event: ProvUnprovisionedReceived, data: {'uuid': 'b4f0897eae8e43cb84ac74af2c7527ba', 'rssi': -36, 'gatt_supported': 0, 'adv_addr_type': 1, 'adv_addr': '84ac74af2cf5'}}
2023-03-22 18:24:32,570 - DEBUG - COM7: RX: 1ac08d31bfd38af64c48b1d2ecb571690b0ad2000131d2ecb571e9
2023-03-22 18:24:32,570 - DEBUG - COM7: parsed_packet {event: ProvUnprovisionedReceived, data: {'uuid': '8d31bfd38af64c48b1d2ecb571690b0a', 'rssi': -46, 'gatt_supported': 0, 'adv_addr_type': 1, 'adv_addr': '31d2ecb571e9'}}
2023-03-22 18:24:33,290 - DEBUG - COM7: RX: 1ac0b4f0897eae8e43cb84ac74af2c7527bad7000184ac74af2cf5
2023-03-22 18:24:33,290 - DEBUG - COM7: parsed_packet {event: ProvUnprovisionedReceived, data: {'uuid': 'b4f0897eae8e43cb84ac74af2c7527ba', 'rssi': -41, 'gatt_supported': 0, 'adv_addr_type': 1, 'adv_addr': '84ac74af2cf5'}}
2023-03-22 18:24:34,577 - DEBUG - COM7: RX: 1ac08d31bfd38af64c48b1d2ecb571690b0ac4000131d2ecb571e9
2023-03-22 18:24:34,577 - DEBUG - COM7: parsed_packet {event: ProvUnprovisionedReceived, data: {'uuid': '8d31bfd38af64c48b1d2ecb571690b0a', 'rssi': -60, 'gatt_supported': 0, 'adv_addr_type': 1, 'adv_addr': '31d2ecb571e9'}}
2023-03-22 18:24:35,289 - DEBUG - COM7: RX: 1ac0b4f0897eae8e43cb84ac74af2c7527badc000184ac74af2cf5
2023-03-22 18:24:35,289 - DEBUG - COM7: parsed_packet {event: ProvUnprovisionedReceived, data: {'uuid': 'b4f0897eae8e43cb84ac74af2c7527ba', 'rssi': -36, 'gatt_supported': 0, 'adv_addr_type': 1, 'adv_addr': '84ac74af2cf5'}}
2023-03-22 18:24:36,588 - DEBUG - COM7: RX: 1ac08d31bfd38af64c48b1d2ecb571690b0ad2000131d2ecb571e9
2023-03-22 18:24:36,588 - DEBUG - COM7: parsed_packet {event: ProvUnprovisionedReceived, data: {'uuid': '8d31bfd38af64c48b1d2ecb571690b0a', 'rssi': -46, 'gatt_supported': 0, 'adv_addr_type': 1, 'adv_addr': '31d2ecb571e9'}}
2023-03-22 18:24:37,289 - DEBUG - COM7: RX: 1ac0b4f0897eae8e43cb84ac74af2c7527badc000184ac74af2cf5
2023-03-22 18:24:37,289 - DEBUG - COM7: parsed_packet {event: ProvUnprovisionedReceived, data: {'uuid': 'b4f0897eae8e43cb84ac74af2c7527ba', 'rssi': -36, 'gatt_supported': 0, 'adv_addr_type': 1, 'adv_addr': '84ac74af2cf5'}}
2023-03-22 18:24:38,594 - DEBUG - COM7: RX: 1ac08d31bfd38af64c48b1d2ecb571690b0ad0000131d2ecb571e9
2023-03-22 18:24:38,594 - DEBUG - COM7: parsed_packet {event: ProvUnprovisionedReceived, data: {'uuid': '8d31bfd38af64c48b1d2ecb571690b0a', 'rssi': -48, 'gatt_supported': 0, 'adv_addr_type': 1, 'adv_addr': '31d2ecb571e9'}}
2023-03-22 18:24:39,290 - DEBUG - COM7: RX: 1ac0b4f0897eae8e43cb84ac74af2c7527bad7000184ac74af2cf5
2023-03-22 18:24:39,290 - DEBUG - COM7: parsed_packet {event: ProvUnprovisionedReceived, data: {'uuid': 'b4f0897eae8e43cb84ac74af2c7527ba', 'rssi': -41, 'gatt_supported': 0, 'adv_addr_type': 1, 'adv_addr': '84ac74af2cf5'}}
2023-03-22 18:24:40,594 - DEBUG - COM7: RX: 1ac08d31bfd38af64c48b1d2ecb571690b0ac3000131d2ecb571e9
2023-03-22 18:24:40,594 - DEBUG - COM7: parsed_packet {event: ProvUnprovisionedReceived, data: {'uuid': '8d31bfd38af64c48b1d2ecb571690b0a', 'rssi': -61, 'gatt_supported': 0, 'adv_addr_type': 1, 'adv_addr': '31d2ecb571e9'}}
2023-03-22 18:24:41,294 - DEBUG - COM7: RX: 1ac0b4f0897eae8e43cb84ac74af2c7527badd000184ac74af2cf5
2023-03-22 18:24:41,294 - DEBUG - COM7: parsed_packet {event: ProvUnprovisionedReceived, data: {'uuid': 'b4f0897eae8e43cb84ac74af2c7527ba', 'rssi': -35, 'gatt_supported': 0, 'adv_addr_type': 1, 'adv_addr': '84ac74af2cf5'}}
2023-03-22 18:24:42,601 - DEBUG - COM7: RX: 1ac08d31bfd38af64c48b1d2ecb571690b0ad1000131d2ecb571e9
2023-03-22 18:24:42,601 - DEBUG - COM7: parsed_packet {event: ProvUnprovisionedReceived, data: {'uuid': '8d31bfd38af64c48b1d2ecb571690b0a', 'rssi': -47, 'gatt_supported': 0, 'adv_addr_type': 1, 'adv_addr': '31d2ecb571e9'}}
2023-03-22 18:24:43,301 - DEBUG - COM7: RX: 1ac0b4f0897eae8e43cb84ac74af2c7527badc000184ac74af2cf5
2023-03-22 18:24:43,301 - DEBUG - COM7: parsed_packet {event: ProvUnprovisionedReceived, data: {'uuid': 'b4f0897eae8e43cb84ac74af2c7527ba', 'rssi': -36, 'gatt_supported': 0, 'adv_addr_type': 1, 'adv_addr': '84ac74af2cf5'}}
2023-03-22 18:24:44,604 - DEBUG - COM7: RX: 1ac08d31bfd38af64c48b1d2ecb571690b0ac3000131d2ecb571e9
2023-03-22 18:24:44,604 - DEBUG - COM7: parsed_packet {event: ProvUnprovisionedReceived, data: {'uuid': '8d31bfd38af64c48b1d2ecb571690b0a', 'rssi': -61, 'gatt_supported': 0, 'adv_addr_type': 1, 'adv_addr': '31d2ecb571e9'}}
2023-03-22 18:24:45,303 - DEBUG - COM7: RX: 1ac0b4f0897eae8e43cb84ac74af2c7527bad7000184ac74af2cf5
2023-03-22 18:24:45,303 - DEBUG - COM7: parsed_packet {event: ProvUnprovisionedReceived, data: {'uuid': 'b4f0897eae8e43cb84ac74af2c7527ba', 'rssi': -41, 'gatt_supported': 0, 'adv_addr_type': 1, 'adv_addr': '84ac74af2cf5'}}
2023-03-22 18:24:46,617 - DEBUG - COM7: RX: 1ac08d31bfd38af64c48b1d2ecb571690b0ad1000131d2ecb571e9
2023-03-22 18:24:46,617 - DEBUG - COM7: parsed_packet {event: ProvUnprovisionedReceived, data: {'uuid': '8d31bfd38af64c48b1d2ecb571690b0a', 'rssi': -47, 'gatt_supported': 0, 'adv_addr_type': 1, 'adv_addr': '31d2ecb571e9'}}
2023-03-22 18:24:47,311 - DEBUG - COM7: RX: 1ac0b4f0897eae8e43cb84ac74af2c7527badd000184ac74af2cf5
2023-03-22 18:24:47,311 - DEBUG - COM7: parsed_packet {event: ProvUnprovisionedReceived, data: {'uuid': 'b4f0897eae8e43cb84ac74af2c7527ba', 'rssi': -35, 'gatt_supported': 0, 'adv_addr_type': 1, 'adv_addr': '84ac74af2cf5'}}
2023-03-22 18:24:48,618 - DEBUG - COM7: RX: 1ac08d31bfd38af64c48b1d2ecb571690b0ad1000131d2ecb571e9
2023-03-22 18:24:48,618 - DEBUG - COM7: parsed_packet {event: ProvUnprovisionedReceived, data: {'uuid': '8d31bfd38af64c48b1d2ecb571690b0a', 'rssi': -47, 'gatt_supported': 0, 'adv_addr_type': 1, 'adv_addr': '31d2ecb571e9'}}
2023-03-22 18:24:49,318 - DEBUG - COM7: RX: 1ac0b4f0897eae8e43cb84ac74af2c7527badc000184ac74af2cf5
2023-03-22 18:24:49,318 - DEBUG - COM7: parsed_packet {event: ProvUnprovisionedReceived, data: {'uuid': 'b4f0897eae8e43cb84ac74af2c7527ba', 'rssi': -36, 'gatt_supported': 0, 'adv_addr_type': 1, 'adv_addr': '84ac74af2cf5'}}
2023-03-22 18:24:50,623 - DEBUG - COM7: RX: 1ac08d31bfd38af64c48b1d2ecb571690b0ac5000131d2ecb571e9
2023-03-22 18:24:50,623 - DEBUG - COM7: parsed_packet {event: ProvUnprovisionedReceived, data: {'uuid': '8d31bfd38af64c48b1d2ecb571690b0a', 'rssi': -59, 'gatt_supported': 0, 'adv_addr_type': 1, 'adv_addr': '31d2ecb571e9'}}
2023-03-22 18:24:51,325 - DEBUG - COM7: RX: 1ac0b4f0897eae8e43cb84ac74af2c7527bad6000184ac74af2cf5
2023-03-22 18:24:51,325 - DEBUG - COM7: parsed_packet {event: ProvUnprovisionedReceived, data: {'uuid': 'b4f0897eae8e43cb84ac74af2c7527ba', 'rssi': -42, 'gatt_supported': 0, 'adv_addr_type': 1, 'adv_addr': '84ac74af2cf5'}}
2023-03-22 18:24:52,634 - DEBUG - COM7: RX: 1ac08d31bfd38af64c48b1d2ecb571690b0ace000131d2ecb571e9
2023-03-22 18:24:52,646 - DEBUG - COM7: parsed_packet {event: ProvUnprovisionedReceived, data: {'uuid': '8d31bfd38af64c48b1d2ecb571690b0a', 'rssi': -50, 'gatt_supported': 0, 'adv_addr_type': 1, 'adv_addr': '31d2ecb571e9'}}
2023-03-22 18:24:54,632 - DEBUG - COM7: RX: 1ac08d31bfd38af64c48b1d2ecb571690b0ad1000131d2ecb571e9
2023-03-22 18:24:54,632 - DEBUG - COM7: parsed_packet {event: ProvUnprovisionedReceived, data: {'uuid': '8d31bfd38af64c48b1d2ecb571690b0a', 'rssi': -47, 'gatt_supported': 0, 'adv_addr_type': 1, 'adv_addr': '31d2ecb571e9'}}
2023-03-22 18:24:55,320 - DEBUG - COM7: RX: 1ac0b4f0897eae8e43cb84ac74af2c7527badc000184ac74af2cf5
2023-03-22 18:24:55,320 - DEBUG - COM7: parsed_packet {event: ProvUnprovisionedReceived, data: {'uuid': 'b4f0897eae8e43cb84ac74af2c7527ba', 'rssi': -36, 'gatt_supported': 0, 'adv_addr_type': 1, 'adv_addr': '84ac74af2cf5'}}
2023-03-22 18:24:56,645 - DEBUG - COM7: RX: 1ac08d31bfd38af64c48b1d2ecb571690b0ac4000131d2ecb571e9
2023-03-22 18:24:56,645 - DEBUG - COM7: parsed_packet {event: ProvUnprovisionedReceived, data: {'uuid': '8d31bfd38af64c48b1d2ecb571690b0a', 'rssi': -60, 'gatt_supported': 0, 'adv_addr_type': 1, 'adv_addr': '31d2ecb571e9'}}
2023-03-22 18:24:57,331 - DEBUG - COM7: RX: 1ac0b4f0897eae8e43cb84ac74af2c7527bad7000184ac74af2cf5
2023-03-22 18:24:57,331 - DEBUG - COM7: parsed_packet {event: ProvUnprovisionedReceived, data: {'uuid': 'b4f0897eae8e43cb84ac74af2c7527ba', 'rssi': -41, 'gatt_supported': 0, 'adv_addr_type': 1, 'adv_addr': '84ac74af2cf5'}}
2023-03-22 18:24:58,642 - DEBUG - COM7: RX: 1ac08d31bfd38af64c48b1d2ecb571690b0ad1000131d2ecb571e9
2023-03-22 18:24:58,642 - DEBUG - COM7: parsed_packet {event: ProvUnprovisionedReceived, data: {'uuid': '8d31bfd38af64c48b1d2ecb571690b0a', 'rssi': -47, 'gatt_supported': 0, 'adv_addr_type': 1, 'adv_addr': '31d2ecb571e9'}}
2023-03-22 18:24:59,335 - DEBUG - COM7: RX: 1ac0b4f0897eae8e43cb84ac74af2c7527badc000184ac74af2cf5
2023-03-22 18:24:59,335 - DEBUG - COM7: parsed_packet {event: ProvUnprovisionedReceived, data: {'uuid': 'b4f0897eae8e43cb84ac74af2c7527ba', 'rssi': -36, 'gatt_supported': 0, 'adv_addr_type': 1, 'adv_addr': '84ac74af2cf5'}}
2023-03-22 18:25:00,649 - DEBUG - COM7: RX: 1ac08d31bfd38af64c48b1d2ecb571690b0acf000131d2ecb571e9
2023-03-22 18:25:00,649 - DEBUG - COM7: parsed_packet {event: ProvUnprovisionedReceived, data: {'uuid': '8d31bfd38af64c48b1d2ecb571690b0a', 'rssi': -49, 'gatt_supported': 0, 'adv_addr_type': 1, 'adv_addr': '31d2ecb571e9'}}
2023-03-22 18:25:01,342 - DEBUG - COM7: RX: 1ac0b4f0897eae8e43cb84ac74af2c7527badc000184ac74af2cf5
2023-03-22 18:25:01,342 - DEBUG - COM7: parsed_packet {event: ProvUnprovisionedReceived, data: {'uuid': 'b4f0897eae8e43cb84ac74af2c7527ba', 'rssi': -36, 'gatt_supported': 0, 'adv_addr_type': 1, 'adv_addr': '84ac74af2cf5'}}
2023-03-22 18:25:02,652 - DEBUG - COM7: RX: 1ac08d31bfd38af64c48b1d2ecb571690b0ac6000131d2ecb571e9
2023-03-22 18:25:02,652 - DEBUG - COM7: parsed_packet {event: ProvUnprovisionedReceived, data: {'uuid': '8d31bfd38af64c48b1d2ecb571690b0a', 'rssi': -58, 'gatt_supported': 0, 'adv_addr_type': 1, 'adv_addr': '31d2ecb571e9'}}
2023-03-22 18:25:03,342 - DEBUG - COM7: RX: 1ac0b4f0897eae8e43cb84ac74af2c7527bad7000184ac74af2cf5
2023-03-22 18:25:03,342 - DEBUG - COM7: parsed_packet {event: ProvUnprovisionedReceived, data: {'uuid': 'b4f0897eae8e43cb84ac74af2c7527ba', 'rssi': -41, 'gatt_supported': 0, 'adv_addr_type': 1, 'adv_addr': '84ac74af2cf5'}}
2023-03-22 18:25:04,658 - DEBUG - COM7: RX: 1ac08d31bfd38af64c48b1d2ecb571690b0ad2000131d2ecb571e9
2023-03-22 18:25:04,658 - DEBUG - COM7: parsed_packet {event: ProvUnprovisionedReceived, data: {'uuid': '8d31bfd38af64c48b1d2ecb571690b0a', 'rssi': -46, 'gatt_supported': 0, 'adv_addr_type': 1, 'adv_addr': '31d2ecb571e9'}}
2023-03-22 18:25:05,346 - DEBUG - COM7: RX: 1ac0b4f0897eae8e43cb84ac74af2c7527badd000184ac74af2cf5
2023-03-22 18:25:05,346 - DEBUG - COM7: parsed_packet {event: ProvUnprovisionedReceived, data: {'uuid': 'b4f0897eae8e43cb84ac74af2c7527ba', 'rssi': -35, 'gatt_supported': 0, 'adv_addr_type': 1, 'adv_addr': '84ac74af2cf5'}}
2023-03-22 18:25:06,662 - DEBUG - COM7: RX: 1ac08d31bfd38af64c48b1d2ecb571690b0ad0000131d2ecb571e9
2023-03-22 18:25:06,662 - DEBUG - COM7: parsed_packet {event: ProvUnprovisionedReceived, data: {'uuid': '8d31bfd38af64c48b1d2ecb571690b0a', 'rssi': -48, 'gatt_supported': 0, 'adv_addr_type': 1, 'adv_addr': '31d2ecb571e9'}}
2023-03-22 18:25:07,352 - DEBUG - COM7: RX: 1ac0b4f0897eae8e43cb84ac74af2c7527badc000184ac74af2cf5
2023-03-22 18:25:07,352 - DEBUG - COM7: parsed_packet {event: ProvUnprovisionedReceived, data: {'uuid': 'b4f0897eae8e43cb84ac74af2c7527ba', 'rssi': -36, 'gatt_supported': 0, 'adv_addr_type': 1, 'adv_addr': '84ac74af2cf5'}}
2023-03-22 18:25:08,667 - DEBUG - COM7: RX: 1ac08d31bfd38af64c48b1d2ecb571690b0ac6000131d2ecb571e9
2023-03-22 18:25:08,667 - DEBUG - COM7: parsed_packet {event: ProvUnprovisionedReceived, data: {'uuid': '8d31bfd38af64c48b1d2ecb571690b0a', 'rssi': -58, 'gatt_supported': 0, 'adv_addr_type': 1, 'adv_addr': '31d2ecb571e9'}}
2023-03-22 18:25:09,353 - DEBUG - COM7: RX: 1ac0b4f0897eae8e43cb84ac74af2c7527bad7000184ac74af2cf5
2023-03-22 18:25:09,353 - DEBUG - COM7: parsed_packet {event: ProvUnprovisionedReceived, data: {'uuid': 'b4f0897eae8e43cb84ac74af2c7527ba', 'rssi': -41, 'gatt_supported': 0, 'adv_addr_type': 1, 'adv_addr': '84ac74af2cf5'}}
2023-03-22 18:25:10,670 - DEBUG - COM7: RX: 1ac08d31bfd38af64c48b1d2ecb571690b0ad2000131d2ecb571e9
2023-03-22 18:25:10,670 - DEBUG - COM7: parsed_packet {event: ProvUnprovisionedReceived, data: {'uuid': '8d31bfd38af64c48b1d2ecb571690b0a', 'rssi': -46, 'gatt_supported': 0, 'adv_addr_type': 1, 'adv_addr': '31d2ecb571e9'}}
2023-03-22 18:25:11,359 - DEBUG - COM7: RX: 1ac0b4f0897eae8e43cb84ac74af2c7527badd000184ac74af2cf5
2023-03-22 18:25:11,359 - DEBUG - COM7: parsed_packet {event: ProvUnprovisionedReceived, data: {'uuid': 'b4f0897eae8e43cb84ac74af2c7527ba', 'rssi': -35, 'gatt_supported': 0, 'adv_addr_type': 1, 'adv_addr': '84ac74af2cf5'}}
2023-03-22 18:25:12,676 - DEBUG - COM7: RX: 1ac08d31bfd38af64c48b1d2ecb571690b0ad3000131d2ecb571e9
2023-03-22 18:25:12,676 - DEBUG - COM7: parsed_packet {event: ProvUnprovisionedReceived, data: {'uuid': '8d31bfd38af64c48b1d2ecb571690b0a', 'rssi': -45, 'gatt_supported': 0, 'adv_addr_type': 1, 'adv_addr': '31d2ecb571e9'}}
2023-03-22 18:25:13,356 - DEBUG - COM7: RX: 1ac0b4f0897eae8e43cb84ac74af2c7527badb000184ac74af2cf5
2023-03-22 18:25:13,356 - DEBUG - COM7: parsed_packet {event: ProvUnprovisionedReceived, data: {'uuid': 'b4f0897eae8e43cb84ac74af2c7527ba', 'rssi': -37, 'gatt_supported': 0, 'adv_addr_type': 1, 'adv_addr': '84ac74af2cf5'}}
2023-03-22 18:25:14,679 - DEBUG - COM7: RX: 1ac08d31bfd38af64c48b1d2ecb571690b0acb000131d2ecb571e9
2023-03-22 18:25:14,679 - DEBUG - COM7: parsed_packet {event: ProvUnprovisionedReceived, data: {'uuid': '8d31bfd38af64c48b1d2ecb571690b0a', 'rssi': -53, 'gatt_supported': 0, 'adv_addr_type': 1, 'adv_addr': '31d2ecb571e9'}}
2023-03-22 18:25:15,359 - DEBUG - COM7: RX: 1ac0b4f0897eae8e43cb84ac74af2c7527bad6000184ac74af2cf5
2023-03-22 18:25:15,359 - DEBUG - COM7: parsed_packet {event: ProvUnprovisionedReceived, data: {'uuid': 'b4f0897eae8e43cb84ac74af2c7527ba', 'rssi': -42, 'gatt_supported': 0, 'adv_addr_type': 1, 'adv_addr': '84ac74af2cf5'}}
2023-03-22 18:25:16,684 - DEBUG - COM7: RX: 1ac08d31bfd38af64c48b1d2ecb571690b0ad2000131d2ecb571e9
2023-03-22 18:25:16,686 - DEBUG - COM7: parsed_packet {event: ProvUnprovisionedReceived, data: {'uuid': '8d31bfd38af64c48b1d2ecb571690b0a', 'rssi': -46, 'gatt_supported': 0, 'adv_addr_type': 1, 'adv_addr': '31d2ecb571e9'}}
2023-03-22 18:25:17,369 - DEBUG - COM7: RX: 1ac0b4f0897eae8e43cb84ac74af2c7527bae1000184ac74af2cf5
2023-03-22 18:25:17,369 - DEBUG - COM7: parsed_packet {event: ProvUnprovisionedReceived, data: {'uuid': 'b4f0897eae8e43cb84ac74af2c7527ba', 'rssi': -31, 'gatt_supported': 0, 'adv_addr_type': 1, 'adv_addr': '84ac74af2cf5'}}
2023-03-22 18:25:18,680 - DEBUG - COM7: RX: 1ac08d31bfd38af64c48b1d2ecb571690b0acf000131d2ecb571e9
2023-03-22 18:25:18,680 - DEBUG - COM7: parsed_packet {event: ProvUnprovisionedReceived, data: {'uuid': '8d31bfd38af64c48b1d2ecb571690b0a', 'rssi': -49, 'gatt_supported': 0, 'adv_addr_type': 1, 'adv_addr': '31d2ecb571e9'}}
2023-03-22 18:25:19,369 - DEBUG - COM7: RX: 1ac0b4f0897eae8e43cb84ac74af2c7527badb000184ac74af2cf5
2023-03-22 18:25:19,372 - DEBUG - COM7: parsed_packet {event: ProvUnprovisionedReceived, data: {'uuid': 'b4f0897eae8e43cb84ac74af2c7527ba', 'rssi': -37, 'gatt_supported': 0, 'adv_addr_type': 1, 'adv_addr': '84ac74af2cf5'}}
2023-03-22 18:25:20,680 - DEBUG - COM7: RX: 1ac08d31bfd38af64c48b1d2ecb571690b0aca000131d2ecb571e9
2023-03-22 18:25:20,680 - DEBUG - COM7: parsed_packet {event: ProvUnprovisionedReceived, data: {'uuid': '8d31bfd38af64c48b1d2ecb571690b0a', 'rssi': -54, 'gatt_supported': 0, 'adv_addr_type': 1, 'adv_addr': '31d2ecb571e9'}}
2023-03-22 18:25:21,372 - DEBUG - COM7: RX: 1ac0b4f0897eae8e43cb84ac74af2c7527bad7000184ac74af2cf5
2023-03-22 18:25:21,372 - DEBUG - COM7: parsed_packet {event: ProvUnprovisionedReceived, data: {'uuid': 'b4f0897eae8e43cb84ac74af2c7527ba', 'rssi': -41, 'gatt_supported': 0, 'adv_addr_type': 1, 'adv_addr': '84ac74af2cf5'}}
2023-03-22 18:25:22,689 - DEBUG - COM7: RX: 1ac08d31bfd38af64c48b1d2ecb571690b0acd000131d2ecb571e9
2023-03-22 18:25:22,689 - DEBUG - COM7: parsed_packet {event: ProvUnprovisionedReceived, data: {'uuid': '8d31bfd38af64c48b1d2ecb571690b0a', 'rssi': -51, 'gatt_supported': 0, 'adv_addr_type': 1, 'adv_addr': '31d2ecb571e9'}}
2023-03-22 18:25:23,377 - DEBUG - COM7: RX: 1ac0b4f0897eae8e43cb84ac74af2c7527badd000184ac74af2cf5
2023-03-22 18:25:23,377 - DEBUG - COM7: parsed_packet {event: ProvUnprovisionedReceived, data: {'uuid': 'b4f0897eae8e43cb84ac74af2c7527ba', 'rssi': -35, 'gatt_supported': 0, 'adv_addr_type': 1, 'adv_addr': '84ac74af2cf5'}}
2023-03-22 18:25:24,695 - DEBUG - COM7: RX: 1ac08d31bfd38af64c48b1d2ecb571690b0acf000131d2ecb571e9
2023-03-22 18:25:24,695 - DEBUG - COM7: parsed_packet {event: ProvUnprovisionedReceived, data: {'uuid': '8d31bfd38af64c48b1d2ecb571690b0a', 'rssi': -49, 'gatt_supported': 0, 'adv_addr_type': 1, 'adv_addr': '31d2ecb571e9'}}
2023-03-22 18:25:25,383 - DEBUG - COM7: RX: 1ac0b4f0897eae8e43cb84ac74af2c7527badb000184ac74af2cf5
2023-03-22 18:25:25,383 - DEBUG - COM7: parsed_packet {event: ProvUnprovisionedReceived, data: {'uuid': 'b4f0897eae8e43cb84ac74af2c7527ba', 'rssi': -37, 'gatt_supported': 0, 'adv_addr_type': 1, 'adv_addr': '84ac74af2cf5'}}
2023-03-22 18:25:27,387 - DEBUG - COM7: RX: 1ac0b4f0897eae8e43cb84ac74af2c7527bad7000184ac74af2cf5
2023-03-22 18:25:27,387 - DEBUG - COM7: parsed_packet {event: ProvUnprovisionedReceived, data: {'uuid': 'b4f0897eae8e43cb84ac74af2c7527ba', 'rssi': -41, 'gatt_supported': 0, 'adv_addr_type': 1, 'adv_addr': '84ac74af2cf5'}}
2023-03-22 18:25:28,703 - DEBUG - COM7: RX: 1ac08d31bfd38af64c48b1d2ecb571690b0acf000131d2ecb571e9
2023-03-22 18:25:28,703 - DEBUG - COM7: parsed_packet {event: ProvUnprovisionedReceived, data: {'uuid': '8d31bfd38af64c48b1d2ecb571690b0a', 'rssi': -49, 'gatt_supported': 0, 'adv_addr_type': 1, 'adv_addr': '31d2ecb571e9'}}
2023-03-22 18:25:29,389 - DEBUG - COM7: RX: 1ac0b4f0897eae8e43cb84ac74af2c7527badd000184ac74af2cf5
2023-03-22 18:25:29,389 - DEBUG - COM7: parsed_packet {event: ProvUnprovisionedReceived, data: {'uuid': 'b4f0897eae8e43cb84ac74af2c7527ba', 'rssi': -35, 'gatt_supported': 0, 'adv_addr_type': 1, 'adv_addr': '84ac74af2cf5'}}
2023-03-22 18:25:30,703 - DEBUG - COM7: RX: 1ac08d31bfd38af64c48b1d2ecb571690b0ad2000131d2ecb571e9
2023-03-22 18:25:30,703 - DEBUG - COM7: parsed_packet {event: ProvUnprovisionedReceived, data: {'uuid': '8d31bfd38af64c48b1d2ecb571690b0a', 'rssi': -46, 'gatt_supported': 0, 'adv_addr_type': 1, 'adv_addr': '31d2ecb571e9'}}
2023-03-22 18:25:31,388 - DEBUG - COM7: RX: 1ac0b4f0897eae8e43cb84ac74af2c7527bad9000184ac74af2cf5
2023-03-22 18:25:31,388 - DEBUG - COM7: parsed_packet {event: ProvUnprovisionedReceived, data: {'uuid': 'b4f0897eae8e43cb84ac74af2c7527ba', 'rssi': -39, 'gatt_supported': 0, 'adv_addr_type': 1, 'adv_addr': '84ac74af2cf5'}}
2023-03-22 18:25:32,576 - DEBUG - COM7: TX: 0162
2023-03-22 18:25:32,585 - DEBUG - COM7: RX: 03846200
2023-03-22 18:25:32,586 - DEBUG - COM7: parsed_packet {event: CmdRsp, data: {'opcode': 98, 'status': 0, 'data': ''}}
2023-03-22 18:25:32,586 - INFO - COM7: Success
2023-03-22 18:26:27,494 - DEBUG - COM7: TX: 2d6300b4f0897eae8e43cb84ac74af2c7527ba18eed9c2a56add85049ffc3c59ad0e120000000000001100000000
2023-03-22 18:26:27,501 - DEBUG - COM7: RX: 0484630000
2023-03-22 18:26:27,502 - DEBUG - COM7: parsed_packet {event: CmdRsp, data: {'opcode': 99, 'status': 0, 'data': ' '}}
2023-03-22 18:26:27,502 - INFO - COM7: Provision: {'context': 0}
2023-03-22 18:26:27,579 - DEBUG - COM7: RX: 02c100
2023-03-22 18:26:27,579 - DEBUG - COM7: parsed_packet {event: ProvLinkEstablished, data: {'context_id': 0}}
2023-03-22 18:26:27,579 - INFO - COM7: Link established
2023-03-22 18:26:27,635 - DEBUG - COM7: RX: 0bc300010001000000000000
2023-03-22 18:26:27,635 - DEBUG - COM7: parsed_packet {event: ProvCapsReceived, data: {'context_id': 0, 'num_elements': 1, 'public_key_type': 0, 'static_oob_types': 1, 'output_oob_size': 0, 'output_oob_actions': 0, 'input_oob_size': 0, 'input_oob_actions': 0}}
2023-03-22 18:26:27,635 - INFO - COM7: Received capabilities
2023-03-22 18:26:27,635 - INFO - COM7: Number of elements: 1
2023-03-22 18:26:27,635 - DEBUG - COM7: TX: 056600000000
2023-03-22 18:26:27,635 - DEBUG - COM7: RX: 0484660000
2023-03-22 18:26:27,635 - DEBUG - COM7: parsed_packet {event: CmdRsp, data: {'opcode': 102, 'status': 0, 'data': ' '}}
2023-03-22 18:26:27,635 - INFO - COM7: OobUse: {'context': 0}
2023-03-22 18:26:29,910 - DEBUG - COM7: RX: 62c70099b971270af691443d414b7bc449e985588f5d5d87c105717ce4ca08b47a9040b206af8ce3c5f09b7110482a8940d1e3c0e298c59cd2238a514c446414adfc69c91fd64a0b965b3f0c81a1bb233fc80cce7d246dc27dcac5db37cd3754fdbebe
2023-03-22 18:26:29,910 - DEBUG - COM7: parsed_packet {event: ProvEcdhRequest, data: {'context_id': 0, 'peer_public': '99b971270af691443d414b7bc449e985588f5d5d87c105717ce4ca08b47a9040b206af8ce3c5f09b7110482a8940d1e3c0e298c59cd2238a514c446414adfc69', 'node_private': 'c91fd64a0b965b3f0c81a1bb233fc80cce7d246dc27dcac5db37cd3754fdbebe'}}
2023-03-22 18:26:29,910 - INFO - COM7: ECDH request received
2023-03-22 18:26:29,955 - DEBUG - COM7: TX: 226800899644e5d7908b0e42f489f58a107b0dd2703109902dee59b8769fe09584ab41
2023-03-22 18:26:29,963 - DEBUG - COM7: RX: 0484680000
2023-03-22 18:26:29,964 - DEBUG - COM7: parsed_packet {event: CmdRsp, data: {'opcode': 104, 'status': 0, 'data': ' '}}
2023-03-22 18:26:29,964 - INFO - COM7: EcdhSecret: {'context': 0}
2023-03-22 18:26:36,351 - DEBUG - COM7: RX: 2cc50000000000000011000000cb05f1ac8842bff60a72f73dd84a749818eed9c2a56add85049ffc3c59ad0e12
2023-03-22 18:26:36,351 - DEBUG - COM7: parsed_packet {event: ProvComplete, data: {'context_id': 0, 'iv_index': 0, 'net_key_index': 0, 'address': 17, 'iv_update_flag': 0, 'key_refresh_flag': 0, 'device_key': 'cb05f1ac8842bff60a72f73dd84a7498', 'net_key': '18eed9c2a56add85049ffc3c59ad0e12'}}
2023-03-22 18:26:36,351 - INFO - COM7: Provisioning complete
2023-03-22 18:26:36,351 - INFO - COM7: 	Address(es): 0x11-0x11
2023-03-22 18:26:36,351 - INFO - COM7: 	Device key: cb05f1ac8842bff60a72f73dd84a7498
2023-03-22 18:26:36,351 - INFO - COM7: 	Network key: 18eed9c2a56add85049ffc3c59ad0e12
2023-03-22 18:26:36,351 - INFO - COM7: Adding device key to subnet 0
2023-03-22 18:26:36,351 - DEBUG - COM7: TX: 159c11000000cb05f1ac8842bff60a72f73dd84a7498
2023-03-22 18:26:36,351 - INFO - COM7: Adding publication address of root element
2023-03-22 18:26:36,351 - DEBUG - COM7: TX: 03a41100
2023-03-22 18:26:36,361 - DEBUG - COM7: RX: 05849c000800
2023-03-22 18:26:36,361 - DEBUG - COM7: parsed_packet {event: CmdRsp, data: {'opcode': 156, 'status': 0, 'data': ' '}}
2023-03-22 18:26:36,361 - INFO - COM7: DevkeyAdd: {'devkey_handle': 8}
2023-03-22 18:26:36,361 - DEBUG - COM7: RX: 0584a4000000
2023-03-22 18:26:36,361 - DEBUG - COM7: parsed_packet {event: CmdRsp, data: {'opcode': 164, 'status': 0, 'data': '  '}}
2023-03-22 18:26:36,361 - INFO - COM7: AddrPublicationAdd: {'address_handle': 0}
2023-03-22 18:26:36,521 - DEBUG - COM7: RX: 03c20000
2023-03-22 18:26:36,521 - DEBUG - COM7: parsed_packet {event: ProvLinkClosed, data: {'context_id': 0, 'close_reason': 0}}
2023-03-22 18:26:36,521 - INFO - COM7: Provisioning link closed
2023-03-22 18:29:42,435 - DEBUG - COM7: TX: 2d63008d31bfd38af64c48b1d2ecb571690b0a18eed9c2a56add85049ffc3c59ad0e120000000000001200000000
2023-03-22 18:29:42,442 - DEBUG - COM7: RX: 0484630000
2023-03-22 18:29:42,442 - DEBUG - COM7: parsed_packet {event: CmdRsp, data: {'opcode': 99, 'status': 0, 'data': ' '}}
2023-03-22 18:29:42,442 - INFO - COM7: Provision: {'context': 0}
2023-03-22 18:29:42,500 - DEBUG - COM7: RX: 02c100
2023-03-22 18:29:42,500 - DEBUG - COM7: parsed_packet {event: ProvLinkEstablished, data: {'context_id': 0}}
2023-03-22 18:29:42,500 - INFO - COM7: Link established
2023-03-22 18:29:42,559 - DEBUG - COM7: RX: 0bc300010001000000000000
2023-03-22 18:29:42,567 - DEBUG - COM7: parsed_packet {event: ProvCapsReceived, data: {'context_id': 0, 'num_elements': 1, 'public_key_type': 0, 'static_oob_types': 1, 'output_oob_size': 0, 'output_oob_actions': 0, 'input_oob_size': 0, 'input_oob_actions': 0}}
2023-03-22 18:29:42,567 - INFO - COM7: Received capabilities
2023-03-22 18:29:42,567 - INFO - COM7: Number of elements: 1
2023-03-22 18:29:42,567 - DEBUG - COM7: TX: 056600000000
2023-03-22 18:29:42,569 - DEBUG - COM7: RX: 0484660000
2023-03-22 18:29:42,569 - DEBUG - COM7: parsed_packet {event: CmdRsp, data: {'opcode': 102, 'status': 0, 'data': ' '}}
2023-03-22 18:29:42,569 - INFO - COM7: OobUse: {'context': 0}
2023-03-22 18:29:42,827 - DEBUG - COM7: RX: 62c700b6034b51a845adcae9e37092524a728b69e117eddc05fa9b9c6e5f1ca9acbe06291129e5de404b3e6bc64379deb21375b1c3a941b1280c12b42a2c2141bb39e8c91fd64a0b965b3f0c81a1bb233fc80cce7d246dc27dcac5db37cd3754fdbebe
2023-03-22 18:29:42,827 - DEBUG - COM7: parsed_packet {event: ProvEcdhRequest, data: {'context_id': 0, 'peer_public': 'b6034b51a845adcae9e37092524a728b69e117eddc05fa9b9c6e5f1ca9acbe06291129e5de404b3e6bc64379deb21375b1c3a941b1280c12b42a2c2141bb39e8', 'node_private': 'c91fd64a0b965b3f0c81a1bb233fc80cce7d246dc27dcac5db37cd3754fdbebe'}}
2023-03-22 18:29:42,827 - INFO - COM7: ECDH request received
2023-03-22 18:29:42,831 - DEBUG - COM7: TX: 2268004229a4937bab10e5c267e7bc2144e77710d30975a62ae3f5a6dd81ca575b5442
2023-03-22 18:29:42,839 - DEBUG - COM7: RX: 0484680000
2023-03-22 18:29:42,839 - DEBUG - COM7: parsed_packet {event: CmdRsp, data: {'opcode': 104, 'status': 0, 'data': ' '}}
2023-03-22 18:29:42,839 - INFO - COM7: EcdhSecret: {'context': 0}
2023-03-22 18:29:47,155 - DEBUG - COM7: RX: 2cc500000000000000120000009005b6f9658bf9408ecb29e971fff63718eed9c2a56add85049ffc3c59ad0e12
2023-03-22 18:29:47,155 - DEBUG - COM7: parsed_packet {event: ProvComplete, data: {'context_id': 0, 'iv_index': 0, 'net_key_index': 0, 'address': 18, 'iv_update_flag': 0, 'key_refresh_flag': 0, 'device_key': '9005b6f9658bf9408ecb29e971fff637', 'net_key': '18eed9c2a56add85049ffc3c59ad0e12'}}
2023-03-22 18:29:47,163 - INFO - COM7: Provisioning complete
2023-03-22 18:29:47,164 - INFO - COM7: 	Address(es): 0x12-0x12
2023-03-22 18:29:47,164 - INFO - COM7: 	Device key: 9005b6f9658bf9408ecb29e971fff637
2023-03-22 18:29:47,164 - INFO - COM7: 	Network key: 18eed9c2a56add85049ffc3c59ad0e12
2023-03-22 18:29:47,164 - INFO - COM7: Adding device key to subnet 0
2023-03-22 18:29:47,164 - DEBUG - COM7: TX: 159c120000009005b6f9658bf9408ecb29e971fff637
2023-03-22 18:29:47,164 - INFO - COM7: Adding publication address of root element
2023-03-22 18:29:47,164 - DEBUG - COM7: TX: 03a41200
2023-03-22 18:29:47,166 - DEBUG - COM7: RX: 05849c000900
2023-03-22 18:29:47,166 - DEBUG - COM7: parsed_packet {event: CmdRsp, data: {'opcode': 156, 'status': 0, 'data': '	 '}}
2023-03-22 18:29:47,166 - INFO - COM7: DevkeyAdd: {'devkey_handle': 9}
2023-03-22 18:29:47,171 - DEBUG - COM7: RX: 0584a4000100
2023-03-22 18:29:47,171 - DEBUG - COM7: parsed_packet {event: CmdRsp, data: {'opcode': 164, 'status': 0, 'data': ' '}}
2023-03-22 18:29:47,171 - INFO - COM7: AddrPublicationAdd: {'address_handle': 1}
2023-03-22 18:29:47,336 - DEBUG - COM7: RX: 03c20000
2023-03-22 18:29:47,336 - DEBUG - COM7: parsed_packet {event: ProvLinkClosed, data: {'context_id': 0, 'close_reason': 0}}
2023-03-22 18:29:47,336 - INFO - COM7: Provisioning link closed
2023-03-22 18:35:12,460 - DEBUG - COM7: RX: 08d900000000001e00
2023-03-22 18:35:12,460 - DEBUG - COM7: parsed_packet {event: MeshIvEntrySetNotification, data: {'iv_index': 0, 'iv_update_in_progress': 0, 'iv_update_timeout_counter': 30}}
2023-03-22 18:35:12,460 - INFO - COM7: {event: MeshIvEntrySetNotification, data: {'iv_index': 0, 'iv_update_in_progress': 0, 'iv_update_timeout_counter': 30}}
