2023-03-22 17:17:55,487 - DEBUG - COM7: TX: 616994bd2e98e904a3d6daa8b382e782fb010d9e1e05197d246c2212b91e1ecfd2b4045e8d6597087859586688e1af91873f20dcbc26b48f321fd5e2699c0598067da13bd695fcfeb9aa217571990572665adc1ba0a951bd2815245ee7093da1f7d0
2023-03-22 17:17:55,504 - DEBUG - COM7: RX: 03846900
2023-03-22 17:17:55,504 - DEBUG - COM7: parsed_packet {event: CmdRsp, data: {'opcode': 105, 'status': 0, 'data': ''}}
2023-03-22 17:17:55,504 - DEBUG - COM7: TX: 059f01000100
2023-03-22 17:17:55,504 - INFO - COM7: Success
2023-03-22 17:17:55,508 - DEBUG - COM7: RX: 03849f8e
2023-03-22 17:17:55,508 - DEBUG - COM7: parsed_packet {event: CmdRsp, data: {'opcode': 159, 'status': 142, 'data': ''}}
2023-03-22 17:17:55,511 - DEBUG - COM7: TX: 1392000018eed9c2a56add85049ffc3c59ad0e12
2023-03-22 17:17:55,511 - ERROR - COM7: None: ERROR_REJECTED
2023-03-22 17:17:55,511 - DEBUG - COM7: RX: 03849281
2023-03-22 17:17:55,511 - DEBUG - COM7: parsed_packet {event: CmdRsp, data: {'opcode': 146, 'status': 129, 'data': ''}}
2023-03-22 17:17:55,511 - DEBUG - COM7: TX: 1597000000004f68ad85d9f48ac8589df665b6b49b8a
2023-03-22 17:17:55,511 - ERROR - COM7: SubnetAdd: ERROR_INTERNAL
2023-03-22 17:17:55,519 - DEBUG - COM7: RX: 03849781
2023-03-22 17:17:55,519 - DEBUG - COM7: parsed_packet {event: CmdRsp, data: {'opcode': 151, 'status': 129, 'data': ''}}
2023-03-22 17:17:55,521 - DEBUG - COM7: TX: 1597010000002aa2a6ded5a0798ceab5787ca3ae39fc
2023-03-22 17:17:55,521 - ERROR - COM7: AppkeyAdd: ERROR_INTERNAL
2023-03-22 17:17:55,524 - DEBUG - COM7: RX: 03849781
2023-03-22 17:17:55,524 - DEBUG - COM7: parsed_packet {event: CmdRsp, data: {'opcode': 151, 'status': 129, 'data': ''}}
2023-03-22 17:17:55,524 - ERROR - COM7: AppkeyAdd: ERROR_INTERNAL
2023-03-22 17:18:03,756 - DEBUG - COM7: exited read event
