2023-03-22 17:46:04,794 - DEBUG - COM7: TX: 6169737fca810d0916addf8f68f14f2e599df7f0952ddac10f9e6fd37e38d577182a399e8d9efa29201b43f8c04420e77bf398eecab1531c90528c9671ddac535a004aece579b050d8bb956827e394ba5b424fef00579e23ca7358fda2d06d63b024
2023-03-22 17:46:04,808 - DEBUG - COM7: RX: 03846900
2023-03-22 17:46:04,808 - DEBUG - COM7: parsed_packet {event: CmdRsp, data: {'opcode': 105, 'status': 0, 'data': ''}}
2023-03-22 17:46:04,808 - DEBUG - COM7: TX: 059f01000100
2023-03-22 17:46:04,808 - INFO - COM7: Success
2023-03-22 17:46:04,808 - DEBUG - COM7: RX: 03849f8e
2023-03-22 17:46:04,808 - DEBUG - COM7: parsed_packet {event: CmdRsp, data: {'opcode': 159, 'status': 142, 'data': ''}}
2023-03-22 17:46:04,808 - DEBUG - COM7: TX: 1392000018eed9c2a56add85049ffc3c59ad0e12
2023-03-22 17:46:04,808 - ERROR - COM7: None: ERROR_REJECTED
2023-03-22 17:46:04,808 - DEBUG - COM7: RX: 03849281
2023-03-22 17:46:04,808 - DEBUG - COM7: parsed_packet {event: CmdRsp, data: {'opcode': 146, 'status': 129, 'data': ''}}
2023-03-22 17:46:04,808 - DEBUG - COM7: TX: 1597000000004f68ad85d9f48ac8589df665b6b49b8a
2023-03-22 17:46:04,808 - ERROR - COM7: SubnetAdd: ERROR_INTERNAL
2023-03-22 17:46:04,819 - DEBUG - COM7: RX: 03849781
2023-03-22 17:46:04,819 - DEBUG - COM7: parsed_packet {event: CmdRsp, data: {'opcode': 151, 'status': 129, 'data': ''}}
2023-03-22 17:46:04,819 - DEBUG - COM7: TX: 1597010000002aa2a6ded5a0798ceab5787ca3ae39fc
2023-03-22 17:46:04,819 - ERROR - COM7: AppkeyAdd: ERROR_INTERNAL
2023-03-22 17:46:04,823 - DEBUG - COM7: RX: 03849781
2023-03-22 17:46:04,823 - DEBUG - COM7: parsed_packet {event: CmdRsp, data: {'opcode': 151, 'status': 129, 'data': ''}}
2023-03-22 17:46:04,823 - ERROR - COM7: AppkeyAdd: ERROR_INTERNAL
2023-03-22 17:47:39,929 - DEBUG - COM7: exited read event
