2023-03-25 00:16:27,616 - DEBUG - COM7: TX: 616913c6dcc66afec0ef5305e0508e454bb28b300ffaa9821687dbb657a84d2af11b00ced603ab9d807dcd5fa8e1c458a76ccfe05a88466f262502019c2b14efa0c0997c00cc51bb87df0c792f677f28a284c25e98fb4c3cb4a8a29e73f3aab7e70b
2023-03-25 00:16:29,626 - INFO - COM7: cmd KeypairSet, timeout waiting for event
2023-03-25 00:16:29,626 - DEBUG - COM7: TX: 059f01000100
2023-03-25 00:16:31,640 - INFO - COM7: cmd AddrLocalUnicastSet, timeout waiting for event
2023-03-25 00:16:31,640 - DEBUG - COM7: TX: 1392000018eed9c2a56add85049ffc3c59ad0e12
2023-03-25 00:16:33,655 - INFO - COM7: cmd SubnetAdd, timeout waiting for event
2023-03-25 00:16:33,655 - DEBUG - COM7: TX: 1597000000004f68ad85d9f48ac8589df665b6b49b8a
2023-03-25 00:16:35,698 - INFO - COM7: cmd AppkeyAdd, timeout waiting for event
2023-03-25 00:16:35,698 - DEBUG - COM7: TX: 1597010000002aa2a6ded5a0798ceab5787ca3ae39fc
2023-03-25 00:16:37,712 - INFO - COM7: cmd AppkeyAdd, timeout waiting for event
2023-03-25 00:16:56,877 - DEBUG - COM7: TX: 61694a25099240f300af933cc9b663e164d923eaddefc06fbeaacbad1275c65250efb01da4ab3c6d801df9f5a120a6da6513a0d6436cf9f41a100a2743cc9b9503929cd429abfb858a672dfa2bce2cee008a599f75cf0a55b0c103d951288e481188
2023-03-25 00:16:56,885 - DEBUG - COM7: RX: 03846900
2023-03-25 00:16:56,885 - DEBUG - COM7: parsed_packet {event: CmdRsp, data: {'opcode': 105, 'status': 0, 'data': ''}}
2023-03-25 00:16:56,893 - DEBUG - COM7: TX: 059f01000100
2023-03-25 00:16:56,885 - INFO - COM7: Success
2023-03-25 00:16:56,895 - DEBUG - COM7: RX: 03849f8e
2023-03-25 00:16:56,895 - DEBUG - COM7: parsed_packet {event: CmdRsp, data: {'opcode': 159, 'status': 142, 'data': ''}}
2023-03-25 00:16:56,895 - DEBUG - COM7: TX: 1392000018eed9c2a56add85049ffc3c59ad0e12
2023-03-25 00:16:56,895 - ERROR - COM7: None: ERROR_REJECTED
2023-03-25 00:16:56,895 - DEBUG - COM7: RX: 03849281
2023-03-25 00:16:56,895 - DEBUG - COM7: parsed_packet {event: CmdRsp, data: {'opcode': 146, 'status': 129, 'data': ''}}
2023-03-25 00:16:56,895 - DEBUG - COM7: TX: 1597000000004f68ad85d9f48ac8589df665b6b49b8a
2023-03-25 00:16:56,895 - ERROR - COM7: SubnetAdd: ERROR_INTERNAL
2023-03-25 00:16:56,901 - DEBUG - COM7: RX: 03849781
2023-03-25 00:16:56,901 - DEBUG - COM7: parsed_packet {event: CmdRsp, data: {'opcode': 151, 'status': 129, 'data': ''}}
2023-03-25 00:16:56,901 - DEBUG - COM7: TX: 1597010000002aa2a6ded5a0798ceab5787ca3ae39fc
2023-03-25 00:16:56,901 - ERROR - COM7: AppkeyAdd: ERROR_INTERNAL
2023-03-25 00:16:56,901 - DEBUG - COM7: RX: 03849781
2023-03-25 00:16:56,901 - DEBUG - COM7: parsed_packet {event: CmdRsp, data: {'opcode': 151, 'status': 129, 'data': ''}}
2023-03-25 00:16:56,901 - ERROR - COM7: AppkeyAdd: ERROR_INTERNAL
