2023-03-22 17:00:05,011 - DEBUG - COM7: RX: 53d6000131d2ecb571e91ac0b4f0897eae8e43cb84ac74af2c7527bae4000184ac74af2cf51ac08d31bfd38af64c48b1d2ecb571690b0ad6000131d2ecb571e91ac0b4f0897eae8e43cb84ac74af2c7527bae300
2023-03-22 17:00:05,011 - ERROR - COM7: Unable to deserialize 53d6000131d2ecb571e91ac0b4f0897eae8e43cb84ac74af2c7527bae4000184ac74af2cf51ac08d31bfd38af64c48b1d2ecb571690b0ad6000131d2ecb571e91ac0b4f0897eae8e43cb84ac74af2c7527bae300
2023-03-22 17:00:05,012 - DEBUG - COM7: RX: 0184
2023-03-22 17:00:05,012 - ERROR - COM7: Exception with packet 0184
2023-03-22 17:00:05,015 - ERROR - COM7: traceback: Traceback (most recent call last):
  File "S:\BLE_Mesh\sdK_suggested_from_git_Repo\nrf5sdkformeshv500src\scripts\interactive_pyaci\aci\aci_uart.py", line 172, in run
    parsed_packet = event_deserialize(pkt)
                    ^^^^^^^^^^^^^^^^^^^^^^
  File "S:\BLE_Mesh\sdK_suggested_from_git_Repo\nrf5sdkformeshv500src\scripts\interactive_pyaci\aci\aci_evt.py", line 856, in event_deserialize
    return EVENT_LUT[data[1]](data[2:])
           ^^^^^^^^^^^^^^^^^^^^^^^^^^^^
  File "S:\BLE_Mesh\sdK_suggested_from_git_Repo\nrf5sdkformeshv500src\scripts\interactive_pyaci\aci\aci_evt.py", line 48, in __init__
    __data["opcode"], = struct.unpack("<B", raw_data[0:1])
                        ^^^^^^^^^^^^^^^^^^^^^^^^^^^^^^^^^^
struct.error: unpack requires a buffer of 1 bytes

2023-03-22 17:00:05,029 - DEBUG - COM7: RX: ac74af2cf51ac08d31bfd38af64c48b1d2ecb571690b0ac9000131d2ecb571e91ac0b4f0897eae8e43cb84ac74af2c7527bae0000184ac74af2cf51ac08d31bfd38af64c48b1d2ecb571690b0ad6000131d2ecb571e91ac0b4f0897eae8e43cb84ac74af2c7527bae4000184ac74af2cf51ac08d31bfd38af64c48b1d2ecb571690b0ad6000131d2ecb571e91ac0b4f0897eae8e43cb84ac74af2c7527bae3000184ac74af2cf51ac0b4f0897e
2023-03-22 17:00:05,030 - ERROR - COM7: Unable to deserialize ac74af2cf51ac08d31bfd38af64c48b1d2ecb571690b0ac9000131d2ecb571e91ac0b4f0897eae8e43cb84ac74af2c7527bae0000184ac74af2cf51ac08d31bfd38af64c48b1d2ecb571690b0ad6000131d2ecb571e91ac0b4f0897eae8e43cb84ac74af2c7527bae4000184ac74af2cf51ac08d31bfd38af64c48b1d2ecb571690b0ad6000131d2ecb571e91ac0b4f0897eae8e43cb84ac74af2c7527bae3000184ac74af2cf51ac0b4f0897e
2023-03-22 17:00:05,043 - DEBUG - COM7: TX: 6169eb8e4ccaff07150a55d08ee212f0b26a77829f5ecdbf4e9a9313e4dc62cc8ce6528349a483f14de8caebf164737aa2fe094140831205d723d57384860b99147e8aae402440bd1443b7635e5e13fffb09f94cce565a4d446a86a34482074c0146
2023-03-22 17:00:06,601 - DEBUG - COM7: RX: ae8e43cb84ac74af2c7527bae0000184ac74af2cf51ac0b4f0897eae8e43cb84ac74af2c7527bae4000184ac74af2cf51ac08d31bfd38af64c48b1d2ecb571690b0ad5000131d2ecb571e91ac0b4f0897eae8e43cb84ac74af2c7527bae3000184ac74af2cf51ac08d31bfd38af64c48b1d2ecb571690b0ac9000131d2ecb571e9038469001ac08d31bfd38af64c48b1d2ecb571690b0ad6000131d2ecb571e91ac0b4f0897eae8e43cb84ac74af2c
2023-03-22 17:00:06,601 - ERROR - COM7: Unable to deserialize ae8e43cb84ac74af2c7527bae0000184ac74af2cf51ac0b4f0897eae8e43cb84ac74af2c7527bae4000184ac74af2cf51ac08d31bfd38af64c48b1d2ecb571690b0ad5000131d2ecb571e91ac0b4f0897eae8e43cb84ac74af2c7527bae3000184ac74af2cf51ac08d31bfd38af64c48b1d2ecb571690b0ac9000131d2ecb571e9038469001ac08d31bfd38af64c48b1d2ecb571690b0ad6000131d2ecb571e91ac0b4f0897eae8e43cb84ac74af2c
2023-03-22 17:00:11,824 - DEBUG - COM7: RX: 7527bae3000184ac74af2cf51ac08d31bfd38af64c48b1d2ecb571690b0ad6000131d2ecb571e91ac08d31bfd38af64c48b1d2ecb571690b0ac9000131d2ecb571e91ac0b4f0897eae8e43cb84ac74af2c7527bae4000184ac74af2cf51ac08d31bfd38af64c48b1d2ecb571690b0ad6000131d2ecb5
2023-03-22 17:00:11,824 - ERROR - COM7: Unable to deserialize 7527bae3000184ac74af2cf51ac08d31bfd38af64c48b1d2ecb571690b0ad6000131d2ecb571e91ac08d31bfd38af64c48b1d2ecb571690b0ac9000131d2ecb571e91ac0b4f0897eae8e43cb84ac74af2c7527bae4000184ac74af2cf51ac08d31bfd38af64c48b1d2ecb571690b0ad6000131d2ecb5
2023-03-22 17:00:16,634 - DEBUG - COM7: RX: 71e91ac0b4f0897eae8e43cb84ac74af2c7527bae3000184ac74af2cf51ac08d31bfd38af64c48b1d2ecb571690b0ad6000131d2ecb571e91ac0b4f0897eae8e43cb84ac74af2c7527bae0000184ac74af2cf51ac08d31bfd38af64c48b1d2ecb571690b0ac9000131d2ecb571e91ac0b4f0
2023-03-22 17:00:16,634 - ERROR - COM7: Unable to deserialize 71e91ac0b4f0897eae8e43cb84ac74af2c7527bae3000184ac74af2cf51ac08d31bfd38af64c48b1d2ecb571690b0ad6000131d2ecb571e91ac0b4f0897eae8e43cb84ac74af2c7527bae0000184ac74af2cf51ac08d31bfd38af64c48b1d2ecb571690b0ac9000131d2ecb571e91ac0b4f0
2023-03-22 17:00:21,850 - DEBUG - COM7: RX: 897eae8e43cb84ac74af2c7527bae4000184ac74af2cf51ac08d31bfd38af64c48b1d2ecb571690b0ad5000131d2ecb571e91ac0b4f0897eae8e43cb84ac74af2c7527bae3000184ac74af2cf51ac08d31bfd38af64c48b1d2ecb571690b0ad6000131d2ecb571e91ac0b4f0897eae8e43cb84ac74af2c7527bae0000184ac74af2cf51ac08d31bfd38a
2023-03-22 17:00:21,850 - ERROR - COM7: Unable to deserialize 897eae8e43cb84ac74af2c7527bae4000184ac74af2cf51ac08d31bfd38af64c48b1d2ecb571690b0ad5000131d2ecb571e91ac0b4f0897eae8e43cb84ac74af2c7527bae3000184ac74af2cf51ac08d31bfd38af64c48b1d2ecb571690b0ad6000131d2ecb571e91ac0b4f0897eae8e43cb84ac74af2c7527bae0000184ac74af2cf51ac08d31bfd38a
2023-03-22 17:00:24,125 - DEBUG - COM7: exited read event
